Episode 100/100000 | Avg Score: 1498.88 | Success Rate: 0.00
Episode 200/100000 | Avg Score: 2237.08 | Success Rate: 0.00
Episode 300/100000 | Avg Score: 2460.16 | Success Rate: 0.00
Episode 400/100000 | Avg Score: 2780.56 | Success Rate: 0.00
Episode 500/100000 | Avg Score: 2982.32 | Success Rate: 0.00
Episode 600/100000 | Avg Score: 3610.20 | Success Rate: 0.00
Episode 700/100000 | Avg Score: 3840.48 | Success Rate: 0.00
Episode 800/100000 | Avg Score: 4480.40 | Success Rate: 0.00
Episode 900/100000 | Avg Score: 4809.04 | Success Rate: 0.00
Episode 1000/100000 | Avg Score: 5277.08 | Success Rate: 0.00
Episode 1100/100000 | Avg Score: 5494.72 | Success Rate: 0.00
Episode 1200/100000 | Avg Score: 5975.44 | Success Rate: 0.00
Episode 1300/100000 | Avg Score: 6189.68 | Success Rate: 0.00
Episode 1400/100000 | Avg Score: 7257.52 | Success Rate: 0.01
Episode 1500/100000 | Avg Score: 6743.72 | Success Rate: 0.01
Episode 1600/100000 | Avg Score: 7489.76 | Success Rate: 0.00
Episode 1700/100000 | Avg Score: 7376.48 | Success Rate: 0.00
Episode 1800/100000 | Avg Score: 7368.96 | Success Rate: 0.00
Episode 1900/100000 | Avg Score: 7689.84 | Success Rate: 0.00
Episode 2000/100000 | Avg Score: 8524.32 | Success Rate: 0.00
Episode 2100/100000 | Avg Score: 8017.76 | Success Rate: 0.01
Episode 2200/100000 | Avg Score: 7915.00 | Success Rate: 0.00
Episode 2300/100000 | Avg Score: 8223.12 | Success Rate: 0.00
Episode 2400/100000 | Avg Score: 8266.76 | Success Rate: 0.00
Episode 2500/100000 | Avg Score: 8126.84 | Success Rate: 0.00
Episode 2600/100000 | Avg Score: 7861.64 | Success Rate: 0.00
Episode 2700/100000 | Avg Score: 8655.16 | Success Rate: 0.00
Episode 2800/100000 | Avg Score: 9071.80 | Success Rate: 0.00
Episode 2900/100000 | Avg Score: 8644.80 | Success Rate: 0.00
Episode 3000/100000 | Avg Score: 9174.44 | Success Rate: 0.01
Episode 3100/100000 | Avg Score: 8930.40 | Success Rate: 0.00
Episode 3200/100000 | Avg Score: 8952.36 | Success Rate: 0.01
Episode 3300/100000 | Avg Score: 9472.44 | Success Rate: 0.00
Episode 3400/100000 | Avg Score: 8808.32 | Success Rate: 0.01
Episode 3500/100000 | Avg Score: 9338.16 | Success Rate: 0.01
Episode 3600/100000 | Avg Score: 8742.44 | Success Rate: 0.00
Episode 3700/100000 | Avg Score: 9660.52 | Success Rate: 0.00
Episode 3800/100000 | Avg Score: 9781.80 | Success Rate: 0.01
Episode 3900/100000 | Avg Score: 9430.12 | Success Rate: 0.01
Episode 4000/100000 | Avg Score: 9508.84 | Success Rate: 0.01
Episode 4100/100000 | Avg Score: 9247.64 | Success Rate: 0.02
Episode 4200/100000 | Avg Score: 9708.40 | Success Rate: 0.03
Episode 4300/100000 | Avg Score: 10382.12 | Success Rate: 0.02
Episode 4400/100000 | Avg Score: 10267.48 | Success Rate: 0.01
Episode 4500/100000 | Avg Score: 9885.52 | Success Rate: 0.01
Episode 4600/100000 | Avg Score: 9058.40 | Success Rate: 0.00
Episode 4700/100000 | Avg Score: 9578.00 | Success Rate: 0.00
Episode 4800/100000 | Avg Score: 9860.88 | Success Rate: 0.02
Episode 4900/100000 | Avg Score: 9943.28 | Success Rate: 0.01
Episode 5000/100000 | Avg Score: 10492.52 | Success Rate: 0.03
Episode 5100/100000 | Avg Score: 10543.52 | Success Rate: 0.04
Episode 5200/100000 | Avg Score: 10920.36 | Success Rate: 0.04
Episode 5300/100000 | Avg Score: 10666.80 | Success Rate: 0.02
Episode 5400/100000 | Avg Score: 10982.52 | Success Rate: 0.02
Episode 5500/100000 | Avg Score: 10588.72 | Success Rate: 0.00
Episode 5600/100000 | Avg Score: 10725.12 | Success Rate: 0.02
Episode 5700/100000 | Avg Score: 10056.60 | Success Rate: 0.00
Episode 5800/100000 | Avg Score: 10675.00 | Success Rate: 0.03
Episode 5900/100000 | Avg Score: 10828.80 | Success Rate: 0.03
Episode 6000/100000 | Avg Score: 10628.12 | Success Rate: 0.03
Episode 6100/100000 | Avg Score: 11051.56 | Success Rate: 0.01
Episode 6200/100000 | Avg Score: 10823.84 | Success Rate: 0.02
Episode 6300/100000 | Avg Score: 10724.08 | Success Rate: 0.01
Episode 6400/100000 | Avg Score: 10361.12 | Success Rate: 0.02
Episode 6500/100000 | Avg Score: 11015.48 | Success Rate: 0.04
Episode 6600/100000 | Avg Score: 11192.36 | Success Rate: 0.04
Episode 6700/100000 | Avg Score: 10751.68 | Success Rate: 0.02
Episode 6800/100000 | Avg Score: 12027.96 | Success Rate: 0.07
Episode 6900/100000 | Avg Score: 11577.28 | Success Rate: 0.05
Episode 7000/100000 | Avg Score: 11214.24 | Success Rate: 0.04
Episode 7100/100000 | Avg Score: 11000.92 | Success Rate: 0.02
Episode 7200/100000 | Avg Score: 10569.48 | Success Rate: 0.01
Episode 7300/100000 | Avg Score: 11476.44 | Success Rate: 0.05
Episode 7400/100000 | Avg Score: 11958.12 | Success Rate: 0.04
Episode 7500/100000 | Avg Score: 10570.84 | Success Rate: 0.02
Episode 7600/100000 | Avg Score: 10420.20 | Success Rate: 0.03
Episode 7700/100000 | Avg Score: 11634.00 | Success Rate: 0.03
Episode 7800/100000 | Avg Score: 11849.84 | Success Rate: 0.04
Episode 7900/100000 | Avg Score: 11246.00 | Success Rate: 0.03
Episode 8000/100000 | Avg Score: 12342.28 | Success Rate: 0.06
Episode 8100/100000 | Avg Score: 10541.24 | Success Rate: 0.02
Episode 8200/100000 | Avg Score: 11553.36 | Success Rate: 0.07
Episode 8300/100000 | Avg Score: 11624.72 | Success Rate: 0.02
Episode 8400/100000 | Avg Score: 11965.96 | Success Rate: 0.04
Episode 8500/100000 | Avg Score: 12393.04 | Success Rate: 0.08
Episode 8600/100000 | Avg Score: 11582.24 | Success Rate: 0.02
Episode 8700/100000 | Avg Score: 12066.32 | Success Rate: 0.03
Episode 8800/100000 | Avg Score: 11231.28 | Success Rate: 0.04
Episode 8900/100000 | Avg Score: 11819.52 | Success Rate: 0.02
Episode 9000/100000 | Avg Score: 11634.36 | Success Rate: 0.02
Episode 9100/100000 | Avg Score: 11765.28 | Success Rate: 0.04
Episode 9200/100000 | Avg Score: 13326.52 | Success Rate: 0.06
Episode 9300/100000 | Avg Score: 11670.80 | Success Rate: 0.05
Episode 9400/100000 | Avg Score: 11816.68 | Success Rate: 0.08
Episode 9500/100000 | Avg Score: 11675.56 | Success Rate: 0.02
Episode 9600/100000 | Avg Score: 12143.60 | Success Rate: 0.09
Episode 9700/100000 | Avg Score: 12490.32 | Success Rate: 0.05
Episode 9800/100000 | Avg Score: 11623.60 | Success Rate: 0.07
Episode 9900/100000 | Avg Score: 11795.72 | Success Rate: 0.02
Episode 10000/100000 | Avg Score: 11972.08 | Success Rate: 0.03
Episode 10100/100000 | Avg Score: 12647.40 | Success Rate: 0.08
Episode 10200/100000 | Avg Score: 12451.16 | Success Rate: 0.03
Episode 10300/100000 | Avg Score: 12042.96 | Success Rate: 0.04
Episode 10400/100000 | Avg Score: 12015.44 | Success Rate: 0.06
Episode 10500/100000 | Avg Score: 12342.20 | Success Rate: 0.03
Episode 10600/100000 | Avg Score: 12008.20 | Success Rate: 0.07
Episode 10700/100000 | Avg Score: 11765.56 | Success Rate: 0.08
Episode 10800/100000 | Avg Score: 12655.84 | Success Rate: 0.07
Episode 10900/100000 | Avg Score: 12496.92 | Success Rate: 0.05
Episode 11000/100000 | Avg Score: 12008.84 | Success Rate: 0.04
Episode 11100/100000 | Avg Score: 11952.96 | Success Rate: 0.06
Episode 11200/100000 | Avg Score: 11776.68 | Success Rate: 0.02
Episode 11300/100000 | Avg Score: 12202.96 | Success Rate: 0.04
Episode 11400/100000 | Avg Score: 11954.12 | Success Rate: 0.02
Episode 11500/100000 | Avg Score: 11861.36 | Success Rate: 0.03
Episode 11600/100000 | Avg Score: 11557.76 | Success Rate: 0.02
Episode 11700/100000 | Avg Score: 12533.72 | Success Rate: 0.05
Episode 11800/100000 | Avg Score: 11749.68 | Success Rate: 0.07
Episode 11900/100000 | Avg Score: 12411.00 | Success Rate: 0.04
Episode 12000/100000 | Avg Score: 12693.12 | Success Rate: 0.07
Episode 12100/100000 | Avg Score: 12491.72 | Success Rate: 0.05
Episode 12200/100000 | Avg Score: 12597.32 | Success Rate: 0.05
Episode 12300/100000 | Avg Score: 12916.28 | Success Rate: 0.06
Episode 12400/100000 | Avg Score: 13731.48 | Success Rate: 0.06
Episode 12500/100000 | Avg Score: 12133.08 | Success Rate: 0.06
Episode 12600/100000 | Avg Score: 12582.64 | Success Rate: 0.05
Episode 12700/100000 | Avg Score: 12846.12 | Success Rate: 0.07
Episode 12800/100000 | Avg Score: 12799.96 | Success Rate: 0.09
Episode 12900/100000 | Avg Score: 11928.12 | Success Rate: 0.04
Episode 13000/100000 | Avg Score: 12400.00 | Success Rate: 0.04
Episode 13100/100000 | Avg Score: 14365.48 | Success Rate: 0.07
Episode 13200/100000 | Avg Score: 12713.32 | Success Rate: 0.06
Episode 13300/100000 | Avg Score: 12872.48 | Success Rate: 0.11
Episode 13400/100000 | Avg Score: 12287.08 | Success Rate: 0.05
Episode 13500/100000 | Avg Score: 13334.20 | Success Rate: 0.07
Episode 13600/100000 | Avg Score: 12217.60 | Success Rate: 0.03
Episode 13700/100000 | Avg Score: 12895.00 | Success Rate: 0.07
Episode 13800/100000 | Avg Score: 12214.52 | Success Rate: 0.04
Episode 13900/100000 | Avg Score: 12920.08 | Success Rate: 0.09
Episode 14000/100000 | Avg Score: 12916.16 | Success Rate: 0.10
Episode 14100/100000 | Avg Score: 12963.24 | Success Rate: 0.09
Episode 14200/100000 | Avg Score: 14888.20 | Success Rate: 0.13
Episode 14300/100000 | Avg Score: 13311.40 | Success Rate: 0.07
Episode 14400/100000 | Avg Score: 12434.68 | Success Rate: 0.08
Episode 14500/100000 | Avg Score: 12825.48 | Success Rate: 0.06
Episode 14600/100000 | Avg Score: 13694.64 | Success Rate: 0.09
Episode 14700/100000 | Avg Score: 13692.12 | Success Rate: 0.07
Episode 14800/100000 | Avg Score: 12926.36 | Success Rate: 0.07
Episode 14900/100000 | Avg Score: 12746.96 | Success Rate: 0.09
Episode 15000/100000 | Avg Score: 12609.84 | Success Rate: 0.04
Episode 15100/100000 | Avg Score: 14292.68 | Success Rate: 0.14
Episode 15200/100000 | Avg Score: 13309.20 | Success Rate: 0.04
Episode 15300/100000 | Avg Score: 13925.36 | Success Rate: 0.08
Episode 15400/100000 | Avg Score: 13372.60 | Success Rate: 0.08
Episode 15500/100000 | Avg Score: 14579.68 | Success Rate: 0.10
Episode 15600/100000 | Avg Score: 13312.88 | Success Rate: 0.11
Episode 15700/100000 | Avg Score: 13023.36 | Success Rate: 0.08
Episode 15800/100000 | Avg Score: 13069.36 | Success Rate: 0.03
Episode 15900/100000 | Avg Score: 11843.52 | Success Rate: 0.08
Episode 16000/100000 | Avg Score: 13502.72 | Success Rate: 0.08
Episode 16100/100000 | Avg Score: 11949.76 | Success Rate: 0.08
Episode 16200/100000 | Avg Score: 14254.16 | Success Rate: 0.13
Episode 16300/100000 | Avg Score: 14094.32 | Success Rate: 0.11
Episode 16400/100000 | Avg Score: 13562.08 | Success Rate: 0.09
Episode 16500/100000 | Avg Score: 13358.28 | Success Rate: 0.06
Episode 16600/100000 | Avg Score: 13743.44 | Success Rate: 0.10
Episode 16700/100000 | Avg Score: 13289.92 | Success Rate: 0.10
Episode 16800/100000 | Avg Score: 12747.04 | Success Rate: 0.08
Episode 16900/100000 | Avg Score: 13661.48 | Success Rate: 0.06
Episode 17000/100000 | Avg Score: 12743.32 | Success Rate: 0.04
Episode 17100/100000 | Avg Score: 14097.56 | Success Rate: 0.08
Episode 17200/100000 | Avg Score: 12894.12 | Success Rate: 0.05
Episode 17300/100000 | Avg Score: 13904.04 | Success Rate: 0.09
Episode 17400/100000 | Avg Score: 12936.60 | Success Rate: 0.08
Episode 17500/100000 | Avg Score: 13307.60 | Success Rate: 0.06
Episode 17600/100000 | Avg Score: 13050.84 | Success Rate: 0.08
Episode 17700/100000 | Avg Score: 13421.56 | Success Rate: 0.06
Episode 17800/100000 | Avg Score: 13840.28 | Success Rate: 0.09
Episode 17900/100000 | Avg Score: 14166.12 | Success Rate: 0.09
Episode 18000/100000 | Avg Score: 13621.92 | Success Rate: 0.10
Episode 18100/100000 | Avg Score: 13691.04 | Success Rate: 0.08
Episode 18200/100000 | Avg Score: 16045.36 | Success Rate: 0.16
Episode 18300/100000 | Avg Score: 14172.04 | Success Rate: 0.09
Episode 18400/100000 | Avg Score: 14591.24 | Success Rate: 0.15
Episode 18500/100000 | Avg Score: 14634.56 | Success Rate: 0.13
Episode 18600/100000 | Avg Score: 15001.88 | Success Rate: 0.12
Episode 18700/100000 | Avg Score: 15032.04 | Success Rate: 0.10
Episode 18800/100000 | Avg Score: 15242.44 | Success Rate: 0.14
Episode 18900/100000 | Avg Score: 15433.64 | Success Rate: 0.13
Episode 19000/100000 | Avg Score: 15205.52 | Success Rate: 0.16
Episode 19100/100000 | Avg Score: 12704.28 | Success Rate: 0.08
Episode 19200/100000 | Avg Score: 15216.64 | Success Rate: 0.15
Episode 19300/100000 | Avg Score: 15297.48 | Success Rate: 0.15
Episode 19400/100000 | Avg Score: 14928.88 | Success Rate: 0.12
Episode 19500/100000 | Avg Score: 14239.76 | Success Rate: 0.12
Episode 19600/100000 | Avg Score: 15093.96 | Success Rate: 0.16
Episode 19700/100000 | Avg Score: 14305.72 | Success Rate: 0.14
Episode 19800/100000 | Avg Score: 15997.92 | Success Rate: 0.22
Episode 19900/100000 | Avg Score: 14566.12 | Success Rate: 0.14
Episode 20000/100000 | Avg Score: 13766.44 | Success Rate: 0.10
Episode 20100/100000 | Avg Score: 15172.84 | Success Rate: 0.14
Episode 20200/100000 | Avg Score: 14752.80 | Success Rate: 0.09
Episode 20300/100000 | Avg Score: 14078.52 | Success Rate: 0.10
Episode 20400/100000 | Avg Score: 14642.28 | Success Rate: 0.13
Episode 20500/100000 | Avg Score: 15636.80 | Success Rate: 0.20
Episode 20600/100000 | Avg Score: 15092.72 | Success Rate: 0.19
Episode 20700/100000 | Avg Score: 14996.60 | Success Rate: 0.16
Episode 20800/100000 | Avg Score: 14612.56 | Success Rate: 0.10
Episode 20900/100000 | Avg Score: 15680.76 | Success Rate: 0.16
Episode 21000/100000 | Avg Score: 15073.60 | Success Rate: 0.19
Episode 21100/100000 | Avg Score: 15974.52 | Success Rate: 0.19
Episode 21200/100000 | Avg Score: 16058.92 | Success Rate: 0.12
Episode 21300/100000 | Avg Score: 14624.56 | Success Rate: 0.12
Episode 21400/100000 | Avg Score: 16529.20 | Success Rate: 0.22
Episode 21500/100000 | Avg Score: 14185.56 | Success Rate: 0.12
Episode 21600/100000 | Avg Score: 15249.16 | Success Rate: 0.16
Episode 21700/100000 | Avg Score: 14715.36 | Success Rate: 0.14
Episode 21800/100000 | Avg Score: 14817.52 | Success Rate: 0.16
Episode 21900/100000 | Avg Score: 15780.80 | Success Rate: 0.19
Episode 22000/100000 | Avg Score: 14681.96 | Success Rate: 0.13
Episode 22100/100000 | Avg Score: 15656.12 | Success Rate: 0.18
Episode 22200/100000 | Avg Score: 14666.48 | Success Rate: 0.10
Episode 22300/100000 | Avg Score: 15923.20 | Success Rate: 0.21
Episode 22400/100000 | Avg Score: 14752.80 | Success Rate: 0.17
Episode 22500/100000 | Avg Score: 16328.20 | Success Rate: 0.21
Episode 22600/100000 | Avg Score: 15226.40 | Success Rate: 0.21
Episode 22700/100000 | Avg Score: 15018.00 | Success Rate: 0.14
Episode 22800/100000 | Avg Score: 13868.40 | Success Rate: 0.12
Episode 22900/100000 | Avg Score: 14857.08 | Success Rate: 0.15
Episode 23000/100000 | Avg Score: 15318.16 | Success Rate: 0.16
Episode 23100/100000 | Avg Score: 16250.08 | Success Rate: 0.22
Episode 23200/100000 | Avg Score: 14593.48 | Success Rate: 0.14
Episode 23300/100000 | Avg Score: 15598.12 | Success Rate: 0.16
Episode 23400/100000 | Avg Score: 15758.16 | Success Rate: 0.17
Episode 23500/100000 | Avg Score: 16590.48 | Success Rate: 0.24
Episode 23600/100000 | Avg Score: 15549.20 | Success Rate: 0.16
Episode 23700/100000 | Avg Score: 16592.04 | Success Rate: 0.24
Episode 23800/100000 | Avg Score: 15643.92 | Success Rate: 0.20
Episode 23900/100000 | Avg Score: 15026.44 | Success Rate: 0.21
Episode 24000/100000 | Avg Score: 14861.44 | Success Rate: 0.15
Episode 24100/100000 | Avg Score: 14662.00 | Success Rate: 0.14
Episode 24200/100000 | Avg Score: 15172.88 | Success Rate: 0.15
Episode 24300/100000 | Avg Score: 15744.16 | Success Rate: 0.22
Episode 24400/100000 | Avg Score: 15733.96 | Success Rate: 0.22
Episode 24500/100000 | Avg Score: 15185.96 | Success Rate: 0.21
Episode 24600/100000 | Avg Score: 14856.32 | Success Rate: 0.18
Episode 24700/100000 | Avg Score: 15581.64 | Success Rate: 0.15
Episode 24800/100000 | Avg Score: 15790.00 | Success Rate: 0.18
Episode 24900/100000 | Avg Score: 15131.36 | Success Rate: 0.16
Episode 25000/100000 | Avg Score: 15789.36 | Success Rate: 0.20
Episode 25100/100000 | Avg Score: 16800.56 | Success Rate: 0.26
Episode 25200/100000 | Avg Score: 14676.36 | Success Rate: 0.14
Episode 25300/100000 | Avg Score: 14869.88 | Success Rate: 0.17
Episode 25400/100000 | Avg Score: 17203.00 | Success Rate: 0.27
Episode 25500/100000 | Avg Score: 15428.00 | Success Rate: 0.18
Episode 25600/100000 | Avg Score: 16714.68 | Success Rate: 0.23
Episode 25700/100000 | Avg Score: 15463.68 | Success Rate: 0.17
Episode 25800/100000 | Avg Score: 15750.40 | Success Rate: 0.16
Episode 25900/100000 | Avg Score: 15359.48 | Success Rate: 0.19
Episode 26000/100000 | Avg Score: 16027.80 | Success Rate: 0.18
Episode 26100/100000 | Avg Score: 16204.32 | Success Rate: 0.25
Episode 26200/100000 | Avg Score: 15427.68 | Success Rate: 0.18
Episode 26300/100000 | Avg Score: 16379.48 | Success Rate: 0.27
Episode 26400/100000 | Avg Score: 16143.32 | Success Rate: 0.16
Episode 26500/100000 | Avg Score: 17142.72 | Success Rate: 0.25
Episode 26600/100000 | Avg Score: 17458.36 | Success Rate: 0.27
Episode 26700/100000 | Avg Score: 16351.16 | Success Rate: 0.18
Episode 26800/100000 | Avg Score: 15614.08 | Success Rate: 0.23
Episode 26900/100000 | Avg Score: 17808.56 | Success Rate: 0.29
Episode 27000/100000 | Avg Score: 16218.56 | Success Rate: 0.26
Episode 27100/100000 | Avg Score: 14999.24 | Success Rate: 0.21
Episode 27200/100000 | Avg Score: 14387.96 | Success Rate: 0.17
Episode 27300/100000 | Avg Score: 16382.00 | Success Rate: 0.25
Episode 27400/100000 | Avg Score: 17037.96 | Success Rate: 0.25
Episode 27500/100000 | Avg Score: 15410.84 | Success Rate: 0.16
Episode 27600/100000 | Avg Score: 14698.56 | Success Rate: 0.17
Episode 27700/100000 | Avg Score: 17873.28 | Success Rate: 0.30
Episode 27800/100000 | Avg Score: 16745.40 | Success Rate: 0.22
Episode 27900/100000 | Avg Score: 16380.20 | Success Rate: 0.23
Episode 28000/100000 | Avg Score: 15310.72 | Success Rate: 0.16
Episode 28100/100000 | Avg Score: 15740.00 | Success Rate: 0.19
Episode 28200/100000 | Avg Score: 18227.60 | Success Rate: 0.33
Episode 28300/100000 | Avg Score: 17490.64 | Success Rate: 0.24
Episode 28400/100000 | Avg Score: 17544.76 | Success Rate: 0.24
Episode 28500/100000 | Avg Score: 15599.04 | Success Rate: 0.17
Episode 28600/100000 | Avg Score: 14621.08 | Success Rate: 0.17
Episode 28700/100000 | Avg Score: 16147.04 | Success Rate: 0.19
Episode 28800/100000 | Avg Score: 15764.68 | Success Rate: 0.20
Episode 28900/100000 | Avg Score: 14625.20 | Success Rate: 0.14
Episode 29000/100000 | Avg Score: 17575.32 | Success Rate: 0.31
Episode 29100/100000 | Avg Score: 15784.00 | Success Rate: 0.20
Episode 29200/100000 | Avg Score: 15182.84 | Success Rate: 0.19
Episode 29300/100000 | Avg Score: 16256.68 | Success Rate: 0.20
Episode 29400/100000 | Avg Score: 16015.48 | Success Rate: 0.18
Episode 29500/100000 | Avg Score: 15320.36 | Success Rate: 0.22
Episode 29600/100000 | Avg Score: 16418.36 | Success Rate: 0.24
Episode 29700/100000 | Avg Score: 16468.96 | Success Rate: 0.23
Episode 29800/100000 | Avg Score: 14848.36 | Success Rate: 0.22
Episode 29900/100000 | Avg Score: 16515.52 | Success Rate: 0.23
Episode 30000/100000 | Avg Score: 15234.48 | Success Rate: 0.18
Episode 30100/100000 | Avg Score: 14709.76 | Success Rate: 0.17
Episode 30200/100000 | Avg Score: 16031.52 | Success Rate: 0.18
Episode 30300/100000 | Avg Score: 15996.00 | Success Rate: 0.20
Episode 30400/100000 | Avg Score: 16512.76 | Success Rate: 0.27
Episode 30500/100000 | Avg Score: 16843.12 | Success Rate: 0.29
Episode 30600/100000 | Avg Score: 16144.80 | Success Rate: 0.21
Episode 30700/100000 | Avg Score: 17972.12 | Success Rate: 0.26
Episode 30800/100000 | Avg Score: 17598.44 | Success Rate: 0.28
Episode 30900/100000 | Avg Score: 15545.92 | Success Rate: 0.20
Episode 31000/100000 | Avg Score: 18343.92 | Success Rate: 0.33
Episode 31100/100000 | Avg Score: 16748.96 | Success Rate: 0.21
Episode 31200/100000 | Avg Score: 17243.44 | Success Rate: 0.34
Episode 31300/100000 | Avg Score: 15555.64 | Success Rate: 0.22
Episode 31400/100000 | Avg Score: 16731.20 | Success Rate: 0.23
Episode 31500/100000 | Avg Score: 16104.16 | Success Rate: 0.21
Episode 31600/100000 | Avg Score: 16313.28 | Success Rate: 0.18
Episode 31700/100000 | Avg Score: 16320.80 | Success Rate: 0.27
Episode 31800/100000 | Avg Score: 15839.80 | Success Rate: 0.21
Episode 31900/100000 | Avg Score: 15618.76 | Success Rate: 0.25
Episode 32000/100000 | Avg Score: 16261.44 | Success Rate: 0.19
Episode 32100/100000 | Avg Score: 17192.84 | Success Rate: 0.25
Episode 32200/100000 | Avg Score: 15839.48 | Success Rate: 0.25
Episode 32300/100000 | Avg Score: 17207.20 | Success Rate: 0.29
Episode 32400/100000 | Avg Score: 15998.00 | Success Rate: 0.15
Episode 32500/100000 | Avg Score: 16239.44 | Success Rate: 0.25
Episode 32600/100000 | Avg Score: 16695.76 | Success Rate: 0.25
Episode 32700/100000 | Avg Score: 16747.04 | Success Rate: 0.23
Episode 32800/100000 | Avg Score: 16834.24 | Success Rate: 0.31
Episode 32900/100000 | Avg Score: 16766.56 | Success Rate: 0.31
Episode 33000/100000 | Avg Score: 16866.28 | Success Rate: 0.26
Episode 33100/100000 | Avg Score: 18187.92 | Success Rate: 0.35
Episode 33200/100000 | Avg Score: 15933.64 | Success Rate: 0.21
Episode 33300/100000 | Avg Score: 14530.20 | Success Rate: 0.20
Episode 33400/100000 | Avg Score: 16392.40 | Success Rate: 0.25
Episode 33500/100000 | Avg Score: 15731.64 | Success Rate: 0.21
Episode 33600/100000 | Avg Score: 16037.68 | Success Rate: 0.23
Episode 33700/100000 | Avg Score: 15315.00 | Success Rate: 0.22
Episode 33800/100000 | Avg Score: 17317.16 | Success Rate: 0.26
Episode 33900/100000 | Avg Score: 15903.96 | Success Rate: 0.22
Episode 34000/100000 | Avg Score: 16976.64 | Success Rate: 0.29
Episode 34100/100000 | Avg Score: 16617.08 | Success Rate: 0.28
Episode 34200/100000 | Avg Score: 17022.20 | Success Rate: 0.28
Episode 34300/100000 | Avg Score: 14984.28 | Success Rate: 0.17
Episode 34400/100000 | Avg Score: 16798.80 | Success Rate: 0.26
Episode 34500/100000 | Avg Score: 17149.24 | Success Rate: 0.28
Episode 34600/100000 | Avg Score: 17224.40 | Success Rate: 0.31
Episode 34700/100000 | Avg Score: 15992.16 | Success Rate: 0.22
Episode 34800/100000 | Avg Score: 15822.40 | Success Rate: 0.21
Episode 34900/100000 | Avg Score: 16828.40 | Success Rate: 0.26
Episode 35000/100000 | Avg Score: 17289.16 | Success Rate: 0.29
Episode 35100/100000 | Avg Score: 15969.12 | Success Rate: 0.23
Episode 35200/100000 | Avg Score: 15726.04 | Success Rate: 0.26
Episode 35300/100000 | Avg Score: 17213.16 | Success Rate: 0.30
Episode 35400/100000 | Avg Score: 17423.24 | Success Rate: 0.29
Episode 35500/100000 | Avg Score: 14335.12 | Success Rate: 0.16
Episode 35600/100000 | Avg Score: 17002.48 | Success Rate: 0.29
Episode 35700/100000 | Avg Score: 15891.52 | Success Rate: 0.23
Episode 35800/100000 | Avg Score: 15056.68 | Success Rate: 0.22
Episode 35900/100000 | Avg Score: 14887.96 | Success Rate: 0.18
Episode 36000/100000 | Avg Score: 16001.92 | Success Rate: 0.22
Episode 36100/100000 | Avg Score: 16301.12 | Success Rate: 0.28
Episode 36200/100000 | Avg Score: 16952.56 | Success Rate: 0.29
Episode 36300/100000 | Avg Score: 18115.80 | Success Rate: 0.34
Episode 36400/100000 | Avg Score: 16939.72 | Success Rate: 0.26
Episode 36500/100000 | Avg Score: 17004.44 | Success Rate: 0.31
Episode 36600/100000 | Avg Score: 15922.20 | Success Rate: 0.25
Episode 36700/100000 | Avg Score: 15202.20 | Success Rate: 0.21
Episode 36800/100000 | Avg Score: 16392.52 | Success Rate: 0.29
Episode 36900/100000 | Avg Score: 16627.08 | Success Rate: 0.23
Episode 37000/100000 | Avg Score: 17287.12 | Success Rate: 0.28
Episode 37100/100000 | Avg Score: 15841.00 | Success Rate: 0.25
Episode 37200/100000 | Avg Score: 18295.64 | Success Rate: 0.35
Episode 37300/100000 | Avg Score: 16009.08 | Success Rate: 0.22
Episode 37400/100000 | Avg Score: 16471.80 | Success Rate: 0.25
Episode 37500/100000 | Avg Score: 16562.60 | Success Rate: 0.28
Episode 37600/100000 | Avg Score: 17305.76 | Success Rate: 0.31
Episode 37700/100000 | Avg Score: 17725.12 | Success Rate: 0.33
Episode 37800/100000 | Avg Score: 14692.16 | Success Rate: 0.20
Episode 37900/100000 | Avg Score: 14629.80 | Success Rate: 0.15
Episode 38000/100000 | Avg Score: 16353.24 | Success Rate: 0.23
Episode 38100/100000 | Avg Score: 16382.72 | Success Rate: 0.26
Episode 38200/100000 | Avg Score: 16405.80 | Success Rate: 0.27
Episode 38300/100000 | Avg Score: 16530.08 | Success Rate: 0.27
Episode 38400/100000 | Avg Score: 14434.64 | Success Rate: 0.20
Episode 38500/100000 | Avg Score: 15837.88 | Success Rate: 0.20
Episode 38600/100000 | Avg Score: 16485.12 | Success Rate: 0.25
Episode 38700/100000 | Avg Score: 17256.48 | Success Rate: 0.34
Episode 38800/100000 | Avg Score: 15712.36 | Success Rate: 0.23
Episode 38900/100000 | Avg Score: 16241.52 | Success Rate: 0.21
Episode 39000/100000 | Avg Score: 15900.48 | Success Rate: 0.15
Episode 39100/100000 | Avg Score: 15749.40 | Success Rate: 0.24
Episode 39200/100000 | Avg Score: 15860.92 | Success Rate: 0.21
Episode 39300/100000 | Avg Score: 15960.68 | Success Rate: 0.27
Episode 39400/100000 | Avg Score: 16229.44 | Success Rate: 0.27
Episode 39500/100000 | Avg Score: 15613.80 | Success Rate: 0.22
Episode 39600/100000 | Avg Score: 14208.44 | Success Rate: 0.14
Episode 39700/100000 | Avg Score: 16041.16 | Success Rate: 0.19
Episode 39800/100000 | Avg Score: 15661.20 | Success Rate: 0.22
Episode 39900/100000 | Avg Score: 14764.40 | Success Rate: 0.17
Episode 40000/100000 | Avg Score: 16213.44 | Success Rate: 0.24
Episode 40100/100000 | Avg Score: 16322.44 | Success Rate: 0.26
Episode 40200/100000 | Avg Score: 15041.16 | Success Rate: 0.24
Episode 40300/100000 | Avg Score: 15362.96 | Success Rate: 0.21
Episode 40400/100000 | Avg Score: 16965.08 | Success Rate: 0.27
Episode 40500/100000 | Avg Score: 15274.12 | Success Rate: 0.19
Episode 40600/100000 | Avg Score: 16155.00 | Success Rate: 0.22
Episode 40700/100000 | Avg Score: 15228.92 | Success Rate: 0.21
Episode 40800/100000 | Avg Score: 16794.64 | Success Rate: 0.25
Episode 40900/100000 | Avg Score: 16292.44 | Success Rate: 0.25
Episode 41000/100000 | Avg Score: 16316.04 | Success Rate: 0.29
Episode 41100/100000 | Avg Score: 15580.32 | Success Rate: 0.26
Episode 41200/100000 | Avg Score: 18749.88 | Success Rate: 0.35
Episode 41300/100000 | Avg Score: 15294.20 | Success Rate: 0.27
Episode 41400/100000 | Avg Score: 16560.80 | Success Rate: 0.22
Episode 41500/100000 | Avg Score: 15058.32 | Success Rate: 0.20
Episode 41600/100000 | Avg Score: 15207.12 | Success Rate: 0.26
Episode 41700/100000 | Avg Score: 16973.16 | Success Rate: 0.32
Episode 41800/100000 | Avg Score: 13848.08 | Success Rate: 0.16
Episode 41900/100000 | Avg Score: 17076.08 | Success Rate: 0.27
Episode 42000/100000 | Avg Score: 16033.76 | Success Rate: 0.23
Episode 42100/100000 | Avg Score: 16121.32 | Success Rate: 0.29
Episode 42200/100000 | Avg Score: 17034.80 | Success Rate: 0.32
Episode 42300/100000 | Avg Score: 17027.12 | Success Rate: 0.29
Episode 42400/100000 | Avg Score: 16005.96 | Success Rate: 0.26
Episode 42500/100000 | Avg Score: 16027.68 | Success Rate: 0.23
Episode 42600/100000 | Avg Score: 15564.48 | Success Rate: 0.23
Episode 42700/100000 | Avg Score: 14629.88 | Success Rate: 0.18
Episode 42800/100000 | Avg Score: 14292.68 | Success Rate: 0.18
Episode 42900/100000 | Avg Score: 16567.04 | Success Rate: 0.26
Episode 43000/100000 | Avg Score: 16623.64 | Success Rate: 0.28
Episode 43100/100000 | Avg Score: 17091.24 | Success Rate: 0.27
Episode 43200/100000 | Avg Score: 14149.04 | Success Rate: 0.20
Episode 43300/100000 | Avg Score: 17200.60 | Success Rate: 0.23
Episode 43400/100000 | Avg Score: 14653.76 | Success Rate: 0.18
Episode 43500/100000 | Avg Score: 16253.08 | Success Rate: 0.23
Episode 43600/100000 | Avg Score: 16672.84 | Success Rate: 0.26
Episode 43700/100000 | Avg Score: 15513.36 | Success Rate: 0.25
Episode 43800/100000 | Avg Score: 15037.28 | Success Rate: 0.23
Episode 43900/100000 | Avg Score: 15443.16 | Success Rate: 0.20
Episode 44000/100000 | Avg Score: 16560.04 | Success Rate: 0.24
Episode 44100/100000 | Avg Score: 14962.12 | Success Rate: 0.17
Episode 44200/100000 | Avg Score: 15715.04 | Success Rate: 0.27
Episode 44300/100000 | Avg Score: 15744.76 | Success Rate: 0.27
Episode 44400/100000 | Avg Score: 13743.04 | Success Rate: 0.13
Episode 44500/100000 | Avg Score: 15473.44 | Success Rate: 0.27
Episode 44600/100000 | Avg Score: 15118.60 | Success Rate: 0.23
Episode 44700/100000 | Avg Score: 14732.12 | Success Rate: 0.17
Episode 44800/100000 | Avg Score: 15179.88 | Success Rate: 0.21
Episode 44900/100000 | Avg Score: 15155.76 | Success Rate: 0.20
Episode 45000/100000 | Avg Score: 13926.76 | Success Rate: 0.14
Episode 45100/100000 | Avg Score: 15056.16 | Success Rate: 0.15
Episode 45200/100000 | Avg Score: 13921.24 | Success Rate: 0.15
Episode 45300/100000 | Avg Score: 14802.20 | Success Rate: 0.21
Episode 45400/100000 | Avg Score: 15223.40 | Success Rate: 0.23
Episode 45500/100000 | Avg Score: 16265.92 | Success Rate: 0.30
Episode 45600/100000 | Avg Score: 15133.92 | Success Rate: 0.21
Episode 45700/100000 | Avg Score: 15349.80 | Success Rate: 0.20
Episode 45800/100000 | Avg Score: 15143.20 | Success Rate: 0.23
Episode 45900/100000 | Avg Score: 15106.00 | Success Rate: 0.17
Episode 46000/100000 | Avg Score: 16013.12 | Success Rate: 0.23
Episode 46100/100000 | Avg Score: 14505.20 | Success Rate: 0.14
Episode 46200/100000 | Avg Score: 14116.28 | Success Rate: 0.14
Episode 46300/100000 | Avg Score: 15366.24 | Success Rate: 0.21
Episode 46400/100000 | Avg Score: 13517.56 | Success Rate: 0.15
Episode 46500/100000 | Avg Score: 14610.48 | Success Rate: 0.20
Episode 46600/100000 | Avg Score: 16600.60 | Success Rate: 0.26
Episode 46700/100000 | Avg Score: 17073.88 | Success Rate: 0.33
Episode 46800/100000 | Avg Score: 15609.48 | Success Rate: 0.26
Episode 46900/100000 | Avg Score: 14611.96 | Success Rate: 0.20
Episode 47000/100000 | Avg Score: 13775.76 | Success Rate: 0.21
Episode 47100/100000 | Avg Score: 16604.16 | Success Rate: 0.26
Episode 47200/100000 | Avg Score: 15225.28 | Success Rate: 0.20
Episode 47300/100000 | Avg Score: 15195.12 | Success Rate: 0.19
Episode 47400/100000 | Avg Score: 15391.16 | Success Rate: 0.19
Episode 47500/100000 | Avg Score: 16003.32 | Success Rate: 0.28
Episode 47600/100000 | Avg Score: 14404.40 | Success Rate: 0.20
Episode 47700/100000 | Avg Score: 15132.24 | Success Rate: 0.19
Episode 47800/100000 | Avg Score: 14815.72 | Success Rate: 0.20
Episode 47900/100000 | Avg Score: 16278.20 | Success Rate: 0.28
Episode 48000/100000 | Avg Score: 15289.52 | Success Rate: 0.21
Episode 48100/100000 | Avg Score: 15788.20 | Success Rate: 0.29
Episode 48200/100000 | Avg Score: 15722.48 | Success Rate: 0.26
Episode 48300/100000 | Avg Score: 16313.80 | Success Rate: 0.26
Episode 48400/100000 | Avg Score: 14758.04 | Success Rate: 0.26
Episode 48500/100000 | Avg Score: 15006.96 | Success Rate: 0.22
Episode 48600/100000 | Avg Score: 14272.48 | Success Rate: 0.17
Episode 48700/100000 | Avg Score: 13557.20 | Success Rate: 0.14
Episode 48800/100000 | Avg Score: 15705.52 | Success Rate: 0.25
Episode 48900/100000 | Avg Score: 14570.44 | Success Rate: 0.15
Episode 49000/100000 | Avg Score: 15326.16 | Success Rate: 0.21
Episode 49100/100000 | Avg Score: 16612.64 | Success Rate: 0.25
Episode 49200/100000 | Avg Score: 15722.36 | Success Rate: 0.29
Episode 49300/100000 | Avg Score: 13172.12 | Success Rate: 0.15
Episode 49400/100000 | Avg Score: 14457.76 | Success Rate: 0.19
Episode 49500/100000 | Avg Score: 14972.60 | Success Rate: 0.21
Episode 49600/100000 | Avg Score: 15806.04 | Success Rate: 0.25
Episode 49700/100000 | Avg Score: 14076.72 | Success Rate: 0.20
Episode 49800/100000 | Avg Score: 14078.28 | Success Rate: 0.18
Episode 49900/100000 | Avg Score: 14823.44 | Success Rate: 0.21
Episode 50000/100000 | Avg Score: 15299.20 | Success Rate: 0.18
Episode 50100/100000 | Avg Score: 14095.72 | Success Rate: 0.18
Episode 50200/100000 | Avg Score: 16181.84 | Success Rate: 0.29
Episode 50300/100000 | Avg Score: 14127.64 | Success Rate: 0.20
Episode 50400/100000 | Avg Score: 14916.28 | Success Rate: 0.21
Episode 50500/100000 | Avg Score: 15539.72 | Success Rate: 0.18
Episode 50600/100000 | Avg Score: 15204.68 | Success Rate: 0.24
Episode 50700/100000 | Avg Score: 14455.16 | Success Rate: 0.22
Episode 50800/100000 | Avg Score: 12884.40 | Success Rate: 0.15
Episode 50900/100000 | Avg Score: 14306.20 | Success Rate: 0.16
Episode 51000/100000 | Avg Score: 15692.04 | Success Rate: 0.25
Episode 51100/100000 | Avg Score: 15469.60 | Success Rate: 0.26
Episode 51200/100000 | Avg Score: 14589.28 | Success Rate: 0.18
Episode 51300/100000 | Avg Score: 16087.48 | Success Rate: 0.29
Episode 51400/100000 | Avg Score: 13958.44 | Success Rate: 0.14
Episode 51500/100000 | Avg Score: 14337.96 | Success Rate: 0.16
Episode 51600/100000 | Avg Score: 14180.68 | Success Rate: 0.19
Episode 51700/100000 | Avg Score: 14445.96 | Success Rate: 0.24
Episode 51800/100000 | Avg Score: 13638.44 | Success Rate: 0.12
Episode 51900/100000 | Avg Score: 14868.60 | Success Rate: 0.19
Episode 52000/100000 | Avg Score: 15346.28 | Success Rate: 0.25
Episode 52100/100000 | Avg Score: 15310.48 | Success Rate: 0.26
Episode 52200/100000 | Avg Score: 15135.40 | Success Rate: 0.24
Episode 52300/100000 | Avg Score: 13627.32 | Success Rate: 0.17
Episode 52400/100000 | Avg Score: 15905.92 | Success Rate: 0.25
Episode 52500/100000 | Avg Score: 14660.24 | Success Rate: 0.20
Episode 52600/100000 | Avg Score: 14448.88 | Success Rate: 0.22
/root/.pyenv/versions/3.8.0/lib/python3.8/site-packages/gym/envs/registration.py:307: DeprecationWarning: The package name gym_minigrid has been deprecated in favor of minigrid. Please uninstall gym_minigrid and install minigrid with `pip install minigrid`. Future releases will be maintained under the new package name minigrid.
  fn()
Traceback (most recent call last):
  File "q1.py", line 188, in <module>
    if len(sys.argv)>1 and os.path.exists(sys.argv[1]):
NameError: name 'os' is not defined
Episode 52700/100000 | Avg Score: 14018.79 | Success Rate: 0.16
Episode 52800/100000 | Avg Score: 15566.96 | Success Rate: 0.23
Episode 52900/100000 | Avg Score: 14563.08 | Success Rate: 0.17
Episode 53000/100000 | Avg Score: 13410.68 | Success Rate: 0.13
Episode 53100/100000 | Avg Score: 14495.64 | Success Rate: 0.19
Episode 53200/100000 | Avg Score: 14322.64 | Success Rate: 0.17
Episode 53300/100000 | Avg Score: 14546.64 | Success Rate: 0.14
