Episode 100/100000 | Avg Score: 1498.88 | Success Rate: 0.00
Episode 200/100000 | Avg Score: 2237.08 | Success Rate: 0.00
Episode 300/100000 | Avg Score: 2460.16 | Success Rate: 0.00
Episode 400/100000 | Avg Score: 2780.56 | Success Rate: 0.00
Episode 500/100000 | Avg Score: 2982.32 | Success Rate: 0.00
Episode 600/100000 | Avg Score: 3610.20 | Success Rate: 0.00
Episode 700/100000 | Avg Score: 3840.48 | Success Rate: 0.00
Episode 800/100000 | Avg Score: 4480.40 | Success Rate: 0.00
Episode 900/100000 | Avg Score: 4809.04 | Success Rate: 0.00
Episode 1000/100000 | Avg Score: 5277.08 | Success Rate: 0.00
Episode 1100/100000 | Avg Score: 5494.72 | Success Rate: 0.00
Episode 1200/100000 | Avg Score: 5975.44 | Success Rate: 0.00
Episode 1300/100000 | Avg Score: 6189.68 | Success Rate: 0.00
Episode 1400/100000 | Avg Score: 7257.52 | Success Rate: 0.01
Episode 1500/100000 | Avg Score: 6743.72 | Success Rate: 0.01
Episode 1600/100000 | Avg Score: 7489.76 | Success Rate: 0.00
Episode 1700/100000 | Avg Score: 7376.48 | Success Rate: 0.00
Episode 1800/100000 | Avg Score: 7368.96 | Success Rate: 0.00
Episode 1900/100000 | Avg Score: 7689.84 | Success Rate: 0.00
Episode 2000/100000 | Avg Score: 8524.32 | Success Rate: 0.00
Episode 2100/100000 | Avg Score: 8017.76 | Success Rate: 0.01
Episode 2200/100000 | Avg Score: 7915.00 | Success Rate: 0.00
Episode 2300/100000 | Avg Score: 8223.12 | Success Rate: 0.00
Episode 2400/100000 | Avg Score: 8266.76 | Success Rate: 0.00
Episode 2500/100000 | Avg Score: 8126.84 | Success Rate: 0.00
Episode 2600/100000 | Avg Score: 7861.64 | Success Rate: 0.00
Episode 2700/100000 | Avg Score: 8655.16 | Success Rate: 0.00
Episode 2800/100000 | Avg Score: 9071.80 | Success Rate: 0.00
Episode 2900/100000 | Avg Score: 8644.80 | Success Rate: 0.00
Episode 3000/100000 | Avg Score: 9174.44 | Success Rate: 0.01
Episode 3100/100000 | Avg Score: 8930.40 | Success Rate: 0.00
Episode 3200/100000 | Avg Score: 8952.36 | Success Rate: 0.01
Episode 3300/100000 | Avg Score: 9472.44 | Success Rate: 0.00
Episode 3400/100000 | Avg Score: 8808.32 | Success Rate: 0.01
Episode 3500/100000 | Avg Score: 9338.16 | Success Rate: 0.01
Episode 3600/100000 | Avg Score: 8742.44 | Success Rate: 0.00
Episode 3700/100000 | Avg Score: 9660.52 | Success Rate: 0.00
Episode 3800/100000 | Avg Score: 9781.80 | Success Rate: 0.01
Episode 3900/100000 | Avg Score: 9430.12 | Success Rate: 0.01
Episode 4000/100000 | Avg Score: 9508.84 | Success Rate: 0.01
Episode 4100/100000 | Avg Score: 9247.64 | Success Rate: 0.02
Episode 4200/100000 | Avg Score: 9708.40 | Success Rate: 0.03
Episode 4300/100000 | Avg Score: 10382.12 | Success Rate: 0.02
Episode 4400/100000 | Avg Score: 10267.48 | Success Rate: 0.01
Episode 4500/100000 | Avg Score: 9885.52 | Success Rate: 0.01
Episode 4600/100000 | Avg Score: 9058.40 | Success Rate: 0.00
Episode 4700/100000 | Avg Score: 9578.00 | Success Rate: 0.00
Episode 4800/100000 | Avg Score: 9860.88 | Success Rate: 0.02
Episode 4900/100000 | Avg Score: 9943.28 | Success Rate: 0.01
Episode 5000/100000 | Avg Score: 10492.52 | Success Rate: 0.03
Episode 5100/100000 | Avg Score: 10543.52 | Success Rate: 0.04
Episode 5200/100000 | Avg Score: 10920.36 | Success Rate: 0.04
Episode 5300/100000 | Avg Score: 10666.80 | Success Rate: 0.02
Episode 5400/100000 | Avg Score: 10982.52 | Success Rate: 0.02
Episode 5500/100000 | Avg Score: 10588.72 | Success Rate: 0.00
Episode 5600/100000 | Avg Score: 10725.12 | Success Rate: 0.02
Episode 5700/100000 | Avg Score: 10056.60 | Success Rate: 0.00
Episode 5800/100000 | Avg Score: 10675.00 | Success Rate: 0.03
Episode 5900/100000 | Avg Score: 10828.80 | Success Rate: 0.03
Episode 6000/100000 | Avg Score: 10628.12 | Success Rate: 0.03
Episode 6100/100000 | Avg Score: 11051.56 | Success Rate: 0.01
Episode 6200/100000 | Avg Score: 10823.84 | Success Rate: 0.02
Episode 6300/100000 | Avg Score: 10724.08 | Success Rate: 0.01
Episode 6400/100000 | Avg Score: 10361.12 | Success Rate: 0.02
Episode 6500/100000 | Avg Score: 11015.48 | Success Rate: 0.04
Episode 6600/100000 | Avg Score: 11192.36 | Success Rate: 0.04
Episode 6700/100000 | Avg Score: 10751.68 | Success Rate: 0.02
Episode 6800/100000 | Avg Score: 12027.96 | Success Rate: 0.07
Episode 6900/100000 | Avg Score: 11577.28 | Success Rate: 0.05
Episode 7000/100000 | Avg Score: 11214.24 | Success Rate: 0.04
Episode 7100/100000 | Avg Score: 11000.92 | Success Rate: 0.02
Episode 7200/100000 | Avg Score: 10569.48 | Success Rate: 0.01
Episode 7300/100000 | Avg Score: 11476.44 | Success Rate: 0.05
Episode 7400/100000 | Avg Score: 11958.12 | Success Rate: 0.04
Episode 7500/100000 | Avg Score: 10570.84 | Success Rate: 0.02
Episode 7600/100000 | Avg Score: 10420.20 | Success Rate: 0.03
Episode 7700/100000 | Avg Score: 11634.00 | Success Rate: 0.03
Episode 7800/100000 | Avg Score: 11849.84 | Success Rate: 0.04
Episode 7900/100000 | Avg Score: 11246.00 | Success Rate: 0.03
Episode 8000/100000 | Avg Score: 12342.28 | Success Rate: 0.06
Episode 8100/100000 | Avg Score: 10541.24 | Success Rate: 0.02
Episode 8200/100000 | Avg Score: 11553.36 | Success Rate: 0.07
Episode 8300/100000 | Avg Score: 11624.72 | Success Rate: 0.02
Episode 8400/100000 | Avg Score: 11965.96 | Success Rate: 0.04
Episode 8500/100000 | Avg Score: 12393.04 | Success Rate: 0.08
Episode 8600/100000 | Avg Score: 11582.24 | Success Rate: 0.02
Episode 8700/100000 | Avg Score: 12066.32 | Success Rate: 0.03
Episode 8800/100000 | Avg Score: 11231.28 | Success Rate: 0.04
Episode 8900/100000 | Avg Score: 11819.52 | Success Rate: 0.02
Episode 9000/100000 | Avg Score: 11634.36 | Success Rate: 0.02
Episode 9100/100000 | Avg Score: 11765.28 | Success Rate: 0.04
Episode 9200/100000 | Avg Score: 13326.52 | Success Rate: 0.06
Episode 9300/100000 | Avg Score: 11670.80 | Success Rate: 0.05
Episode 9400/100000 | Avg Score: 11816.68 | Success Rate: 0.08
Episode 9500/100000 | Avg Score: 11675.56 | Success Rate: 0.02
Episode 9600/100000 | Avg Score: 12143.60 | Success Rate: 0.09
Episode 9700/100000 | Avg Score: 12490.32 | Success Rate: 0.05
Episode 9800/100000 | Avg Score: 11623.60 | Success Rate: 0.07
Episode 9900/100000 | Avg Score: 11795.72 | Success Rate: 0.02
Episode 10000/100000 | Avg Score: 11972.08 | Success Rate: 0.03
Episode 10100/100000 | Avg Score: 12647.40 | Success Rate: 0.08
Episode 10200/100000 | Avg Score: 12451.16 | Success Rate: 0.03
Episode 10300/100000 | Avg Score: 12042.96 | Success Rate: 0.04
Episode 10400/100000 | Avg Score: 12015.44 | Success Rate: 0.06
Episode 10500/100000 | Avg Score: 12342.20 | Success Rate: 0.03
Episode 10600/100000 | Avg Score: 12008.20 | Success Rate: 0.07
Episode 10700/100000 | Avg Score: 11765.56 | Success Rate: 0.08
Episode 10800/100000 | Avg Score: 12655.84 | Success Rate: 0.07
Episode 10900/100000 | Avg Score: 12496.92 | Success Rate: 0.05
Episode 11000/100000 | Avg Score: 12008.84 | Success Rate: 0.04
Episode 11100/100000 | Avg Score: 11952.96 | Success Rate: 0.06
Episode 11200/100000 | Avg Score: 11776.68 | Success Rate: 0.02
Episode 11300/100000 | Avg Score: 12202.96 | Success Rate: 0.04
Episode 11400/100000 | Avg Score: 11954.12 | Success Rate: 0.02
Episode 11500/100000 | Avg Score: 11861.36 | Success Rate: 0.03
Episode 11600/100000 | Avg Score: 11557.76 | Success Rate: 0.02
Episode 11700/100000 | Avg Score: 12533.72 | Success Rate: 0.05
Episode 11800/100000 | Avg Score: 11749.68 | Success Rate: 0.07
Episode 11900/100000 | Avg Score: 12411.00 | Success Rate: 0.04
Episode 12000/100000 | Avg Score: 12693.12 | Success Rate: 0.07
Episode 12100/100000 | Avg Score: 12491.72 | Success Rate: 0.05
Episode 12200/100000 | Avg Score: 12597.32 | Success Rate: 0.05
Episode 12300/100000 | Avg Score: 12916.28 | Success Rate: 0.06
Episode 12400/100000 | Avg Score: 13731.48 | Success Rate: 0.06
Episode 12500/100000 | Avg Score: 12133.08 | Success Rate: 0.06
Episode 12600/100000 | Avg Score: 12582.64 | Success Rate: 0.05
Episode 12700/100000 | Avg Score: 12846.12 | Success Rate: 0.07
Episode 12800/100000 | Avg Score: 12799.96 | Success Rate: 0.09
Episode 12900/100000 | Avg Score: 11928.12 | Success Rate: 0.04
Episode 13000/100000 | Avg Score: 12400.00 | Success Rate: 0.04
Episode 13100/100000 | Avg Score: 14365.48 | Success Rate: 0.07
Episode 13200/100000 | Avg Score: 12713.32 | Success Rate: 0.06
Episode 13300/100000 | Avg Score: 12872.48 | Success Rate: 0.11
Episode 13400/100000 | Avg Score: 12287.08 | Success Rate: 0.05
Episode 13500/100000 | Avg Score: 13334.20 | Success Rate: 0.07
Episode 13600/100000 | Avg Score: 12217.60 | Success Rate: 0.03
Episode 13700/100000 | Avg Score: 12895.00 | Success Rate: 0.07
Episode 13800/100000 | Avg Score: 12214.52 | Success Rate: 0.04
Episode 13900/100000 | Avg Score: 12920.08 | Success Rate: 0.09
Episode 14000/100000 | Avg Score: 12916.16 | Success Rate: 0.10
Episode 14100/100000 | Avg Score: 12963.24 | Success Rate: 0.09
Episode 14200/100000 | Avg Score: 14888.20 | Success Rate: 0.13
Episode 14300/100000 | Avg Score: 13311.40 | Success Rate: 0.07
Episode 14400/100000 | Avg Score: 12434.68 | Success Rate: 0.08
Episode 14500/100000 | Avg Score: 12825.48 | Success Rate: 0.06
Episode 14600/100000 | Avg Score: 13694.64 | Success Rate: 0.09
Episode 14700/100000 | Avg Score: 13692.12 | Success Rate: 0.07
Episode 14800/100000 | Avg Score: 12926.36 | Success Rate: 0.07
Episode 14900/100000 | Avg Score: 12746.96 | Success Rate: 0.09
Episode 15000/100000 | Avg Score: 12609.84 | Success Rate: 0.04
Episode 15100/100000 | Avg Score: 14292.68 | Success Rate: 0.14
Episode 15200/100000 | Avg Score: 13309.20 | Success Rate: 0.04
Episode 15300/100000 | Avg Score: 13925.36 | Success Rate: 0.08
Episode 15400/100000 | Avg Score: 13372.60 | Success Rate: 0.08
Episode 15500/100000 | Avg Score: 14579.68 | Success Rate: 0.10
Episode 15600/100000 | Avg Score: 13312.88 | Success Rate: 0.11
Episode 15700/100000 | Avg Score: 13023.36 | Success Rate: 0.08
Episode 15800/100000 | Avg Score: 13069.36 | Success Rate: 0.03
Episode 15900/100000 | Avg Score: 11843.52 | Success Rate: 0.08
Episode 16000/100000 | Avg Score: 13502.72 | Success Rate: 0.08
Episode 16100/100000 | Avg Score: 11949.76 | Success Rate: 0.08
Episode 16200/100000 | Avg Score: 14254.16 | Success Rate: 0.13
Episode 16300/100000 | Avg Score: 14094.32 | Success Rate: 0.11
Episode 16400/100000 | Avg Score: 13562.08 | Success Rate: 0.09
Episode 16500/100000 | Avg Score: 13358.28 | Success Rate: 0.06
Episode 16600/100000 | Avg Score: 13743.44 | Success Rate: 0.10
Episode 16700/100000 | Avg Score: 13289.92 | Success Rate: 0.10
Episode 16800/100000 | Avg Score: 12747.04 | Success Rate: 0.08
Episode 16900/100000 | Avg Score: 13661.48 | Success Rate: 0.06
Episode 17000/100000 | Avg Score: 12743.32 | Success Rate: 0.04
Episode 17100/100000 | Avg Score: 14097.56 | Success Rate: 0.08
Episode 17200/100000 | Avg Score: 12894.12 | Success Rate: 0.05
Episode 17300/100000 | Avg Score: 13904.04 | Success Rate: 0.09
Episode 17400/100000 | Avg Score: 12936.60 | Success Rate: 0.08
Episode 17500/100000 | Avg Score: 13307.60 | Success Rate: 0.06
Episode 17600/100000 | Avg Score: 13050.84 | Success Rate: 0.08
Episode 17700/100000 | Avg Score: 13421.56 | Success Rate: 0.06
Episode 17800/100000 | Avg Score: 13840.28 | Success Rate: 0.09
Episode 17900/100000 | Avg Score: 14166.12 | Success Rate: 0.09
Episode 18000/100000 | Avg Score: 13621.92 | Success Rate: 0.10
Episode 18100/100000 | Avg Score: 13691.04 | Success Rate: 0.08
Episode 18200/100000 | Avg Score: 16045.36 | Success Rate: 0.16
Episode 18300/100000 | Avg Score: 14172.04 | Success Rate: 0.09
Episode 18400/100000 | Avg Score: 14591.24 | Success Rate: 0.15
Episode 18500/100000 | Avg Score: 14634.56 | Success Rate: 0.13
Episode 18600/100000 | Avg Score: 15001.88 | Success Rate: 0.12
Episode 18700/100000 | Avg Score: 15032.04 | Success Rate: 0.10
Episode 18800/100000 | Avg Score: 15242.44 | Success Rate: 0.14
Episode 18900/100000 | Avg Score: 15433.64 | Success Rate: 0.13
Episode 19000/100000 | Avg Score: 15205.52 | Success Rate: 0.16
Episode 19100/100000 | Avg Score: 12704.28 | Success Rate: 0.08
Episode 19200/100000 | Avg Score: 15216.64 | Success Rate: 0.15
Episode 19300/100000 | Avg Score: 15297.48 | Success Rate: 0.15
Episode 19400/100000 | Avg Score: 14928.88 | Success Rate: 0.12
Episode 19500/100000 | Avg Score: 14239.76 | Success Rate: 0.12
Episode 19600/100000 | Avg Score: 15093.96 | Success Rate: 0.16
Episode 19700/100000 | Avg Score: 14305.72 | Success Rate: 0.14
Episode 19800/100000 | Avg Score: 15997.92 | Success Rate: 0.22
Episode 19900/100000 | Avg Score: 14566.12 | Success Rate: 0.14
Episode 20000/100000 | Avg Score: 13766.44 | Success Rate: 0.10
Episode 20100/100000 | Avg Score: 15172.84 | Success Rate: 0.14
Episode 20200/100000 | Avg Score: 14752.80 | Success Rate: 0.09
Episode 20300/100000 | Avg Score: 14078.52 | Success Rate: 0.10
Episode 20400/100000 | Avg Score: 14642.28 | Success Rate: 0.13
Episode 20500/100000 | Avg Score: 15636.80 | Success Rate: 0.20
Episode 20600/100000 | Avg Score: 15092.72 | Success Rate: 0.19
Episode 20700/100000 | Avg Score: 14996.60 | Success Rate: 0.16
Episode 20800/100000 | Avg Score: 14612.56 | Success Rate: 0.10
Episode 20900/100000 | Avg Score: 15680.76 | Success Rate: 0.16
Episode 21000/100000 | Avg Score: 15073.60 | Success Rate: 0.19
Episode 21100/100000 | Avg Score: 15974.52 | Success Rate: 0.19
Episode 21200/100000 | Avg Score: 16058.92 | Success Rate: 0.12
Episode 21300/100000 | Avg Score: 14624.56 | Success Rate: 0.12
Episode 21400/100000 | Avg Score: 16529.20 | Success Rate: 0.22
Episode 21500/100000 | Avg Score: 14185.56 | Success Rate: 0.12
Episode 21600/100000 | Avg Score: 15249.16 | Success Rate: 0.16
Episode 21700/100000 | Avg Score: 14715.36 | Success Rate: 0.14
Episode 21800/100000 | Avg Score: 14817.52 | Success Rate: 0.16
Episode 21900/100000 | Avg Score: 15780.80 | Success Rate: 0.19
Episode 22000/100000 | Avg Score: 14681.96 | Success Rate: 0.13
Episode 22100/100000 | Avg Score: 15656.12 | Success Rate: 0.18
Episode 22200/100000 | Avg Score: 14666.48 | Success Rate: 0.10
Episode 22300/100000 | Avg Score: 15923.20 | Success Rate: 0.21
Episode 22400/100000 | Avg Score: 14752.80 | Success Rate: 0.17
Episode 22500/100000 | Avg Score: 16328.20 | Success Rate: 0.21
Episode 22600/100000 | Avg Score: 15226.40 | Success Rate: 0.21
Episode 22700/100000 | Avg Score: 15018.00 | Success Rate: 0.14
Episode 22800/100000 | Avg Score: 13868.40 | Success Rate: 0.12
Episode 22900/100000 | Avg Score: 14857.08 | Success Rate: 0.15
Episode 23000/100000 | Avg Score: 15318.16 | Success Rate: 0.16
Episode 23100/100000 | Avg Score: 16250.08 | Success Rate: 0.22
Episode 23200/100000 | Avg Score: 14593.48 | Success Rate: 0.14
Episode 23300/100000 | Avg Score: 15598.12 | Success Rate: 0.16
Episode 23400/100000 | Avg Score: 15758.16 | Success Rate: 0.17
Episode 23500/100000 | Avg Score: 16590.48 | Success Rate: 0.24
Episode 23600/100000 | Avg Score: 15549.20 | Success Rate: 0.16
Episode 23700/100000 | Avg Score: 16592.04 | Success Rate: 0.24
Episode 23800/100000 | Avg Score: 15643.92 | Success Rate: 0.20
Episode 23900/100000 | Avg Score: 15026.44 | Success Rate: 0.21
Episode 24000/100000 | Avg Score: 14861.44 | Success Rate: 0.15
Episode 24100/100000 | Avg Score: 14662.00 | Success Rate: 0.14
Episode 24200/100000 | Avg Score: 15172.88 | Success Rate: 0.15
Episode 24300/100000 | Avg Score: 15744.16 | Success Rate: 0.22
Episode 24400/100000 | Avg Score: 15733.96 | Success Rate: 0.22
Episode 24500/100000 | Avg Score: 15185.96 | Success Rate: 0.21
Episode 24600/100000 | Avg Score: 14856.32 | Success Rate: 0.18
Episode 24700/100000 | Avg Score: 15581.64 | Success Rate: 0.15
Episode 24800/100000 | Avg Score: 15790.00 | Success Rate: 0.18
Episode 24900/100000 | Avg Score: 15131.36 | Success Rate: 0.16
Episode 25000/100000 | Avg Score: 15789.36 | Success Rate: 0.20
Episode 25100/100000 | Avg Score: 16800.56 | Success Rate: 0.26
Episode 25200/100000 | Avg Score: 14676.36 | Success Rate: 0.14
Episode 25300/100000 | Avg Score: 14869.88 | Success Rate: 0.17
Episode 25400/100000 | Avg Score: 17203.00 | Success Rate: 0.27
Episode 25500/100000 | Avg Score: 15428.00 | Success Rate: 0.18
Episode 25600/100000 | Avg Score: 16714.68 | Success Rate: 0.23
Episode 25700/100000 | Avg Score: 15463.68 | Success Rate: 0.17
Episode 25800/100000 | Avg Score: 15750.40 | Success Rate: 0.16
Episode 25900/100000 | Avg Score: 15359.48 | Success Rate: 0.19
Episode 26000/100000 | Avg Score: 16027.80 | Success Rate: 0.18
Episode 26100/100000 | Avg Score: 16204.32 | Success Rate: 0.25
Episode 26200/100000 | Avg Score: 15427.68 | Success Rate: 0.18
Episode 26300/100000 | Avg Score: 16379.48 | Success Rate: 0.27
Episode 26400/100000 | Avg Score: 16143.32 | Success Rate: 0.16
Episode 26500/100000 | Avg Score: 17142.72 | Success Rate: 0.25
Episode 26600/100000 | Avg Score: 17458.36 | Success Rate: 0.27
Episode 26700/100000 | Avg Score: 16351.16 | Success Rate: 0.18
Episode 26800/100000 | Avg Score: 15614.08 | Success Rate: 0.23
Episode 26900/100000 | Avg Score: 17808.56 | Success Rate: 0.29
Episode 27000/100000 | Avg Score: 16218.56 | Success Rate: 0.26
Episode 27100/100000 | Avg Score: 14999.24 | Success Rate: 0.21
Episode 27200/100000 | Avg Score: 14387.96 | Success Rate: 0.17
Episode 27300/100000 | Avg Score: 16382.00 | Success Rate: 0.25
Episode 27400/100000 | Avg Score: 17037.96 | Success Rate: 0.25
Episode 27500/100000 | Avg Score: 15410.84 | Success Rate: 0.16
Episode 27600/100000 | Avg Score: 14698.56 | Success Rate: 0.17
Episode 27700/100000 | Avg Score: 17873.28 | Success Rate: 0.30
Episode 27800/100000 | Avg Score: 16745.40 | Success Rate: 0.22
Episode 27900/100000 | Avg Score: 16380.20 | Success Rate: 0.23
Episode 28000/100000 | Avg Score: 15310.72 | Success Rate: 0.16
Episode 28100/100000 | Avg Score: 15740.00 | Success Rate: 0.19
Episode 28200/100000 | Avg Score: 18227.60 | Success Rate: 0.33
Episode 28300/100000 | Avg Score: 17490.64 | Success Rate: 0.24
Episode 28400/100000 | Avg Score: 17544.76 | Success Rate: 0.24
Episode 28500/100000 | Avg Score: 15599.04 | Success Rate: 0.17
Episode 28600/100000 | Avg Score: 14621.08 | Success Rate: 0.17
Episode 28700/100000 | Avg Score: 16147.04 | Success Rate: 0.19
Episode 28800/100000 | Avg Score: 15764.68 | Success Rate: 0.20
Episode 28900/100000 | Avg Score: 14625.20 | Success Rate: 0.14
Episode 29000/100000 | Avg Score: 17575.32 | Success Rate: 0.31
Episode 29100/100000 | Avg Score: 15784.00 | Success Rate: 0.20
Episode 29200/100000 | Avg Score: 15182.84 | Success Rate: 0.19
Episode 29300/100000 | Avg Score: 16256.68 | Success Rate: 0.20
Episode 29400/100000 | Avg Score: 16015.48 | Success Rate: 0.18
Episode 29500/100000 | Avg Score: 15320.36 | Success Rate: 0.22
Episode 29600/100000 | Avg Score: 16418.36 | Success Rate: 0.24
Episode 29700/100000 | Avg Score: 16468.96 | Success Rate: 0.23
Episode 29800/100000 | Avg Score: 14848.36 | Success Rate: 0.22
Episode 29900/100000 | Avg Score: 16515.52 | Success Rate: 0.23
Episode 30000/100000 | Avg Score: 15234.48 | Success Rate: 0.18
Episode 30100/100000 | Avg Score: 14709.76 | Success Rate: 0.17
Episode 30200/100000 | Avg Score: 16031.52 | Success Rate: 0.18
Episode 30300/100000 | Avg Score: 15996.00 | Success Rate: 0.20
Episode 30400/100000 | Avg Score: 16512.76 | Success Rate: 0.27
Episode 30500/100000 | Avg Score: 16843.12 | Success Rate: 0.29
Episode 30600/100000 | Avg Score: 16144.80 | Success Rate: 0.21
Episode 30700/100000 | Avg Score: 17972.12 | Success Rate: 0.26
Episode 30800/100000 | Avg Score: 17598.44 | Success Rate: 0.28
Episode 30900/100000 | Avg Score: 15545.92 | Success Rate: 0.20
Episode 31000/100000 | Avg Score: 18343.92 | Success Rate: 0.33
Episode 31100/100000 | Avg Score: 16748.96 | Success Rate: 0.21
Episode 31200/100000 | Avg Score: 17243.44 | Success Rate: 0.34
Episode 31300/100000 | Avg Score: 15555.64 | Success Rate: 0.22
Episode 31400/100000 | Avg Score: 16731.20 | Success Rate: 0.23
Episode 31500/100000 | Avg Score: 16104.16 | Success Rate: 0.21
Episode 31600/100000 | Avg Score: 16313.28 | Success Rate: 0.18
Episode 31700/100000 | Avg Score: 16320.80 | Success Rate: 0.27
Episode 31800/100000 | Avg Score: 15839.80 | Success Rate: 0.21
Episode 31900/100000 | Avg Score: 15618.76 | Success Rate: 0.25
Episode 32000/100000 | Avg Score: 16261.44 | Success Rate: 0.19
Episode 32100/100000 | Avg Score: 17192.84 | Success Rate: 0.25
Episode 32200/100000 | Avg Score: 15839.48 | Success Rate: 0.25
Episode 32300/100000 | Avg Score: 17207.20 | Success Rate: 0.29
Episode 32400/100000 | Avg Score: 15998.00 | Success Rate: 0.15
Episode 32500/100000 | Avg Score: 16239.44 | Success Rate: 0.25
Episode 32600/100000 | Avg Score: 16695.76 | Success Rate: 0.25
Episode 32700/100000 | Avg Score: 16747.04 | Success Rate: 0.23
Episode 32800/100000 | Avg Score: 16834.24 | Success Rate: 0.31
Episode 32900/100000 | Avg Score: 16766.56 | Success Rate: 0.31
Episode 33000/100000 | Avg Score: 16866.28 | Success Rate: 0.26
Episode 33100/100000 | Avg Score: 18187.92 | Success Rate: 0.35
Episode 33200/100000 | Avg Score: 15933.64 | Success Rate: 0.21
Episode 33300/100000 | Avg Score: 14530.20 | Success Rate: 0.20
Episode 33400/100000 | Avg Score: 16392.40 | Success Rate: 0.25
Episode 33500/100000 | Avg Score: 15731.64 | Success Rate: 0.21
Episode 33600/100000 | Avg Score: 16037.68 | Success Rate: 0.23
Episode 33700/100000 | Avg Score: 15315.00 | Success Rate: 0.22
Episode 33800/100000 | Avg Score: 17317.16 | Success Rate: 0.26
Episode 33900/100000 | Avg Score: 15903.96 | Success Rate: 0.22
Episode 34000/100000 | Avg Score: 16976.64 | Success Rate: 0.29
Episode 34100/100000 | Avg Score: 16617.08 | Success Rate: 0.28
Episode 34200/100000 | Avg Score: 17022.20 | Success Rate: 0.28
Episode 34300/100000 | Avg Score: 14984.28 | Success Rate: 0.17
Episode 34400/100000 | Avg Score: 16798.80 | Success Rate: 0.26
Episode 34500/100000 | Avg Score: 17149.24 | Success Rate: 0.28
Episode 34600/100000 | Avg Score: 17224.40 | Success Rate: 0.31
Episode 34700/100000 | Avg Score: 15992.16 | Success Rate: 0.22
Episode 34800/100000 | Avg Score: 15822.40 | Success Rate: 0.21
Episode 34900/100000 | Avg Score: 16828.40 | Success Rate: 0.26
Episode 35000/100000 | Avg Score: 17289.16 | Success Rate: 0.29
Episode 35100/100000 | Avg Score: 15969.12 | Success Rate: 0.23
Episode 35200/100000 | Avg Score: 15726.04 | Success Rate: 0.26
Episode 35300/100000 | Avg Score: 17213.16 | Success Rate: 0.30
Episode 35400/100000 | Avg Score: 17423.24 | Success Rate: 0.29
Episode 35500/100000 | Avg Score: 14335.12 | Success Rate: 0.16
Episode 35600/100000 | Avg Score: 17002.48 | Success Rate: 0.29
Episode 35700/100000 | Avg Score: 15891.52 | Success Rate: 0.23
Episode 35800/100000 | Avg Score: 15056.68 | Success Rate: 0.22
Episode 35900/100000 | Avg Score: 14887.96 | Success Rate: 0.18
Episode 36000/100000 | Avg Score: 16001.92 | Success Rate: 0.22
Episode 36100/100000 | Avg Score: 16301.12 | Success Rate: 0.28
Episode 36200/100000 | Avg Score: 16952.56 | Success Rate: 0.29
Episode 36300/100000 | Avg Score: 18115.80 | Success Rate: 0.34
Episode 36400/100000 | Avg Score: 16939.72 | Success Rate: 0.26
Episode 36500/100000 | Avg Score: 17004.44 | Success Rate: 0.31
Episode 36600/100000 | Avg Score: 15922.20 | Success Rate: 0.25
Episode 36700/100000 | Avg Score: 15202.20 | Success Rate: 0.21
Episode 36800/100000 | Avg Score: 16392.52 | Success Rate: 0.29
Episode 36900/100000 | Avg Score: 16627.08 | Success Rate: 0.23
Episode 37000/100000 | Avg Score: 17287.12 | Success Rate: 0.28
Episode 37100/100000 | Avg Score: 15841.00 | Success Rate: 0.25
Episode 37200/100000 | Avg Score: 18295.64 | Success Rate: 0.35
Episode 37300/100000 | Avg Score: 16009.08 | Success Rate: 0.22
Episode 37400/100000 | Avg Score: 16471.80 | Success Rate: 0.25
Episode 37500/100000 | Avg Score: 16562.60 | Success Rate: 0.28
Episode 37600/100000 | Avg Score: 17305.76 | Success Rate: 0.31
Episode 37700/100000 | Avg Score: 17725.12 | Success Rate: 0.33
Episode 37800/100000 | Avg Score: 14692.16 | Success Rate: 0.20
Episode 37900/100000 | Avg Score: 14629.80 | Success Rate: 0.15
Episode 38000/100000 | Avg Score: 16353.24 | Success Rate: 0.23
Episode 38100/100000 | Avg Score: 16382.72 | Success Rate: 0.26
Episode 38200/100000 | Avg Score: 16405.80 | Success Rate: 0.27
Episode 38300/100000 | Avg Score: 16530.08 | Success Rate: 0.27
Episode 38400/100000 | Avg Score: 14434.64 | Success Rate: 0.20
Episode 38500/100000 | Avg Score: 15837.88 | Success Rate: 0.20
Episode 38600/100000 | Avg Score: 16485.12 | Success Rate: 0.25
Episode 38700/100000 | Avg Score: 17256.48 | Success Rate: 0.34
Episode 38800/100000 | Avg Score: 15712.36 | Success Rate: 0.23
Episode 38900/100000 | Avg Score: 16241.52 | Success Rate: 0.21
Episode 39000/100000 | Avg Score: 15900.48 | Success Rate: 0.15
Episode 39100/100000 | Avg Score: 15749.40 | Success Rate: 0.24
Episode 39200/100000 | Avg Score: 15860.92 | Success Rate: 0.21
Episode 39300/100000 | Avg Score: 15960.68 | Success Rate: 0.27
Episode 39400/100000 | Avg Score: 16229.44 | Success Rate: 0.27
Episode 39500/100000 | Avg Score: 15613.80 | Success Rate: 0.22
Episode 39600/100000 | Avg Score: 14208.44 | Success Rate: 0.14
Episode 39700/100000 | Avg Score: 16041.16 | Success Rate: 0.19
Episode 39800/100000 | Avg Score: 15661.20 | Success Rate: 0.22
Episode 39900/100000 | Avg Score: 14764.40 | Success Rate: 0.17
Episode 40000/100000 | Avg Score: 16213.44 | Success Rate: 0.24
Episode 40100/100000 | Avg Score: 16322.44 | Success Rate: 0.26
Episode 40200/100000 | Avg Score: 15041.16 | Success Rate: 0.24
Episode 40300/100000 | Avg Score: 15362.96 | Success Rate: 0.21
Episode 40400/100000 | Avg Score: 16965.08 | Success Rate: 0.27
Episode 40500/100000 | Avg Score: 15274.12 | Success Rate: 0.19
Episode 40600/100000 | Avg Score: 16155.00 | Success Rate: 0.22
Episode 40700/100000 | Avg Score: 15228.92 | Success Rate: 0.21
Episode 40800/100000 | Avg Score: 16794.64 | Success Rate: 0.25
Episode 40900/100000 | Avg Score: 16292.44 | Success Rate: 0.25
Episode 41000/100000 | Avg Score: 16316.04 | Success Rate: 0.29
Episode 41100/100000 | Avg Score: 15580.32 | Success Rate: 0.26
Episode 41200/100000 | Avg Score: 18749.88 | Success Rate: 0.35
Episode 41300/100000 | Avg Score: 15294.20 | Success Rate: 0.27
Episode 41400/100000 | Avg Score: 16560.80 | Success Rate: 0.22
Episode 41500/100000 | Avg Score: 15058.32 | Success Rate: 0.20
Episode 41600/100000 | Avg Score: 15207.12 | Success Rate: 0.26
Episode 41700/100000 | Avg Score: 16973.16 | Success Rate: 0.32
Episode 41800/100000 | Avg Score: 13848.08 | Success Rate: 0.16
Episode 41900/100000 | Avg Score: 17076.08 | Success Rate: 0.27
Episode 42000/100000 | Avg Score: 16033.76 | Success Rate: 0.23
Episode 42100/100000 | Avg Score: 16121.32 | Success Rate: 0.29
Episode 42200/100000 | Avg Score: 17034.80 | Success Rate: 0.32
Episode 42300/100000 | Avg Score: 17027.12 | Success Rate: 0.29
Episode 42400/100000 | Avg Score: 16005.96 | Success Rate: 0.26
Episode 42500/100000 | Avg Score: 16027.68 | Success Rate: 0.23
Episode 42600/100000 | Avg Score: 15564.48 | Success Rate: 0.23
Episode 42700/100000 | Avg Score: 14629.88 | Success Rate: 0.18
Episode 42800/100000 | Avg Score: 14292.68 | Success Rate: 0.18
Episode 42900/100000 | Avg Score: 16567.04 | Success Rate: 0.26
Episode 43000/100000 | Avg Score: 16623.64 | Success Rate: 0.28
Episode 43100/100000 | Avg Score: 17091.24 | Success Rate: 0.27
Episode 43200/100000 | Avg Score: 14149.04 | Success Rate: 0.20
Episode 43300/100000 | Avg Score: 17200.60 | Success Rate: 0.23
Episode 43400/100000 | Avg Score: 14653.76 | Success Rate: 0.18
Episode 43500/100000 | Avg Score: 16253.08 | Success Rate: 0.23
Episode 43600/100000 | Avg Score: 16672.84 | Success Rate: 0.26
Episode 43700/100000 | Avg Score: 15513.36 | Success Rate: 0.25
Episode 43800/100000 | Avg Score: 15037.28 | Success Rate: 0.23
Episode 43900/100000 | Avg Score: 15443.16 | Success Rate: 0.20
Episode 44000/100000 | Avg Score: 16560.04 | Success Rate: 0.24
Episode 44100/100000 | Avg Score: 14962.12 | Success Rate: 0.17
Episode 44200/100000 | Avg Score: 15715.04 | Success Rate: 0.27
Episode 44300/100000 | Avg Score: 15744.76 | Success Rate: 0.27
Episode 44400/100000 | Avg Score: 13743.04 | Success Rate: 0.13
Episode 44500/100000 | Avg Score: 15473.44 | Success Rate: 0.27
Episode 44600/100000 | Avg Score: 15118.60 | Success Rate: 0.23
Episode 44700/100000 | Avg Score: 14732.12 | Success Rate: 0.17
Episode 44800/100000 | Avg Score: 15179.88 | Success Rate: 0.21
Episode 44900/100000 | Avg Score: 15155.76 | Success Rate: 0.20
Episode 45000/100000 | Avg Score: 13926.76 | Success Rate: 0.14
Episode 45100/100000 | Avg Score: 15056.16 | Success Rate: 0.15
Episode 45200/100000 | Avg Score: 13921.24 | Success Rate: 0.15
Episode 45300/100000 | Avg Score: 14802.20 | Success Rate: 0.21
Episode 45400/100000 | Avg Score: 15223.40 | Success Rate: 0.23
Episode 45500/100000 | Avg Score: 16265.92 | Success Rate: 0.30
Episode 45600/100000 | Avg Score: 15133.92 | Success Rate: 0.21
Episode 45700/100000 | Avg Score: 15349.80 | Success Rate: 0.20
Episode 45800/100000 | Avg Score: 15143.20 | Success Rate: 0.23
Episode 45900/100000 | Avg Score: 15106.00 | Success Rate: 0.17
Episode 46000/100000 | Avg Score: 16013.12 | Success Rate: 0.23
Episode 46100/100000 | Avg Score: 14505.20 | Success Rate: 0.14
Episode 46200/100000 | Avg Score: 14116.28 | Success Rate: 0.14
Episode 46300/100000 | Avg Score: 15366.24 | Success Rate: 0.21
Episode 46400/100000 | Avg Score: 13517.56 | Success Rate: 0.15
Episode 46500/100000 | Avg Score: 14610.48 | Success Rate: 0.20
Episode 46600/100000 | Avg Score: 16600.60 | Success Rate: 0.26
Episode 46700/100000 | Avg Score: 17073.88 | Success Rate: 0.33
Episode 46800/100000 | Avg Score: 15609.48 | Success Rate: 0.26
Episode 46900/100000 | Avg Score: 14611.96 | Success Rate: 0.20
Episode 47000/100000 | Avg Score: 13775.76 | Success Rate: 0.21
Episode 47100/100000 | Avg Score: 16604.16 | Success Rate: 0.26
Episode 47200/100000 | Avg Score: 15225.28 | Success Rate: 0.20
Episode 47300/100000 | Avg Score: 15195.12 | Success Rate: 0.19
Episode 47400/100000 | Avg Score: 15391.16 | Success Rate: 0.19
Episode 47500/100000 | Avg Score: 16003.32 | Success Rate: 0.28
Episode 47600/100000 | Avg Score: 14404.40 | Success Rate: 0.20
Episode 47700/100000 | Avg Score: 15132.24 | Success Rate: 0.19
Episode 47800/100000 | Avg Score: 14815.72 | Success Rate: 0.20
Episode 47900/100000 | Avg Score: 16278.20 | Success Rate: 0.28
Episode 48000/100000 | Avg Score: 15289.52 | Success Rate: 0.21
Episode 48100/100000 | Avg Score: 15788.20 | Success Rate: 0.29
Episode 48200/100000 | Avg Score: 15722.48 | Success Rate: 0.26
Episode 48300/100000 | Avg Score: 16313.80 | Success Rate: 0.26
Episode 48400/100000 | Avg Score: 14758.04 | Success Rate: 0.26
Episode 48500/100000 | Avg Score: 15006.96 | Success Rate: 0.22
Episode 48600/100000 | Avg Score: 14272.48 | Success Rate: 0.17
Episode 48700/100000 | Avg Score: 13557.20 | Success Rate: 0.14
Episode 48800/100000 | Avg Score: 15705.52 | Success Rate: 0.25
Episode 48900/100000 | Avg Score: 14570.44 | Success Rate: 0.15
Episode 49000/100000 | Avg Score: 15326.16 | Success Rate: 0.21
Episode 49100/100000 | Avg Score: 16612.64 | Success Rate: 0.25
Episode 49200/100000 | Avg Score: 15722.36 | Success Rate: 0.29
Episode 49300/100000 | Avg Score: 13172.12 | Success Rate: 0.15
Episode 49400/100000 | Avg Score: 14457.76 | Success Rate: 0.19
Episode 49500/100000 | Avg Score: 14972.60 | Success Rate: 0.21
Episode 49600/100000 | Avg Score: 15806.04 | Success Rate: 0.25
Episode 49700/100000 | Avg Score: 14076.72 | Success Rate: 0.20
Episode 49800/100000 | Avg Score: 14078.28 | Success Rate: 0.18
Episode 49900/100000 | Avg Score: 14823.44 | Success Rate: 0.21
Episode 50000/100000 | Avg Score: 15299.20 | Success Rate: 0.18
Episode 50100/100000 | Avg Score: 14095.72 | Success Rate: 0.18
Episode 50200/100000 | Avg Score: 16181.84 | Success Rate: 0.29
Episode 50300/100000 | Avg Score: 14127.64 | Success Rate: 0.20
Episode 50400/100000 | Avg Score: 14916.28 | Success Rate: 0.21
Episode 50500/100000 | Avg Score: 15539.72 | Success Rate: 0.18
Episode 50600/100000 | Avg Score: 15204.68 | Success Rate: 0.24
Episode 50700/100000 | Avg Score: 14455.16 | Success Rate: 0.22
Episode 50800/100000 | Avg Score: 12884.40 | Success Rate: 0.15
Episode 50900/100000 | Avg Score: 14306.20 | Success Rate: 0.16
Episode 51000/100000 | Avg Score: 15692.04 | Success Rate: 0.25
Episode 51100/100000 | Avg Score: 15469.60 | Success Rate: 0.26
Episode 51200/100000 | Avg Score: 14589.28 | Success Rate: 0.18
Episode 51300/100000 | Avg Score: 16087.48 | Success Rate: 0.29
Episode 51400/100000 | Avg Score: 13958.44 | Success Rate: 0.14
Episode 51500/100000 | Avg Score: 14337.96 | Success Rate: 0.16
Episode 51600/100000 | Avg Score: 14180.68 | Success Rate: 0.19
Episode 51700/100000 | Avg Score: 14445.96 | Success Rate: 0.24
Episode 51800/100000 | Avg Score: 13638.44 | Success Rate: 0.12
Episode 51900/100000 | Avg Score: 14868.60 | Success Rate: 0.19
Episode 52000/100000 | Avg Score: 15346.28 | Success Rate: 0.25
Episode 52100/100000 | Avg Score: 15310.48 | Success Rate: 0.26
Episode 52200/100000 | Avg Score: 15135.40 | Success Rate: 0.24
Episode 52300/100000 | Avg Score: 13627.32 | Success Rate: 0.17
Episode 52400/100000 | Avg Score: 15905.92 | Success Rate: 0.25
Episode 52500/100000 | Avg Score: 14660.24 | Success Rate: 0.20
Episode 52600/100000 | Avg Score: 14448.88 | Success Rate: 0.22
/root/.pyenv/versions/3.8.0/lib/python3.8/site-packages/gym/envs/registration.py:307: DeprecationWarning: The package name gym_minigrid has been deprecated in favor of minigrid. Please uninstall gym_minigrid and install minigrid with `pip install minigrid`. Future releases will be maintained under the new package name minigrid.
  fn()
Traceback (most recent call last):
  File "q1.py", line 188, in <module>
    if len(sys.argv)>1 and os.path.exists(sys.argv[1]):
NameError: name 'os' is not defined
Episode 52700/100000 | Avg Score: 14018.79 | Success Rate: 0.16
Episode 52800/100000 | Avg Score: 15566.96 | Success Rate: 0.23
Episode 52900/100000 | Avg Score: 14563.08 | Success Rate: 0.17
Episode 53000/100000 | Avg Score: 13410.68 | Success Rate: 0.13
Episode 53100/100000 | Avg Score: 14495.64 | Success Rate: 0.19
Episode 53200/100000 | Avg Score: 14322.64 | Success Rate: 0.17
Episode 53300/100000 | Avg Score: 14546.64 | Success Rate: 0.14
Episode 53400/100000 | Avg Score: 14626.12 | Success Rate: 0.21
Episode 53500/100000 | Avg Score: 13457.60 | Success Rate: 0.14
Episode 53600/100000 | Avg Score: 14937.76 | Success Rate: 0.19
Episode 53700/100000 | Avg Score: 12641.12 | Success Rate: 0.10
Episode 53800/100000 | Avg Score: 14735.64 | Success Rate: 0.22
Episode 53900/100000 | Avg Score: 13822.12 | Success Rate: 0.16
Episode 54000/100000 | Avg Score: 15688.68 | Success Rate: 0.22
Episode 54100/100000 | Avg Score: 13711.32 | Success Rate: 0.18
Episode 54200/100000 | Avg Score: 15709.84 | Success Rate: 0.21
Episode 54300/100000 | Avg Score: 14659.32 | Success Rate: 0.19
Episode 54400/100000 | Avg Score: 14750.64 | Success Rate: 0.19
Episode 54500/100000 | Avg Score: 13585.32 | Success Rate: 0.17
Episode 54600/100000 | Avg Score: 14338.68 | Success Rate: 0.19
Episode 54700/100000 | Avg Score: 14523.84 | Success Rate: 0.22
Episode 54800/100000 | Avg Score: 14963.72 | Success Rate: 0.19
Episode 54900/100000 | Avg Score: 14863.36 | Success Rate: 0.19
Episode 55000/100000 | Avg Score: 15724.52 | Success Rate: 0.25
Episode 55100/100000 | Avg Score: 13578.48 | Success Rate: 0.18
Episode 55200/100000 | Avg Score: 14238.60 | Success Rate: 0.16
Episode 55300/100000 | Avg Score: 14298.84 | Success Rate: 0.21
Episode 55400/100000 | Avg Score: 13035.64 | Success Rate: 0.14
Episode 55500/100000 | Avg Score: 14870.32 | Success Rate: 0.20
Episode 55600/100000 | Avg Score: 13399.96 | Success Rate: 0.13
Episode 55700/100000 | Avg Score: 14198.20 | Success Rate: 0.20
Episode 55800/100000 | Avg Score: 13678.12 | Success Rate: 0.15
Episode 55900/100000 | Avg Score: 14004.24 | Success Rate: 0.21
Episode 56000/100000 | Avg Score: 13116.60 | Success Rate: 0.12
Episode 56100/100000 | Avg Score: 14800.56 | Success Rate: 0.20
Episode 56200/100000 | Avg Score: 14644.20 | Success Rate: 0.21
Episode 56300/100000 | Avg Score: 14751.40 | Success Rate: 0.17
Episode 56400/100000 | Avg Score: 13886.48 | Success Rate: 0.17
Episode 56500/100000 | Avg Score: 14311.20 | Success Rate: 0.20
Episode 56600/100000 | Avg Score: 13765.08 | Success Rate: 0.21
Episode 56700/100000 | Avg Score: 14480.36 | Success Rate: 0.21
Episode 56800/100000 | Avg Score: 14628.36 | Success Rate: 0.21
Episode 56900/100000 | Avg Score: 14099.44 | Success Rate: 0.17
Episode 57000/100000 | Avg Score: 13975.64 | Success Rate: 0.15
Episode 57100/100000 | Avg Score: 13138.88 | Success Rate: 0.15
Episode 57200/100000 | Avg Score: 12494.88 | Success Rate: 0.13
Episode 57300/100000 | Avg Score: 15335.56 | Success Rate: 0.26
Episode 57400/100000 | Avg Score: 14783.84 | Success Rate: 0.24
Episode 57500/100000 | Avg Score: 14144.08 | Success Rate: 0.18
Episode 57600/100000 | Avg Score: 14351.12 | Success Rate: 0.22
Episode 57700/100000 | Avg Score: 15109.48 | Success Rate: 0.24
Episode 57800/100000 | Avg Score: 13506.64 | Success Rate: 0.18
Episode 57900/100000 | Avg Score: 13472.72 | Success Rate: 0.18
Episode 58000/100000 | Avg Score: 15739.04 | Success Rate: 0.25
Episode 58100/100000 | Avg Score: 15663.48 | Success Rate: 0.25
Episode 58200/100000 | Avg Score: 13305.28 | Success Rate: 0.14
Episode 58300/100000 | Avg Score: 14366.40 | Success Rate: 0.21
Episode 58400/100000 | Avg Score: 14423.00 | Success Rate: 0.21
Episode 58500/100000 | Avg Score: 12953.96 | Success Rate: 0.15
Episode 58600/100000 | Avg Score: 14088.08 | Success Rate: 0.19
Episode 58700/100000 | Avg Score: 14135.92 | Success Rate: 0.20
Episode 58800/100000 | Avg Score: 14278.32 | Success Rate: 0.17
Episode 58900/100000 | Avg Score: 13878.72 | Success Rate: 0.17
Episode 59000/100000 | Avg Score: 12965.16 | Success Rate: 0.18
Episode 59100/100000 | Avg Score: 15218.40 | Success Rate: 0.26
Episode 59200/100000 | Avg Score: 14767.28 | Success Rate: 0.20
Episode 59300/100000 | Avg Score: 12513.68 | Success Rate: 0.16
Episode 59400/100000 | Avg Score: 15184.08 | Success Rate: 0.22
Episode 59500/100000 | Avg Score: 12996.76 | Success Rate: 0.14
Episode 59600/100000 | Avg Score: 14954.04 | Success Rate: 0.22
Episode 59700/100000 | Avg Score: 14822.72 | Success Rate: 0.17
Episode 59800/100000 | Avg Score: 14637.40 | Success Rate: 0.20
Episode 59900/100000 | Avg Score: 13047.36 | Success Rate: 0.12
Episode 60000/100000 | Avg Score: 13716.68 | Success Rate: 0.16
Episode 60100/100000 | Avg Score: 14728.88 | Success Rate: 0.23
Episode 60200/100000 | Avg Score: 14155.28 | Success Rate: 0.19
Episode 60300/100000 | Avg Score: 15391.48 | Success Rate: 0.21
Episode 60400/100000 | Avg Score: 12324.08 | Success Rate: 0.13
Episode 60500/100000 | Avg Score: 12899.40 | Success Rate: 0.09
Episode 60600/100000 | Avg Score: 14722.56 | Success Rate: 0.17
Episode 60700/100000 | Avg Score: 12872.56 | Success Rate: 0.17
Episode 60800/100000 | Avg Score: 14528.56 | Success Rate: 0.20
Episode 60900/100000 | Avg Score: 15102.28 | Success Rate: 0.21
Episode 61000/100000 | Avg Score: 12545.96 | Success Rate: 0.12
Episode 61100/100000 | Avg Score: 15862.32 | Success Rate: 0.24
Episode 61200/100000 | Avg Score: 14694.76 | Success Rate: 0.22
Episode 61300/100000 | Avg Score: 13910.92 | Success Rate: 0.19
Episode 61400/100000 | Avg Score: 13969.68 | Success Rate: 0.16
Episode 61500/100000 | Avg Score: 12814.12 | Success Rate: 0.17
Episode 61600/100000 | Avg Score: 13190.68 | Success Rate: 0.12
Episode 61700/100000 | Avg Score: 13017.48 | Success Rate: 0.17
Episode 61800/100000 | Avg Score: 14144.68 | Success Rate: 0.14
Episode 61900/100000 | Avg Score: 13912.40 | Success Rate: 0.16
Episode 62000/100000 | Avg Score: 14774.28 | Success Rate: 0.23
Episode 62100/100000 | Avg Score: 13898.64 | Success Rate: 0.17
Episode 62200/100000 | Avg Score: 13624.20 | Success Rate: 0.15
Episode 62300/100000 | Avg Score: 14012.80 | Success Rate: 0.17
Episode 62400/100000 | Avg Score: 15055.76 | Success Rate: 0.24
Episode 62500/100000 | Avg Score: 12088.08 | Success Rate: 0.10
Episode 62600/100000 | Avg Score: 13524.88 | Success Rate: 0.15
Episode 62700/100000 | Avg Score: 14377.92 | Success Rate: 0.20
Episode 62800/100000 | Avg Score: 14388.40 | Success Rate: 0.16
Episode 62900/100000 | Avg Score: 14831.76 | Success Rate: 0.19
Episode 63000/100000 | Avg Score: 13905.48 | Success Rate: 0.12
Episode 63100/100000 | Avg Score: 14169.16 | Success Rate: 0.17
Episode 63200/100000 | Avg Score: 13881.32 | Success Rate: 0.15
Episode 63300/100000 | Avg Score: 14115.84 | Success Rate: 0.19
Episode 63400/100000 | Avg Score: 12379.04 | Success Rate: 0.14
Episode 63500/100000 | Avg Score: 13722.80 | Success Rate: 0.16
Episode 63600/100000 | Avg Score: 12078.36 | Success Rate: 0.11
Episode 63700/100000 | Avg Score: 13367.48 | Success Rate: 0.15
Episode 63800/100000 | Avg Score: 13788.96 | Success Rate: 0.12
Episode 63900/100000 | Avg Score: 14127.92 | Success Rate: 0.20
Episode 64000/100000 | Avg Score: 13019.00 | Success Rate: 0.13
Episode 64100/100000 | Avg Score: 12873.88 | Success Rate: 0.19
Episode 64200/100000 | Avg Score: 13929.72 | Success Rate: 0.17
Episode 64300/100000 | Avg Score: 13805.80 | Success Rate: 0.14
Episode 64400/100000 | Avg Score: 13566.96 | Success Rate: 0.20
Episode 64500/100000 | Avg Score: 12898.40 | Success Rate: 0.16
Episode 64600/100000 | Avg Score: 13649.72 | Success Rate: 0.15
Episode 64700/100000 | Avg Score: 13887.88 | Success Rate: 0.18
Episode 64800/100000 | Avg Score: 13018.64 | Success Rate: 0.16
Episode 64900/100000 | Avg Score: 14329.68 | Success Rate: 0.19
Episode 65000/100000 | Avg Score: 14000.12 | Success Rate: 0.16
Episode 65100/100000 | Avg Score: 12374.88 | Success Rate: 0.14
Episode 65200/100000 | Avg Score: 14572.20 | Success Rate: 0.21
Episode 65300/100000 | Avg Score: 13988.96 | Success Rate: 0.18
Episode 65400/100000 | Avg Score: 14233.84 | Success Rate: 0.20
Episode 65500/100000 | Avg Score: 13878.20 | Success Rate: 0.16
Episode 65600/100000 | Avg Score: 14534.48 | Success Rate: 0.21
Episode 65700/100000 | Avg Score: 14009.52 | Success Rate: 0.15
Episode 65800/100000 | Avg Score: 13512.40 | Success Rate: 0.19
Episode 65900/100000 | Avg Score: 14689.16 | Success Rate: 0.20
Episode 66000/100000 | Avg Score: 13941.48 | Success Rate: 0.22
Episode 66100/100000 | Avg Score: 13104.88 | Success Rate: 0.14
Episode 66200/100000 | Avg Score: 14114.48 | Success Rate: 0.15
Episode 66300/100000 | Avg Score: 13238.72 | Success Rate: 0.18
Episode 66400/100000 | Avg Score: 14045.84 | Success Rate: 0.14
Episode 66500/100000 | Avg Score: 14701.08 | Success Rate: 0.21
Episode 66600/100000 | Avg Score: 11870.16 | Success Rate: 0.10
Episode 66700/100000 | Avg Score: 13453.64 | Success Rate: 0.17
Episode 66800/100000 | Avg Score: 13340.40 | Success Rate: 0.17
Episode 66900/100000 | Avg Score: 13714.24 | Success Rate: 0.21
Episode 67000/100000 | Avg Score: 13798.20 | Success Rate: 0.16
Episode 67100/100000 | Avg Score: 15472.32 | Success Rate: 0.21
Episode 67200/100000 | Avg Score: 12144.00 | Success Rate: 0.10
Episode 67300/100000 | Avg Score: 13478.84 | Success Rate: 0.20
Episode 67400/100000 | Avg Score: 13241.20 | Success Rate: 0.15
Episode 67500/100000 | Avg Score: 13509.28 | Success Rate: 0.13
Episode 67600/100000 | Avg Score: 13796.16 | Success Rate: 0.17
Episode 67700/100000 | Avg Score: 14215.36 | Success Rate: 0.16
Episode 67800/100000 | Avg Score: 14445.24 | Success Rate: 0.20
Episode 67900/100000 | Avg Score: 15022.24 | Success Rate: 0.20
Episode 68000/100000 | Avg Score: 13113.52 | Success Rate: 0.17
Episode 68100/100000 | Avg Score: 13112.08 | Success Rate: 0.17
Episode 68200/100000 | Avg Score: 13984.76 | Success Rate: 0.20
Episode 68300/100000 | Avg Score: 14549.16 | Success Rate: 0.25
Episode 68400/100000 | Avg Score: 12467.24 | Success Rate: 0.16
Episode 68500/100000 | Avg Score: 14363.96 | Success Rate: 0.20
Episode 68600/100000 | Avg Score: 12865.24 | Success Rate: 0.10
Episode 68700/100000 | Avg Score: 14931.68 | Success Rate: 0.23
Episode 68800/100000 | Avg Score: 12092.64 | Success Rate: 0.10
Episode 68900/100000 | Avg Score: 12550.20 | Success Rate: 0.14
Episode 69000/100000 | Avg Score: 15262.32 | Success Rate: 0.23
Episode 69100/100000 | Avg Score: 14255.32 | Success Rate: 0.19
Episode 69200/100000 | Avg Score: 13313.60 | Success Rate: 0.12
Episode 69300/100000 | Avg Score: 14946.88 | Success Rate: 0.20
Episode 69400/100000 | Avg Score: 14187.20 | Success Rate: 0.19
Episode 69500/100000 | Avg Score: 13140.80 | Success Rate: 0.14
Episode 69600/100000 | Avg Score: 13815.24 | Success Rate: 0.18
Episode 69700/100000 | Avg Score: 12211.68 | Success Rate: 0.12
Episode 69800/100000 | Avg Score: 14235.36 | Success Rate: 0.19
Episode 69900/100000 | Avg Score: 12414.88 | Success Rate: 0.14
Episode 70000/100000 | Avg Score: 14493.88 | Success Rate: 0.19
Episode 70100/100000 | Avg Score: 13230.16 | Success Rate: 0.15
Episode 70200/100000 | Avg Score: 13371.72 | Success Rate: 0.20
Episode 70300/100000 | Avg Score: 14023.40 | Success Rate: 0.19
Episode 70400/100000 | Avg Score: 14017.08 | Success Rate: 0.16
Episode 70500/100000 | Avg Score: 13253.48 | Success Rate: 0.13
Episode 70600/100000 | Avg Score: 13972.20 | Success Rate: 0.22
Episode 70700/100000 | Avg Score: 12959.28 | Success Rate: 0.13
Episode 70800/100000 | Avg Score: 12947.40 | Success Rate: 0.14
Episode 70900/100000 | Avg Score: 12391.68 | Success Rate: 0.11
Episode 71000/100000 | Avg Score: 12039.96 | Success Rate: 0.09
Episode 71100/100000 | Avg Score: 12979.48 | Success Rate: 0.15
Episode 71200/100000 | Avg Score: 13379.36 | Success Rate: 0.18
Episode 71300/100000 | Avg Score: 13582.12 | Success Rate: 0.17
Episode 71400/100000 | Avg Score: 12725.16 | Success Rate: 0.18
Episode 71500/100000 | Avg Score: 13398.60 | Success Rate: 0.14
Episode 71600/100000 | Avg Score: 13674.04 | Success Rate: 0.15
Episode 71700/100000 | Avg Score: 12479.72 | Success Rate: 0.15
Episode 71800/100000 | Avg Score: 12128.12 | Success Rate: 0.10
Episode 71900/100000 | Avg Score: 12531.68 | Success Rate: 0.13
Episode 72000/100000 | Avg Score: 12959.88 | Success Rate: 0.13
Episode 72100/100000 | Avg Score: 13385.28 | Success Rate: 0.17
Episode 72200/100000 | Avg Score: 13978.88 | Success Rate: 0.23
Episode 72300/100000 | Avg Score: 13444.84 | Success Rate: 0.17
Episode 72400/100000 | Avg Score: 14695.20 | Success Rate: 0.20
Episode 72500/100000 | Avg Score: 14687.44 | Success Rate: 0.19
Episode 72600/100000 | Avg Score: 13147.16 | Success Rate: 0.17
Episode 72700/100000 | Avg Score: 13601.80 | Success Rate: 0.18
Episode 72800/100000 | Avg Score: 14338.24 | Success Rate: 0.18
Episode 72900/100000 | Avg Score: 13054.92 | Success Rate: 0.13
Episode 73000/100000 | Avg Score: 11984.80 | Success Rate: 0.10
Episode 73100/100000 | Avg Score: 13217.64 | Success Rate: 0.16
Episode 73200/100000 | Avg Score: 12964.48 | Success Rate: 0.16
Episode 73300/100000 | Avg Score: 12967.40 | Success Rate: 0.12
Episode 73400/100000 | Avg Score: 13156.12 | Success Rate: 0.19
Episode 73500/100000 | Avg Score: 12016.40 | Success Rate: 0.13
Episode 73600/100000 | Avg Score: 14554.60 | Success Rate: 0.23
Episode 73700/100000 | Avg Score: 12415.40 | Success Rate: 0.11
Episode 73800/100000 | Avg Score: 13854.60 | Success Rate: 0.15
Episode 73900/100000 | Avg Score: 12298.04 | Success Rate: 0.13
Episode 74000/100000 | Avg Score: 12903.84 | Success Rate: 0.15
Episode 74100/100000 | Avg Score: 12829.76 | Success Rate: 0.13
Episode 74200/100000 | Avg Score: 14126.92 | Success Rate: 0.21
Episode 74300/100000 | Avg Score: 12873.24 | Success Rate: 0.12
Episode 74400/100000 | Avg Score: 12984.44 | Success Rate: 0.19
Episode 74500/100000 | Avg Score: 13801.60 | Success Rate: 0.19
Episode 74600/100000 | Avg Score: 11886.40 | Success Rate: 0.13
Episode 74700/100000 | Avg Score: 13007.52 | Success Rate: 0.18
Episode 74800/100000 | Avg Score: 12864.08 | Success Rate: 0.11
Episode 74900/100000 | Avg Score: 13070.92 | Success Rate: 0.18
Episode 75000/100000 | Avg Score: 13459.08 | Success Rate: 0.15
Episode 75100/100000 | Avg Score: 13210.76 | Success Rate: 0.13
Episode 75200/100000 | Avg Score: 13695.12 | Success Rate: 0.17
Episode 75300/100000 | Avg Score: 13896.64 | Success Rate: 0.16
Episode 75400/100000 | Avg Score: 12915.68 | Success Rate: 0.12
Episode 75500/100000 | Avg Score: 13469.52 | Success Rate: 0.19
Episode 75600/100000 | Avg Score: 14669.96 | Success Rate: 0.20
Episode 75700/100000 | Avg Score: 12441.16 | Success Rate: 0.13
Episode 75800/100000 | Avg Score: 12894.12 | Success Rate: 0.13
Episode 75900/100000 | Avg Score: 12376.00 | Success Rate: 0.15
Episode 76000/100000 | Avg Score: 12238.32 | Success Rate: 0.12
Episode 76100/100000 | Avg Score: 13158.32 | Success Rate: 0.17
Episode 76200/100000 | Avg Score: 12473.48 | Success Rate: 0.12
Episode 76300/100000 | Avg Score: 13116.76 | Success Rate: 0.12
Episode 76400/100000 | Avg Score: 13153.80 | Success Rate: 0.13
Episode 76500/100000 | Avg Score: 12811.76 | Success Rate: 0.12
Episode 76600/100000 | Avg Score: 14446.32 | Success Rate: 0.14
Episode 76700/100000 | Avg Score: 14222.44 | Success Rate: 0.21
Episode 76800/100000 | Avg Score: 12547.00 | Success Rate: 0.18
Episode 76900/100000 | Avg Score: 13454.52 | Success Rate: 0.18
Episode 77000/100000 | Avg Score: 11951.00 | Success Rate: 0.12
Episode 77100/100000 | Avg Score: 13974.68 | Success Rate: 0.19
Episode 77200/100000 | Avg Score: 13361.04 | Success Rate: 0.17
Episode 77300/100000 | Avg Score: 12659.52 | Success Rate: 0.11
Episode 77400/100000 | Avg Score: 13937.68 | Success Rate: 0.20
Episode 77500/100000 | Avg Score: 14290.08 | Success Rate: 0.20
Episode 77600/100000 | Avg Score: 12777.20 | Success Rate: 0.16
Episode 77700/100000 | Avg Score: 12854.52 | Success Rate: 0.12
Episode 77800/100000 | Avg Score: 13127.20 | Success Rate: 0.19
Episode 77900/100000 | Avg Score: 12937.64 | Success Rate: 0.12
Episode 78000/100000 | Avg Score: 13063.52 | Success Rate: 0.14
Episode 78100/100000 | Avg Score: 12868.72 | Success Rate: 0.16
Episode 78200/100000 | Avg Score: 11523.40 | Success Rate: 0.05
Episode 78300/100000 | Avg Score: 14513.00 | Success Rate: 0.20
Episode 78400/100000 | Avg Score: 10932.24 | Success Rate: 0.09
Episode 78500/100000 | Avg Score: 13714.20 | Success Rate: 0.20
Episode 78600/100000 | Avg Score: 12255.24 | Success Rate: 0.12
Episode 78700/100000 | Avg Score: 13686.44 | Success Rate: 0.22
Episode 78800/100000 | Avg Score: 13436.04 | Success Rate: 0.19
Episode 78900/100000 | Avg Score: 13252.96 | Success Rate: 0.19
Episode 79000/100000 | Avg Score: 13566.08 | Success Rate: 0.17
Episode 79100/100000 | Avg Score: 13299.92 | Success Rate: 0.14
Episode 79200/100000 | Avg Score: 13538.72 | Success Rate: 0.17
Episode 79300/100000 | Avg Score: 13543.92 | Success Rate: 0.18
Episode 79400/100000 | Avg Score: 13730.52 | Success Rate: 0.16
Episode 79500/100000 | Avg Score: 10925.64 | Success Rate: 0.09
Episode 79600/100000 | Avg Score: 13188.00 | Success Rate: 0.16
Episode 79700/100000 | Avg Score: 13645.80 | Success Rate: 0.16
Episode 79800/100000 | Avg Score: 12737.80 | Success Rate: 0.15
Episode 79900/100000 | Avg Score: 12546.44 | Success Rate: 0.12
Episode 80000/100000 | Avg Score: 12440.20 | Success Rate: 0.13
Episode 80100/100000 | Avg Score: 12801.44 | Success Rate: 0.20
Episode 80200/100000 | Avg Score: 11545.12 | Success Rate: 0.10
Episode 80300/100000 | Avg Score: 12665.44 | Success Rate: 0.16
Episode 80400/100000 | Avg Score: 12143.08 | Success Rate: 0.13
Episode 80500/100000 | Avg Score: 11840.20 | Success Rate: 0.17
Episode 80600/100000 | Avg Score: 12854.04 | Success Rate: 0.14
Episode 80700/100000 | Avg Score: 12301.80 | Success Rate: 0.14
Episode 80800/100000 | Avg Score: 14013.24 | Success Rate: 0.18
Episode 80900/100000 | Avg Score: 12154.52 | Success Rate: 0.13
Episode 81000/100000 | Avg Score: 12375.80 | Success Rate: 0.12
Episode 81100/100000 | Avg Score: 13674.28 | Success Rate: 0.17
Episode 81200/100000 | Avg Score: 11332.60 | Success Rate: 0.08
Episode 81300/100000 | Avg Score: 12149.88 | Success Rate: 0.11
Episode 81400/100000 | Avg Score: 12429.64 | Success Rate: 0.11
Episode 81500/100000 | Avg Score: 11635.80 | Success Rate: 0.07
Episode 81600/100000 | Avg Score: 13041.88 | Success Rate: 0.16
Episode 81700/100000 | Avg Score: 12083.64 | Success Rate: 0.15
Episode 81800/100000 | Avg Score: 13231.12 | Success Rate: 0.15
Episode 81900/100000 | Avg Score: 13345.08 | Success Rate: 0.17
Episode 82000/100000 | Avg Score: 13912.24 | Success Rate: 0.17
Episode 82100/100000 | Avg Score: 11614.44 | Success Rate: 0.10
Episode 82200/100000 | Avg Score: 12156.16 | Success Rate: 0.13
Episode 82300/100000 | Avg Score: 12002.76 | Success Rate: 0.12
Episode 82400/100000 | Avg Score: 12599.20 | Success Rate: 0.12
Episode 82500/100000 | Avg Score: 13087.24 | Success Rate: 0.15
Episode 82600/100000 | Avg Score: 14078.92 | Success Rate: 0.20
Episode 82700/100000 | Avg Score: 13187.68 | Success Rate: 0.14
Episode 82800/100000 | Avg Score: 11824.52 | Success Rate: 0.14
Episode 82900/100000 | Avg Score: 14625.24 | Success Rate: 0.23
Episode 83000/100000 | Avg Score: 12315.60 | Success Rate: 0.15
Episode 83100/100000 | Avg Score: 13289.80 | Success Rate: 0.16
Episode 83200/100000 | Avg Score: 12384.04 | Success Rate: 0.12
Episode 83300/100000 | Avg Score: 12190.80 | Success Rate: 0.15
Episode 83400/100000 | Avg Score: 13184.44 | Success Rate: 0.14
Episode 83500/100000 | Avg Score: 13332.48 | Success Rate: 0.18
Episode 83600/100000 | Avg Score: 13369.28 | Success Rate: 0.15
Episode 83700/100000 | Avg Score: 12222.44 | Success Rate: 0.11
Episode 83800/100000 | Avg Score: 11284.40 | Success Rate: 0.10
Episode 83900/100000 | Avg Score: 12472.32 | Success Rate: 0.16
Episode 84000/100000 | Avg Score: 13822.96 | Success Rate: 0.22
Episode 84100/100000 | Avg Score: 11613.08 | Success Rate: 0.12
Episode 84200/100000 | Avg Score: 13071.72 | Success Rate: 0.15
Episode 84300/100000 | Avg Score: 13386.76 | Success Rate: 0.17
Episode 84400/100000 | Avg Score: 12650.48 | Success Rate: 0.14
Episode 84500/100000 | Avg Score: 12370.64 | Success Rate: 0.13
Episode 84600/100000 | Avg Score: 12849.36 | Success Rate: 0.15
Episode 84700/100000 | Avg Score: 12377.84 | Success Rate: 0.13
Episode 84800/100000 | Avg Score: 12809.00 | Success Rate: 0.12
Episode 84900/100000 | Avg Score: 12818.32 | Success Rate: 0.13
Episode 85000/100000 | Avg Score: 10947.80 | Success Rate: 0.08
Episode 85100/100000 | Avg Score: 13621.96 | Success Rate: 0.14
Episode 85200/100000 | Avg Score: 13086.44 | Success Rate: 0.17
Episode 85300/100000 | Avg Score: 11007.16 | Success Rate: 0.11
Episode 85400/100000 | Avg Score: 13811.40 | Success Rate: 0.21
Episode 85500/100000 | Avg Score: 12065.56 | Success Rate: 0.13
Episode 85600/100000 | Avg Score: 13255.12 | Success Rate: 0.20
Episode 85700/100000 | Avg Score: 12443.52 | Success Rate: 0.16
Episode 85800/100000 | Avg Score: 12102.92 | Success Rate: 0.11
Episode 85900/100000 | Avg Score: 12340.72 | Success Rate: 0.15
Episode 86000/100000 | Avg Score: 12274.64 | Success Rate: 0.14
Episode 86100/100000 | Avg Score: 11756.64 | Success Rate: 0.11
Episode 86200/100000 | Avg Score: 13767.40 | Success Rate: 0.18
Episode 86300/100000 | Avg Score: 13189.24 | Success Rate: 0.17
Episode 86400/100000 | Avg Score: 12954.60 | Success Rate: 0.13
Episode 86500/100000 | Avg Score: 12313.36 | Success Rate: 0.11
Episode 86600/100000 | Avg Score: 11927.92 | Success Rate: 0.13
Episode 86700/100000 | Avg Score: 12281.60 | Success Rate: 0.10
Episode 86800/100000 | Avg Score: 12369.64 | Success Rate: 0.15
Episode 86900/100000 | Avg Score: 12551.76 | Success Rate: 0.13
Episode 87000/100000 | Avg Score: 12131.88 | Success Rate: 0.11
Episode 87100/100000 | Avg Score: 12936.92 | Success Rate: 0.16
Episode 87200/100000 | Avg Score: 11728.96 | Success Rate: 0.10
Episode 87300/100000 | Avg Score: 12791.08 | Success Rate: 0.18
Episode 87400/100000 | Avg Score: 11902.84 | Success Rate: 0.11
Episode 87500/100000 | Avg Score: 12693.64 | Success Rate: 0.17
Episode 87600/100000 | Avg Score: 13354.40 | Success Rate: 0.16
Episode 87700/100000 | Avg Score: 12474.40 | Success Rate: 0.16
Episode 87800/100000 | Avg Score: 12244.76 | Success Rate: 0.10
Episode 87900/100000 | Avg Score: 12193.44 | Success Rate: 0.09
Episode 88000/100000 | Avg Score: 12690.52 | Success Rate: 0.12
Episode 88100/100000 | Avg Score: 12878.20 | Success Rate: 0.09
Episode 88200/100000 | Avg Score: 13190.96 | Success Rate: 0.19
Episode 88300/100000 | Avg Score: 12994.20 | Success Rate: 0.15
Episode 88400/100000 | Avg Score: 12123.84 | Success Rate: 0.14
Episode 88500/100000 | Avg Score: 14187.24 | Success Rate: 0.20
Episode 88600/100000 | Avg Score: 13416.80 | Success Rate: 0.15
Episode 88700/100000 | Avg Score: 13439.16 | Success Rate: 0.17
Episode 88800/100000 | Avg Score: 12635.88 | Success Rate: 0.14
Episode 88900/100000 | Avg Score: 11953.04 | Success Rate: 0.13
Episode 89000/100000 | Avg Score: 11403.36 | Success Rate: 0.10
Episode 89100/100000 | Avg Score: 13845.68 | Success Rate: 0.16
Episode 89200/100000 | Avg Score: 13135.68 | Success Rate: 0.18
Episode 89300/100000 | Avg Score: 12218.44 | Success Rate: 0.13
Episode 89400/100000 | Avg Score: 12465.12 | Success Rate: 0.13
Episode 89500/100000 | Avg Score: 12374.76 | Success Rate: 0.12
Episode 89600/100000 | Avg Score: 11945.32 | Success Rate: 0.13
Episode 89700/100000 | Avg Score: 13479.44 | Success Rate: 0.17
Episode 89800/100000 | Avg Score: 12521.88 | Success Rate: 0.13
Episode 89900/100000 | Avg Score: 12023.04 | Success Rate: 0.11
Episode 90000/100000 | Avg Score: 12116.32 | Success Rate: 0.13
Episode 90100/100000 | Avg Score: 12772.12 | Success Rate: 0.13
Episode 90200/100000 | Avg Score: 12332.12 | Success Rate: 0.12
Episode 90300/100000 | Avg Score: 13456.16 | Success Rate: 0.18
Episode 90400/100000 | Avg Score: 14163.28 | Success Rate: 0.20
Episode 90500/100000 | Avg Score: 12314.32 | Success Rate: 0.11
Episode 90600/100000 | Avg Score: 12335.64 | Success Rate: 0.13
Episode 90700/100000 | Avg Score: 12899.28 | Success Rate: 0.16
Episode 90800/100000 | Avg Score: 12969.80 | Success Rate: 0.17
Episode 90900/100000 | Avg Score: 13044.88 | Success Rate: 0.18
Episode 91000/100000 | Avg Score: 12999.32 | Success Rate: 0.12
Episode 91100/100000 | Avg Score: 11797.24 | Success Rate: 0.11
Episode 91200/100000 | Avg Score: 12610.68 | Success Rate: 0.12
Episode 91300/100000 | Avg Score: 12850.12 | Success Rate: 0.18
Episode 91400/100000 | Avg Score: 12192.08 | Success Rate: 0.14
Episode 91500/100000 | Avg Score: 12805.32 | Success Rate: 0.18
Episode 91600/100000 | Avg Score: 12336.80 | Success Rate: 0.16
Episode 91700/100000 | Avg Score: 13532.92 | Success Rate: 0.22
Episode 91800/100000 | Avg Score: 12441.00 | Success Rate: 0.11
Episode 91900/100000 | Avg Score: 11774.72 | Success Rate: 0.14
Episode 92000/100000 | Avg Score: 13402.20 | Success Rate: 0.15
Episode 92100/100000 | Avg Score: 12431.16 | Success Rate: 0.13
Episode 92200/100000 | Avg Score: 12983.60 | Success Rate: 0.17
Episode 92300/100000 | Avg Score: 12983.00 | Success Rate: 0.16
Episode 92400/100000 | Avg Score: 12829.32 | Success Rate: 0.15
Episode 92500/100000 | Avg Score: 12861.20 | Success Rate: 0.15
Episode 92600/100000 | Avg Score: 13456.64 | Success Rate: 0.19
Episode 92700/100000 | Avg Score: 12215.96 | Success Rate: 0.13
Episode 92800/100000 | Avg Score: 12021.88 | Success Rate: 0.14
Episode 92900/100000 | Avg Score: 11131.20 | Success Rate: 0.09
Episode 93000/100000 | Avg Score: 13056.60 | Success Rate: 0.16
Episode 93100/100000 | Avg Score: 12756.48 | Success Rate: 0.14
Episode 93200/100000 | Avg Score: 12952.04 | Success Rate: 0.15
Episode 93300/100000 | Avg Score: 13720.68 | Success Rate: 0.23
Episode 93400/100000 | Avg Score: 12401.00 | Success Rate: 0.16
Episode 93500/100000 | Avg Score: 12544.72 | Success Rate: 0.10
Episode 93600/100000 | Avg Score: 12684.96 | Success Rate: 0.15
Episode 93700/100000 | Avg Score: 12856.56 | Success Rate: 0.16
Episode 93800/100000 | Avg Score: 11083.92 | Success Rate: 0.13
Episode 93900/100000 | Avg Score: 13369.88 | Success Rate: 0.13
Episode 94000/100000 | Avg Score: 13030.44 | Success Rate: 0.12
Episode 94100/100000 | Avg Score: 12559.56 | Success Rate: 0.14
Episode 94200/100000 | Avg Score: 11854.52 | Success Rate: 0.12
Episode 94300/100000 | Avg Score: 11563.20 | Success Rate: 0.10
Episode 94400/100000 | Avg Score: 13719.36 | Success Rate: 0.23
Episode 94500/100000 | Avg Score: 12873.32 | Success Rate: 0.15
Episode 94600/100000 | Avg Score: 12377.48 | Success Rate: 0.14
Episode 94700/100000 | Avg Score: 13887.96 | Success Rate: 0.18
Episode 94800/100000 | Avg Score: 11828.08 | Success Rate: 0.15
Episode 94900/100000 | Avg Score: 11818.56 | Success Rate: 0.09
Episode 95000/100000 | Avg Score: 12427.24 | Success Rate: 0.16
Episode 95100/100000 | Avg Score: 13934.84 | Success Rate: 0.20
Episode 95200/100000 | Avg Score: 12513.96 | Success Rate: 0.14
Episode 95300/100000 | Avg Score: 12814.00 | Success Rate: 0.14
Episode 95400/100000 | Avg Score: 13564.96 | Success Rate: 0.16
Episode 95500/100000 | Avg Score: 12002.28 | Success Rate: 0.15
Episode 95600/100000 | Avg Score: 13036.16 | Success Rate: 0.18
Episode 95700/100000 | Avg Score: 12147.72 | Success Rate: 0.11
Episode 95800/100000 | Avg Score: 11942.56 | Success Rate: 0.13
Episode 95900/100000 | Avg Score: 11613.24 | Success Rate: 0.10
Episode 96000/100000 | Avg Score: 13766.88 | Success Rate: 0.22
Episode 96100/100000 | Avg Score: 12648.00 | Success Rate: 0.14
Episode 96200/100000 | Avg Score: 12697.16 | Success Rate: 0.21
Episode 96300/100000 | Avg Score: 12690.92 | Success Rate: 0.17
Episode 96400/100000 | Avg Score: 13093.32 | Success Rate: 0.16
Episode 96500/100000 | Avg Score: 12988.68 | Success Rate: 0.15
Episode 96600/100000 | Avg Score: 13240.20 | Success Rate: 0.14
Episode 96700/100000 | Avg Score: 11896.04 | Success Rate: 0.16
Episode 96800/100000 | Avg Score: 13591.60 | Success Rate: 0.19
Episode 96900/100000 | Avg Score: 12936.04 | Success Rate: 0.13
Episode 97000/100000 | Avg Score: 11671.40 | Success Rate: 0.12
Episode 97100/100000 | Avg Score: 12658.96 | Success Rate: 0.17
Episode 97200/100000 | Avg Score: 12624.68 | Success Rate: 0.16
Episode 97300/100000 | Avg Score: 13663.28 | Success Rate: 0.21
Episode 97400/100000 | Avg Score: 12813.64 | Success Rate: 0.18
Episode 97500/100000 | Avg Score: 13042.24 | Success Rate: 0.17
Episode 97600/100000 | Avg Score: 11531.48 | Success Rate: 0.14
Episode 97700/100000 | Avg Score: 12439.96 | Success Rate: 0.17
Episode 97800/100000 | Avg Score: 13294.88 | Success Rate: 0.14
Episode 97900/100000 | Avg Score: 12779.20 | Success Rate: 0.15
Episode 98000/100000 | Avg Score: 13005.72 | Success Rate: 0.17
Episode 98100/100000 | Avg Score: 12461.72 | Success Rate: 0.16
Episode 98200/100000 | Avg Score: 13990.92 | Success Rate: 0.19
Episode 98300/100000 | Avg Score: 13094.84 | Success Rate: 0.20
Episode 98400/100000 | Avg Score: 12382.28 | Success Rate: 0.14
Episode 98500/100000 | Avg Score: 14351.00 | Success Rate: 0.22
Episode 98600/100000 | Avg Score: 11439.84 | Success Rate: 0.10
Episode 98700/100000 | Avg Score: 13729.68 | Success Rate: 0.16
Episode 98800/100000 | Avg Score: 12450.00 | Success Rate: 0.12
Episode 98900/100000 | Avg Score: 12018.52 | Success Rate: 0.15
Episode 99000/100000 | Avg Score: 13201.80 | Success Rate: 0.18
Episode 99100/100000 | Avg Score: 11144.68 | Success Rate: 0.09
Episode 99200/100000 | Avg Score: 11298.68 | Success Rate: 0.10
Episode 99300/100000 | Avg Score: 13354.48 | Success Rate: 0.19
Episode 99400/100000 | Avg Score: 12282.12 | Success Rate: 0.14
Episode 99500/100000 | Avg Score: 12387.72 | Success Rate: 0.12
Episode 99600/100000 | Avg Score: 12323.84 | Success Rate: 0.14
Episode 99700/100000 | Avg Score: 11985.48 | Success Rate: 0.12
Episode 99800/100000 | Avg Score: 12559.56 | Success Rate: 0.17
Episode 99900/100000 | Avg Score: 11847.84 | Success Rate: 0.13
Episode 100000/100000 | Avg Score: 12838.60 | Success Rate: 0.21
/root/.pyenv/versions/3.8.0/lib/python3.8/site-packages/gym/envs/registration.py:307: DeprecationWarning: The package name gym_minigrid has been deprecated in favor of minigrid. Please uninstall gym_minigrid and install minigrid with `pip install minigrid`. Future releases will be maintained under the new package name minigrid.
  fn()
Traceback (most recent call last):
  File "q1.py", line 204, in <module>
    plt.savefig("n-tuple_td-learning.png")
  File "/root/.pyenv/versions/3.8.0/lib/python3.8/site-packages/matplotlib/pyplot.py", line 1023, in savefig
    res = fig.savefig(*args, **kwargs)
  File "/root/.pyenv/versions/3.8.0/lib/python3.8/site-packages/matplotlib/figure.py", line 3378, in savefig
    self.canvas.print_figure(fname, **kwargs)
  File "/root/.pyenv/versions/3.8.0/lib/python3.8/site-packages/matplotlib/backend_bases.py", line 2366, in print_figure
    result = print_method(
  File "/root/.pyenv/versions/3.8.0/lib/python3.8/site-packages/matplotlib/backend_bases.py", line 2232, in <lambda>
    print_method = functools.wraps(meth)(lambda *args, **kwargs: meth(
  File "/root/.pyenv/versions/3.8.0/lib/python3.8/site-packages/matplotlib/backends/backend_agg.py", line 509, in print_png
    self._print_pil(filename_or_obj, "png", pil_kwargs, metadata)
  File "/root/.pyenv/versions/3.8.0/lib/python3.8/site-packages/matplotlib/backends/backend_agg.py", line 458, in _print_pil
    mpl.image.imsave(
  File "/root/.pyenv/versions/3.8.0/lib/python3.8/site-packages/matplotlib/image.py", line 1689, in imsave
    image.save(fname, **pil_kwargs)
  File "/root/.pyenv/versions/3.8.0/lib/python3.8/site-packages/PIL/Image.py", line 2516, in save
    filename = os.path.realpath(os.fspath(fp))
  File "/root/.pyenv/versions/3.8.0/lib/python3.8/posixpath.py", line 392, in realpath
    return abspath(path)
  File "/root/.pyenv/versions/3.8.0/lib/python3.8/posixpath.py", line 379, in abspath
    cwd = os.getcwd()
FileNotFoundError: [Errno 2] No such file or directory
