Episode 100/100000 | Avg Score: 1403.04 | Success Rate: 0.00 | Max tile: 512 (stage 1)
{1: <__main__.NTupleApproximator object at 0x7f9a84b3ed90>}
Episode 200/100000 | Avg Score: 1859.48 | Success Rate: 0.00 | Max tile: 512 (stage 1)
{1: <__main__.NTupleApproximator object at 0x7f9a84b3ed90>}
Episode 300/100000 | Avg Score: 2368.72 | Success Rate: 0.00 | Max tile: 512 (stage 1)
{1: <__main__.NTupleApproximator object at 0x7f9a84b3ed90>}
Episode 400/100000 | Avg Score: 2237.60 | Success Rate: 0.00 | Max tile: 512 (stage 1)
{1: <__main__.NTupleApproximator object at 0x7f9a84b3ed90>}
Episode 500/100000 | Avg Score: 2804.08 | Success Rate: 0.00 | Max tile: 512 (stage 1)
{1: <__main__.NTupleApproximator object at 0x7f9a84b3ed90>}
Episode 600/100000 | Avg Score: 3039.68 | Success Rate: 0.00 | Max tile: 512 (stage 1)
{1: <__main__.NTupleApproximator object at 0x7f9a84b3ed90>}
Episode 700/100000 | Avg Score: 3185.84 | Success Rate: 0.00 | Max tile: 512 (stage 1)
{1: <__main__.NTupleApproximator object at 0x7f9a84b3ed90>}
Episode 800/100000 | Avg Score: 3401.12 | Success Rate: 0.00 | Max tile: 512 (stage 1)
{1: <__main__.NTupleApproximator object at 0x7f9a84b3ed90>}
Episode 900/100000 | Avg Score: 3963.68 | Success Rate: 0.00 | Max tile: 512 (stage 1)
{1: <__main__.NTupleApproximator object at 0x7f9a84b3ed90>}
Episode 1000/100000 | Avg Score: 4320.36 | Success Rate: 0.00 | Max tile: 1024 (stage 1)
{1: <__main__.NTupleApproximator object at 0x7f9a84b3ed90>}
Episode 1100/100000 | Avg Score: 4576.52 | Success Rate: 0.00 | Max tile: 1024 (stage 1)
{1: <__main__.NTupleApproximator object at 0x7f9a84b3ed90>}
Episode 1200/100000 | Avg Score: 4928.00 | Success Rate: 0.00 | Max tile: 1024 (stage 1)
{1: <__main__.NTupleApproximator object at 0x7f9a84b3ed90>}
Episode 1300/100000 | Avg Score: 4768.04 | Success Rate: 0.00 | Max tile: 1024 (stage 1)
{1: <__main__.NTupleApproximator object at 0x7f9a84b3ed90>}
Episode 1400/100000 | Avg Score: 4964.60 | Success Rate: 0.00 | Max tile: 1024 (stage 1)
{1: <__main__.NTupleApproximator object at 0x7f9a84b3ed90>}
Episode 1500/100000 | Avg Score: 5592.40 | Success Rate: 0.00 | Max tile: 1024 (stage 1)
{1: <__main__.NTupleApproximator object at 0x7f9a84b3ed90>}
Episode 1600/100000 | Avg Score: 5638.20 | Success Rate: 0.00 | Max tile: 1024 (stage 1)
{1: <__main__.NTupleApproximator object at 0x7f9a84b3ed90>}
Episode 1700/100000 | Avg Score: 5924.44 | Success Rate: 0.00 | Max tile: 1024 (stage 1)
{1: <__main__.NTupleApproximator object at 0x7f9a84b3ed90>}
Episode 1800/100000 | Avg Score: 5957.08 | Success Rate: 0.00 | Max tile: 1024 (stage 1)
{1: <__main__.NTupleApproximator object at 0x7f9a84b3ed90>}
Episode 1900/100000 | Avg Score: 6314.36 | Success Rate: 0.00 | Max tile: 1024 (stage 1)
{1: <__main__.NTupleApproximator object at 0x7f9a84b3ed90>}
Episode 2000/100000 | Avg Score: 6866.84 | Success Rate: 0.00 | Max tile: 1024 (stage 1)
{1: <__main__.NTupleApproximator object at 0x7f9a84b3ed90>}
Episode 2100/100000 | Avg Score: 6836.28 | Success Rate: 0.00 | Max tile: 1024 (stage 1)
{1: <__main__.NTupleApproximator object at 0x7f9a84b3ed90>}
Episode 2200/100000 | Avg Score: 7458.48 | Success Rate: 0.00 | Max tile: 1024 (stage 1)
{1: <__main__.NTupleApproximator object at 0x7f9a84b3ed90>}
Episode 2300/100000 | Avg Score: 6966.16 | Success Rate: 0.00 | Max tile: 1024 (stage 1)
{1: <__main__.NTupleApproximator object at 0x7f9a84b3ed90>}
Episode 2400/100000 | Avg Score: 7681.68 | Success Rate: 0.00 | Max tile: 1024 (stage 1)
{1: <__main__.NTupleApproximator object at 0x7f9a84b3ed90>}
Episode 2500/100000 | Avg Score: 7629.56 | Success Rate: 0.00 | Max tile: 1024 (stage 1)
{1: <__main__.NTupleApproximator object at 0x7f9a84b3ed90>}
Episode 2600/100000 | Avg Score: 6867.40 | Success Rate: 0.00 | Max tile: 1024 (stage 1)
{1: <__main__.NTupleApproximator object at 0x7f9a84b3ed90>}
Episode 2700/100000 | Avg Score: 8364.48 | Success Rate: 0.00 | Max tile: 1024 (stage 1)
{1: <__main__.NTupleApproximator object at 0x7f9a84b3ed90>}
Episode 2800/100000 | Avg Score: 8218.96 | Success Rate: 0.00 | Max tile: 1024 (stage 1)
{1: <__main__.NTupleApproximator object at 0x7f9a84b3ed90>}
Episode 2900/100000 | Avg Score: 8639.28 | Success Rate: 0.01 | Max tile: 2048 (stage 1)
{1: <__main__.NTupleApproximator object at 0x7f9a84b3ed90>}
Episode 3000/100000 | Avg Score: 9154.24 | Success Rate: 0.00 | Max tile: 2048 (stage 1)
{1: <__main__.NTupleApproximator object at 0x7f9a84b3ed90>}
Episode 3100/100000 | Avg Score: 8948.96 | Success Rate: 0.00 | Max tile: 2048 (stage 1)
{1: <__main__.NTupleApproximator object at 0x7f9a84b3ed90>}
Episode 3200/100000 | Avg Score: 8237.08 | Success Rate: 0.01 | Max tile: 2048 (stage 1)
{1: <__main__.NTupleApproximator object at 0x7f9a84b3ed90>}
Episode 3300/100000 | Avg Score: 8949.28 | Success Rate: 0.00 | Max tile: 2048 (stage 1)
{1: <__main__.NTupleApproximator object at 0x7f9a84b3ed90>}
Episode 3400/100000 | Avg Score: 8582.40 | Success Rate: 0.00 | Max tile: 2048 (stage 1)
{1: <__main__.NTupleApproximator object at 0x7f9a84b3ed90>}
Episode 3500/100000 | Avg Score: 9225.24 | Success Rate: 0.00 | Max tile: 2048 (stage 1)
{1: <__main__.NTupleApproximator object at 0x7f9a84b3ed90>}
Episode 3600/100000 | Avg Score: 9202.64 | Success Rate: 0.00 | Max tile: 2048 (stage 1)
{1: <__main__.NTupleApproximator object at 0x7f9a84b3ed90>}
Episode 3700/100000 | Avg Score: 8198.44 | Success Rate: 0.00 | Max tile: 2048 (stage 1)
{1: <__main__.NTupleApproximator object at 0x7f9a84b3ed90>}
Episode 3800/100000 | Avg Score: 9011.52 | Success Rate: 0.00 | Max tile: 2048 (stage 1)
{1: <__main__.NTupleApproximator object at 0x7f9a84b3ed90>}
Episode 3900/100000 | Avg Score: 8937.20 | Success Rate: 0.00 | Max tile: 2048 (stage 1)
{1: <__main__.NTupleApproximator object at 0x7f9a84b3ed90>}
Episode 4000/100000 | Avg Score: 8847.68 | Success Rate: 0.00 | Max tile: 2048 (stage 1)
{1: <__main__.NTupleApproximator object at 0x7f9a84b3ed90>}
Episode 4100/100000 | Avg Score: 9120.40 | Success Rate: 0.00 | Max tile: 2048 (stage 1)
{1: <__main__.NTupleApproximator object at 0x7f9a84b3ed90>}
Episode 4200/100000 | Avg Score: 9397.40 | Success Rate: 0.01 | Max tile: 2048 (stage 1)
{1: <__main__.NTupleApproximator object at 0x7f9a84b3ed90>}
Episode 4300/100000 | Avg Score: 9752.60 | Success Rate: 0.02 | Max tile: 2048 (stage 1)
{1: <__main__.NTupleApproximator object at 0x7f9a84b3ed90>}
Episode 4400/100000 | Avg Score: 10052.68 | Success Rate: 0.00 | Max tile: 2048 (stage 1)
{1: <__main__.NTupleApproximator object at 0x7f9a84b3ed90>}
Episode 4500/100000 | Avg Score: 10143.52 | Success Rate: 0.03 | Max tile: 2048 (stage 1)
{1: <__main__.NTupleApproximator object at 0x7f9a84b3ed90>}
Episode 4600/100000 | Avg Score: 9048.40 | Success Rate: 0.02 | Max tile: 2048 (stage 1)
{1: <__main__.NTupleApproximator object at 0x7f9a84b3ed90>}
Episode 4700/100000 | Avg Score: 9583.04 | Success Rate: 0.01 | Max tile: 2048 (stage 1)
{1: <__main__.NTupleApproximator object at 0x7f9a84b3ed90>}
Episode 4800/100000 | Avg Score: 9993.56 | Success Rate: 0.01 | Max tile: 2048 (stage 1)
{1: <__main__.NTupleApproximator object at 0x7f9a84b3ed90>}
Episode 4900/100000 | Avg Score: 10547.32 | Success Rate: 0.03 | Max tile: 2048 (stage 1)
{1: <__main__.NTupleApproximator object at 0x7f9a84b3ed90>}
Episode 5000/100000 | Avg Score: 9062.20 | Success Rate: 0.03 | Max tile: 2048 (stage 1)
{1: <__main__.NTupleApproximator object at 0x7f9a84b3ed90>}
Episode 5100/100000 | Avg Score: 9993.00 | Success Rate: 0.03 | Max tile: 2048 (stage 1)
{1: <__main__.NTupleApproximator object at 0x7f9a84b3ed90>}
Episode 5200/100000 | Avg Score: 10128.72 | Success Rate: 0.01 | Max tile: 2048 (stage 1)
{1: <__main__.NTupleApproximator object at 0x7f9a84b3ed90>}
Episode 5300/100000 | Avg Score: 9548.24 | Success Rate: 0.01 | Max tile: 2048 (stage 1)
{1: <__main__.NTupleApproximator object at 0x7f9a84b3ed90>}
Episode 5400/100000 | Avg Score: 9400.76 | Success Rate: 0.00 | Max tile: 2048 (stage 1)
{1: <__main__.NTupleApproximator object at 0x7f9a84b3ed90>}
Episode 5500/100000 | Avg Score: 10060.72 | Success Rate: 0.04 | Max tile: 2048 (stage 1)
{1: <__main__.NTupleApproximator object at 0x7f9a84b3ed90>}
Episode 5600/100000 | Avg Score: 10863.80 | Success Rate: 0.03 | Max tile: 2048 (stage 1)
{1: <__main__.NTupleApproximator object at 0x7f9a84b3ed90>}
Episode 5700/100000 | Avg Score: 9690.68 | Success Rate: 0.00 | Max tile: 2048 (stage 1)
{1: <__main__.NTupleApproximator object at 0x7f9a84b3ed90>}
Episode 5800/100000 | Avg Score: 10159.04 | Success Rate: 0.03 | Max tile: 2048 (stage 1)
{1: <__main__.NTupleApproximator object at 0x7f9a84b3ed90>}
Episode 5900/100000 | Avg Score: 11512.44 | Success Rate: 0.06 | Max tile: 2048 (stage 1)
{1: <__main__.NTupleApproximator object at 0x7f9a84b3ed90>}
Episode 6000/100000 | Avg Score: 10629.12 | Success Rate: 0.02 | Max tile: 2048 (stage 1)
{1: <__main__.NTupleApproximator object at 0x7f9a84b3ed90>}
Episode 6100/100000 | Avg Score: 11188.40 | Success Rate: 0.01 | Max tile: 2048 (stage 1)
{1: <__main__.NTupleApproximator object at 0x7f9a84b3ed90>}
Episode 6200/100000 | Avg Score: 10580.44 | Success Rate: 0.04 | Max tile: 2048 (stage 1)
{1: <__main__.NTupleApproximator object at 0x7f9a84b3ed90>}
Episode 6300/100000 | Avg Score: 10535.48 | Success Rate: 0.02 | Max tile: 2048 (stage 1)
{1: <__main__.NTupleApproximator object at 0x7f9a84b3ed90>}
Episode 6400/100000 | Avg Score: 10984.12 | Success Rate: 0.04 | Max tile: 2048 (stage 1)
{1: <__main__.NTupleApproximator object at 0x7f9a84b3ed90>}
Episode 6500/100000 | Avg Score: 10758.64 | Success Rate: 0.04 | Max tile: 2048 (stage 1)
{1: <__main__.NTupleApproximator object at 0x7f9a84b3ed90>}
Episode 6600/100000 | Avg Score: 10912.96 | Success Rate: 0.02 | Max tile: 2048 (stage 1)
{1: <__main__.NTupleApproximator object at 0x7f9a84b3ed90>}
Episode 6700/100000 | Avg Score: 10636.68 | Success Rate: 0.01 | Max tile: 2048 (stage 1)
{1: <__main__.NTupleApproximator object at 0x7f9a84b3ed90>}
Episode 6800/100000 | Avg Score: 10953.92 | Success Rate: 0.01 | Max tile: 2048 (stage 1)
{1: <__main__.NTupleApproximator object at 0x7f9a84b3ed90>}
Episode 6900/100000 | Avg Score: 10628.88 | Success Rate: 0.04 | Max tile: 2048 (stage 1)
{1: <__main__.NTupleApproximator object at 0x7f9a84b3ed90>}
Episode 7000/100000 | Avg Score: 11075.60 | Success Rate: 0.05 | Max tile: 2048 (stage 1)
{1: <__main__.NTupleApproximator object at 0x7f9a84b3ed90>}
Episode 7100/100000 | Avg Score: 10328.52 | Success Rate: 0.03 | Max tile: 2048 (stage 1)
{1: <__main__.NTupleApproximator object at 0x7f9a84b3ed90>}
Episode 7200/100000 | Avg Score: 11629.24 | Success Rate: 0.05 | Max tile: 2048 (stage 1)
{1: <__main__.NTupleApproximator object at 0x7f9a84b3ed90>}
Episode 7300/100000 | Avg Score: 11889.84 | Success Rate: 0.06 | Max tile: 2048 (stage 1)
{1: <__main__.NTupleApproximator object at 0x7f9a84b3ed90>}
Episode 7400/100000 | Avg Score: 10285.16 | Success Rate: 0.01 | Max tile: 2048 (stage 1)
{1: <__main__.NTupleApproximator object at 0x7f9a84b3ed90>}
Episode 7500/100000 | Avg Score: 11490.80 | Success Rate: 0.06 | Max tile: 2048 (stage 1)
{1: <__main__.NTupleApproximator object at 0x7f9a84b3ed90>}
Episode 7600/100000 | Avg Score: 10975.04 | Success Rate: 0.03 | Max tile: 2048 (stage 1)
{1: <__main__.NTupleApproximator object at 0x7f9a84b3ed90>}
Episode 7700/100000 | Avg Score: 13327.20 | Success Rate: 0.13 | Max tile: 2048 (stage 1)
{1: <__main__.NTupleApproximator object at 0x7f9a84b3ed90>}
Episode 7800/100000 | Avg Score: 11173.72 | Success Rate: 0.04 | Max tile: 2048 (stage 1)
{1: <__main__.NTupleApproximator object at 0x7f9a84b3ed90>}
Episode 7900/100000 | Avg Score: 10764.20 | Success Rate: 0.01 | Max tile: 2048 (stage 1)
{1: <__main__.NTupleApproximator object at 0x7f9a84b3ed90>}
Episode 8000/100000 | Avg Score: 12060.80 | Success Rate: 0.03 | Max tile: 2048 (stage 1)
{1: <__main__.NTupleApproximator object at 0x7f9a84b3ed90>}
Episode 8100/100000 | Avg Score: 10974.20 | Success Rate: 0.05 | Max tile: 2048 (stage 1)
{1: <__main__.NTupleApproximator object at 0x7f9a84b3ed90>}
Episode 8200/100000 | Avg Score: 11920.76 | Success Rate: 0.02 | Max tile: 2048 (stage 1)
{1: <__main__.NTupleApproximator object at 0x7f9a84b3ed90>}
Episode 8300/100000 | Avg Score: 10923.00 | Success Rate: 0.05 | Max tile: 2048 (stage 1)
{1: <__main__.NTupleApproximator object at 0x7f9a84b3ed90>}
Episode 8400/100000 | Avg Score: 12062.72 | Success Rate: 0.06 | Max tile: 2048 (stage 1)
{1: <__main__.NTupleApproximator object at 0x7f9a84b3ed90>}
Episode 8500/100000 | Avg Score: 11189.52 | Success Rate: 0.02 | Max tile: 2048 (stage 1)
{1: <__main__.NTupleApproximator object at 0x7f9a84b3ed90>}
Episode 8600/100000 | Avg Score: 11584.84 | Success Rate: 0.04 | Max tile: 2048 (stage 1)
{1: <__main__.NTupleApproximator object at 0x7f9a84b3ed90>}
Episode 8700/100000 | Avg Score: 12090.20 | Success Rate: 0.04 | Max tile: 2048 (stage 1)
{1: <__main__.NTupleApproximator object at 0x7f9a84b3ed90>}
Episode 8800/100000 | Avg Score: 11158.59 | Success Rate: 0.04 | Max tile: 2048 (stage 1)
{1: <__main__.NTupleApproximator object at 0x7f33eb132d90>}
Episode 8900/100000 | Avg Score: 12056.32 | Success Rate: 0.07 | Max tile: 2048 (stage 1)
{1: <__main__.NTupleApproximator object at 0x7f33eb132d90>}
Episode 9000/100000 | Avg Score: 11017.92 | Success Rate: 0.04 | Max tile: 2048 (stage 1)
{1: <__main__.NTupleApproximator object at 0x7f33eb132d90>}
Episode 9100/100000 | Avg Score: 11956.12 | Success Rate: 0.04 | Max tile: 2048 (stage 1)
{1: <__main__.NTupleApproximator object at 0x7f33eb132d90>}
Episode 9200/100000 | Avg Score: 11518.40 | Success Rate: 0.06 | Max tile: 2048 (stage 1)
{1: <__main__.NTupleApproximator object at 0x7f33eb132d90>}
Episode 9300/100000 | Avg Score: 12441.32 | Success Rate: 0.03 | Max tile: 2048 (stage 1)
{1: <__main__.NTupleApproximator object at 0x7f33eb132d90>}
Episode 9400/100000 | Avg Score: 12277.32 | Success Rate: 0.07 | Max tile: 2048 (stage 1)
{1: <__main__.NTupleApproximator object at 0x7f33eb132d90>}
Episode 9500/100000 | Avg Score: 11679.60 | Success Rate: 0.06 | Max tile: 2048 (stage 1)
{1: <__main__.NTupleApproximator object at 0x7f33eb132d90>}
Episode 9600/100000 | Avg Score: 11470.44 | Success Rate: 0.07 | Max tile: 2048 (stage 1)
{1: <__main__.NTupleApproximator object at 0x7f33eb132d90>}
Episode 9700/100000 | Avg Score: 11458.60 | Success Rate: 0.05 | Max tile: 2048 (stage 1)
{1: <__main__.NTupleApproximator object at 0x7f33eb132d90>}
Episode 9800/100000 | Avg Score: 12665.28 | Success Rate: 0.10 | Max tile: 2048 (stage 1)
{1: <__main__.NTupleApproximator object at 0x7f33eb132d90>}
Traceback (most recent call last):
  File "q1_multistage.py", line 10, in <module>
    from env2048compiled import Game2048Env
ImportError: dynamic module does not define module export function (PyInit_env2048compiled)
Episode 9900/100000 | Avg Score: 12386.22 | Success Rate: 0.04 | Max tile: 2048 (stage 1)
{1: <__main__.NTupleApproximator object at 0x7f60be25dd90>}
Episode 10000/100000 | Avg Score: 11571.04 | Success Rate: 0.03 | Max tile: 2048 (stage 1)
{1: <__main__.NTupleApproximator object at 0x7f60be25dd90>}
Episode 10100/100000 | Avg Score: 11218.38 | Success Rate: 0.02 | Max tile: 2048 (stage 1)
{1: <__main__.NTupleApproximator object at 0x7f59c2fba970>}
/root/.pyenv/versions/3.8.0/lib/python3.8/site-packages/gym/envs/registration.py:307: DeprecationWarning: The package name gym_minigrid has been deprecated in favor of minigrid. Please uninstall gym_minigrid and install minigrid with `pip install minigrid`. Future releases will be maintained under the new package name minigrid.
  fn()
Traceback (most recent call last):
  File "q1_multistage.py", line 220, in <module>
    approximators_dict = pickle.load(open(sys.argv[1], "rb"))
EOFError: Ran out of input
/root/.pyenv/versions/3.8.0/lib/python3.8/site-packages/gym/envs/registration.py:307: DeprecationWarning: The package name gym_minigrid has been deprecated in favor of minigrid. Please uninstall gym_minigrid and install minigrid with `pip install minigrid`. Future releases will be maintained under the new package name minigrid.
  fn()
Traceback (most recent call last):
  File "q1_multistage.py", line 221, in <module>
    approximators_dict = pickle.load(open(sys.argv[1], "rb"))
EOFError: Ran out of input

During handling of the above exception, another exception occurred:

Traceback (most recent call last):
  File "q1_multistage.py", line 224, in <module>
    approximators_dict[key] = pickle.load("approximator_stage{}.pkl".format(key))
TypeError: file must have 'read', 'readinto' and 'readline' attributes
Episode 10200/100000 | Avg Score: 11692.85 | Success Rate: 0.06 | Max tile: 2048 (stage 1)
{1: <__main__.NTupleApproximator object at 0x7f74238f1760>}
Episode 10300/100000 | Avg Score: 12299.44 | Success Rate: 0.06 | Max tile: 2048 (stage 1)
{1: <__main__.NTupleApproximator object at 0x7f74238f1760>}
Episode 10400/100000 | Avg Score: 11916.60 | Success Rate: 0.03 | Max tile: 2048 (stage 1)
{1: <__main__.NTupleApproximator object at 0x7f74238f1760>}
Episode 10500/100000 | Avg Score: 12006.76 | Success Rate: 0.08 | Max tile: 2048 (stage 1)
{1: <__main__.NTupleApproximator object at 0x7f74238f1760>}
Episode 10600/100000 | Avg Score: 12129.64 | Success Rate: 0.04 | Max tile: 2048 (stage 1)
{1: <__main__.NTupleApproximator object at 0x7f74238f1760>}
Episode 10700/100000 | Avg Score: 12882.16 | Success Rate: 0.07 | Max tile: 2048 (stage 1)
{1: <__main__.NTupleApproximator object at 0x7f74238f1760>}
Episode 10800/100000 | Avg Score: 13061.96 | Success Rate: 0.06 | Max tile: 2048 (stage 1)
{1: <__main__.NTupleApproximator object at 0x7f74238f1760>}
Episode 10900/100000 | Avg Score: 13383.56 | Success Rate: 0.09 | Max tile: 2048 (stage 1)
{1: <__main__.NTupleApproximator object at 0x7f74238f1760>}
Episode 11000/100000 | Avg Score: 13654.20 | Success Rate: 0.09 | Max tile: 2048 (stage 1)
{1: <__main__.NTupleApproximator object at 0x7f74238f1760>}
Episode 11100/100000 | Avg Score: 13362.28 | Success Rate: 0.05 | Max tile: 2048 (stage 1)
{1: <__main__.NTupleApproximator object at 0x7f74238f1760>}
Episode 11200/100000 | Avg Score: 13132.40 | Success Rate: 0.04 | Max tile: 2048 (stage 1)
{1: <__main__.NTupleApproximator object at 0x7f74238f1760>}
Episode 11300/100000 | Avg Score: 11802.12 | Success Rate: 0.05 | Max tile: 2048 (stage 1)
{1: <__main__.NTupleApproximator object at 0x7f74238f1760>}
Episode 11400/100000 | Avg Score: 12348.36 | Success Rate: 0.05 | Max tile: 2048 (stage 1)
{1: <__main__.NTupleApproximator object at 0x7f74238f1760>}
Episode 11500/100000 | Avg Score: 12196.12 | Success Rate: 0.07 | Max tile: 2048 (stage 1)
{1: <__main__.NTupleApproximator object at 0x7f74238f1760>}
Episode 11600/100000 | Avg Score: 11981.78 | Success Rate: 0.02 | Max tile: 2048 (stage 1)
{1: <__main__.NTupleApproximator object at 0x7fa71bb7b940>}
Episode 11700/100000 | Avg Score: 12498.72 | Success Rate: 0.07 | Max tile: 2048 (stage 1)
{1: <__main__.NTupleApproximator object at 0x7fa71bb7b940>}
Episode 11800/100000 | Avg Score: 13309.76 | Success Rate: 0.07 | Max tile: 2048 (stage 1)
{1: <__main__.NTupleApproximator object at 0x7fa71bb7b940>}
Episode 11900/100000 | Avg Score: 12558.56 | Success Rate: 0.07 | Max tile: 2048 (stage 1)
{1: <__main__.NTupleApproximator object at 0x7fa71bb7b940>}
Episode 12000/100000 | Avg Score: 13288.32 | Success Rate: 0.05 | Max tile: 2048 (stage 1)
{1: <__main__.NTupleApproximator object at 0x7fa71bb7b940>}
Episode 12100/100000 | Avg Score: 13874.76 | Success Rate: 0.09 | Max tile: 2048 (stage 1)
{1: <__main__.NTupleApproximator object at 0x7fa71bb7b940>}
Episode 12200/100000 | Avg Score: 12828.12 | Success Rate: 0.03 | Max tile: 2048 (stage 1)
{1: <__main__.NTupleApproximator object at 0x7fa71bb7b940>}
Episode 12300/100000 | Avg Score: 12609.28 | Success Rate: 0.07 | Max tile: 2048 (stage 1)
{1: <__main__.NTupleApproximator object at 0x7fa71bb7b940>}
Episode 12400/100000 | Avg Score: 12707.96 | Success Rate: 0.05 | Max tile: 2048 (stage 1)
{1: <__main__.NTupleApproximator object at 0x7fa71bb7b940>}
Episode 12500/100000 | Avg Score: 13483.48 | Success Rate: 0.11 | Max tile: 2048 (stage 1)
{1: <__main__.NTupleApproximator object at 0x7fa71bb7b940>}
Episode 12600/100000 | Avg Score: 11571.80 | Success Rate: 0.02 | Max tile: 2048 (stage 1)
{1: <__main__.NTupleApproximator object at 0x7fa71bb7b940>}
Episode 12700/100000 | Avg Score: 13448.72 | Success Rate: 0.07 | Max tile: 2048 (stage 1)
{1: <__main__.NTupleApproximator object at 0x7fa71bb7b940>}
Episode 12800/100000 | Avg Score: 13189.00 | Success Rate: 0.09 | Max tile: 2048 (stage 1)
{1: <__main__.NTupleApproximator object at 0x7fa71bb7b940>}
Episode 12900/100000 | Avg Score: 12523.80 | Success Rate: 0.06 | Max tile: 2048 (stage 1)
{1: <__main__.NTupleApproximator object at 0x7fa71bb7b940>}
Episode 13000/100000 | Avg Score: 13567.44 | Success Rate: 0.11 | Max tile: 2048 (stage 1)
{1: <__main__.NTupleApproximator object at 0x7fa71bb7b940>}
Episode 13100/100000 | Avg Score: 13662.04 | Success Rate: 0.11 | Max tile: 2048 (stage 1)
{1: <__main__.NTupleApproximator object at 0x7fa71bb7b940>}
Episode 13200/100000 | Avg Score: 12738.52 | Success Rate: 0.07 | Max tile: 2048 (stage 1)
{1: <__main__.NTupleApproximator object at 0x7fa71bb7b940>}
Episode 13300/100000 | Avg Score: 12913.44 | Success Rate: 0.08 | Max tile: 2048 (stage 1)
{1: <__main__.NTupleApproximator object at 0x7fa71bb7b940>}
Episode 13400/100000 | Avg Score: 13565.88 | Success Rate: 0.12 | Max tile: 2048 (stage 1)
{1: <__main__.NTupleApproximator object at 0x7fa71bb7b940>}
Episode 13500/100000 | Avg Score: 12235.04 | Success Rate: 0.05 | Max tile: 2048 (stage 1)
{1: <__main__.NTupleApproximator object at 0x7fa71bb7b940>}
Episode 13600/100000 | Avg Score: 13183.40 | Success Rate: 0.08 | Max tile: 2048 (stage 1)
{1: <__main__.NTupleApproximator object at 0x7fa71bb7b940>}
Episode 13700/100000 | Avg Score: 14313.48 | Success Rate: 0.13 | Max tile: 2048 (stage 1)
{1: <__main__.NTupleApproximator object at 0x7fa71bb7b940>}
Episode 13800/100000 | Avg Score: 12526.32 | Success Rate: 0.06 | Max tile: 2048 (stage 1)
{1: <__main__.NTupleApproximator object at 0x7fa71bb7b940>}
Episode 13900/100000 | Avg Score: 13955.60 | Success Rate: 0.13 | Max tile: 2048 (stage 1)
{1: <__main__.NTupleApproximator object at 0x7fa71bb7b940>}
Episode 14000/100000 | Avg Score: 13017.40 | Success Rate: 0.05 | Max tile: 2048 (stage 1)
{1: <__main__.NTupleApproximator object at 0x7fa71bb7b940>}
Episode 14100/100000 | Avg Score: 13314.36 | Success Rate: 0.06 | Max tile: 2048 (stage 1)
{1: <__main__.NTupleApproximator object at 0x7fa71bb7b940>}
Episode 14200/100000 | Avg Score: 12204.68 | Success Rate: 0.06 | Max tile: 2048 (stage 1)
{1: <__main__.NTupleApproximator object at 0x7fa71bb7b940>}
Episode 14300/100000 | Avg Score: 13855.80 | Success Rate: 0.12 | Max tile: 2048 (stage 1)
{1: <__main__.NTupleApproximator object at 0x7fa71bb7b940>}
Episode 14400/100000 | Avg Score: 12820.20 | Success Rate: 0.07 | Max tile: 2048 (stage 1)
{1: <__main__.NTupleApproximator object at 0x7fa71bb7b940>}
Episode 14500/100000 | Avg Score: 13330.64 | Success Rate: 0.06 | Max tile: 2048 (stage 1)
{1: <__main__.NTupleApproximator object at 0x7fa71bb7b940>}
Episode 14600/100000 | Avg Score: 13978.76 | Success Rate: 0.10 | Max tile: 2048 (stage 1)
{1: <__main__.NTupleApproximator object at 0x7fa71bb7b940>}
Episode 14700/100000 | Avg Score: 13751.48 | Success Rate: 0.10 | Max tile: 2048 (stage 1)
{1: <__main__.NTupleApproximator object at 0x7fa71bb7b940>}
Episode 14800/100000 | Avg Score: 14219.44 | Success Rate: 0.10 | Max tile: 2048 (stage 1)
{1: <__main__.NTupleApproximator object at 0x7fa71bb7b940>}
Episode 14900/100000 | Avg Score: 14102.96 | Success Rate: 0.11 | Max tile: 2048 (stage 1)
{1: <__main__.NTupleApproximator object at 0x7fa71bb7b940>}
Episode 15000/100000 | Avg Score: 13656.56 | Success Rate: 0.04 | Max tile: 2048 (stage 1)
{1: <__main__.NTupleApproximator object at 0x7fa71bb7b940>}
Episode 15100/100000 | Avg Score: 13461.76 | Success Rate: 0.10 | Max tile: 2048 (stage 1)
{1: <__main__.NTupleApproximator object at 0x7fa71bb7b940>}
Episode 15200/100000 | Avg Score: 12813.92 | Success Rate: 0.08 | Max tile: 2048 (stage 1)
{1: <__main__.NTupleApproximator object at 0x7fa71bb7b940>}
Episode 15300/100000 | Avg Score: 13163.00 | Success Rate: 0.09 | Max tile: 2048 (stage 1)
{1: <__main__.NTupleApproximator object at 0x7fa71bb7b940>}
Episode 15400/100000 | Avg Score: 13970.28 | Success Rate: 0.13 | Max tile: 2048 (stage 1)
{1: <__main__.NTupleApproximator object at 0x7fa71bb7b940>}
Episode 15500/100000 | Avg Score: 13218.32 | Success Rate: 0.08 | Max tile: 2048 (stage 1)
{1: <__main__.NTupleApproximator object at 0x7fa71bb7b940>}
Episode 15600/100000 | Avg Score: 14033.88 | Success Rate: 0.09 | Max tile: 2048 (stage 1)
{1: <__main__.NTupleApproximator object at 0x7fa71bb7b940>}
Episode 15700/100000 | Avg Score: 13037.24 | Success Rate: 0.06 | Max tile: 2048 (stage 1)
{1: <__main__.NTupleApproximator object at 0x7fa71bb7b940>}
Episode 15800/100000 | Avg Score: 13609.56 | Success Rate: 0.08 | Max tile: 2048 (stage 1)
{1: <__main__.NTupleApproximator object at 0x7fa71bb7b940>}
Episode 15900/100000 | Avg Score: 14069.52 | Success Rate: 0.13 | Max tile: 2048 (stage 1)
{1: <__main__.NTupleApproximator object at 0x7fa71bb7b940>}
Episode 16000/100000 | Avg Score: 13668.60 | Success Rate: 0.08 | Max tile: 2048 (stage 1)
{1: <__main__.NTupleApproximator object at 0x7fa71bb7b940>}
Episode 16100/100000 | Avg Score: 13703.24 | Success Rate: 0.08 | Max tile: 2048 (stage 1)
{1: <__main__.NTupleApproximator object at 0x7fa71bb7b940>}
Episode 16200/100000 | Avg Score: 13261.96 | Success Rate: 0.09 | Max tile: 2048 (stage 1)
{1: <__main__.NTupleApproximator object at 0x7fa71bb7b940>}
Episode 16300/100000 | Avg Score: 14270.96 | Success Rate: 0.09 | Max tile: 2048 (stage 1)
{1: <__main__.NTupleApproximator object at 0x7fa71bb7b940>}
Episode 16400/100000 | Avg Score: 14056.24 | Success Rate: 0.12 | Max tile: 2048 (stage 1)
{1: <__main__.NTupleApproximator object at 0x7fa71bb7b940>}
Episode 16500/100000 | Avg Score: 13584.28 | Success Rate: 0.11 | Max tile: 2048 (stage 1)
{1: <__main__.NTupleApproximator object at 0x7fa71bb7b940>}
Episode 16600/100000 | Avg Score: 13220.96 | Success Rate: 0.09 | Max tile: 2048 (stage 1)
{1: <__main__.NTupleApproximator object at 0x7fa71bb7b940>}
Episode 16700/100000 | Avg Score: 13489.48 | Success Rate: 0.07 | Max tile: 2048 (stage 1)
{1: <__main__.NTupleApproximator object at 0x7fa71bb7b940>}
Episode 16800/100000 | Avg Score: 13802.88 | Success Rate: 0.05 | Max tile: 2048 (stage 1)
{1: <__main__.NTupleApproximator object at 0x7fa71bb7b940>}
Episode 16900/100000 | Avg Score: 12702.72 | Success Rate: 0.08 | Max tile: 2048 (stage 1)
{1: <__main__.NTupleApproximator object at 0x7fa71bb7b940>}
Episode 17000/100000 | Avg Score: 14175.20 | Success Rate: 0.07 | Max tile: 2048 (stage 1)
{1: <__main__.NTupleApproximator object at 0x7fa71bb7b940>}
Episode 17100/100000 | Avg Score: 13847.84 | Success Rate: 0.09 | Max tile: 2048 (stage 1)
{1: <__main__.NTupleApproximator object at 0x7fa71bb7b940>}
Episode 17200/100000 | Avg Score: 14575.00 | Success Rate: 0.11 | Max tile: 2048 (stage 1)
{1: <__main__.NTupleApproximator object at 0x7fa71bb7b940>}
Episode 17300/100000 | Avg Score: 13139.00 | Success Rate: 0.07 | Max tile: 2048 (stage 1)
{1: <__main__.NTupleApproximator object at 0x7fa71bb7b940>}
Episode 17400/100000 | Avg Score: 13534.88 | Success Rate: 0.08 | Max tile: 2048 (stage 1)
{1: <__main__.NTupleApproximator object at 0x7fa71bb7b940>}
Episode 17500/100000 | Avg Score: 13805.24 | Success Rate: 0.06 | Max tile: 2048 (stage 1)
{1: <__main__.NTupleApproximator object at 0x7fa71bb7b940>}
Episode 17600/100000 | Avg Score: 13313.24 | Success Rate: 0.07 | Max tile: 2048 (stage 1)
{1: <__main__.NTupleApproximator object at 0x7fa71bb7b940>}
Episode 17700/100000 | Avg Score: 15016.92 | Success Rate: 0.10 | Max tile: 2048 (stage 1)
{1: <__main__.NTupleApproximator object at 0x7fa71bb7b940>}
Episode 17800/100000 | Avg Score: 12780.60 | Success Rate: 0.06 | Max tile: 2048 (stage 1)
{1: <__main__.NTupleApproximator object at 0x7fa71bb7b940>}
Episode 17900/100000 | Avg Score: 13748.48 | Success Rate: 0.12 | Max tile: 2048 (stage 1)
{1: <__main__.NTupleApproximator object at 0x7fa71bb7b940>}
Episode 18000/100000 | Avg Score: 14969.36 | Success Rate: 0.12 | Max tile: 2048 (stage 1)
{1: <__main__.NTupleApproximator object at 0x7fa71bb7b940>}
Episode 18100/100000 | Avg Score: 14429.68 | Success Rate: 0.09 | Max tile: 2048 (stage 1)
{1: <__main__.NTupleApproximator object at 0x7fa71bb7b940>}
Episode 18200/100000 | Avg Score: 13572.04 | Success Rate: 0.08 | Max tile: 2048 (stage 1)
{1: <__main__.NTupleApproximator object at 0x7fa71bb7b940>}
Episode 18300/100000 | Avg Score: 13640.88 | Success Rate: 0.09 | Max tile: 2048 (stage 1)
{1: <__main__.NTupleApproximator object at 0x7fa71bb7b940>}
Episode 18400/100000 | Avg Score: 15566.04 | Success Rate: 0.13 | Max tile: 2048 (stage 1)
{1: <__main__.NTupleApproximator object at 0x7fa71bb7b940>}
Episode 18500/100000 | Avg Score: 14854.52 | Success Rate: 0.14 | Max tile: 2048 (stage 1)
{1: <__main__.NTupleApproximator object at 0x7fa71bb7b940>}
Episode 18600/100000 | Avg Score: 13420.84 | Success Rate: 0.09 | Max tile: 2048 (stage 1)
{1: <__main__.NTupleApproximator object at 0x7fa71bb7b940>}
Episode 18700/100000 | Avg Score: 13454.92 | Success Rate: 0.08 | Max tile: 2048 (stage 1)
{1: <__main__.NTupleApproximator object at 0x7fa71bb7b940>}
Episode 18800/100000 | Avg Score: 14284.88 | Success Rate: 0.10 | Max tile: 2048 (stage 1)
{1: <__main__.NTupleApproximator object at 0x7fa71bb7b940>}
Episode 18900/100000 | Avg Score: 15311.08 | Success Rate: 0.11 | Max tile: 2048 (stage 1)
{1: <__main__.NTupleApproximator object at 0x7fa71bb7b940>}
Episode 19000/100000 | Avg Score: 15277.40 | Success Rate: 0.17 | Max tile: 2048 (stage 1)
{1: <__main__.NTupleApproximator object at 0x7fa71bb7b940>}
Episode 19100/100000 | Avg Score: 14705.20 | Success Rate: 0.14 | Max tile: 2048 (stage 1)
{1: <__main__.NTupleApproximator object at 0x7fa71bb7b940>}
Episode 19200/100000 | Avg Score: 14671.04 | Success Rate: 0.07 | Max tile: 2048 (stage 1)
{1: <__main__.NTupleApproximator object at 0x7fa71bb7b940>}
Episode 19300/100000 | Avg Score: 15794.72 | Success Rate: 0.19 | Max tile: 2048 (stage 1)
{1: <__main__.NTupleApproximator object at 0x7fa71bb7b940>}
Episode 19400/100000 | Avg Score: 14220.52 | Success Rate: 0.07 | Max tile: 2048 (stage 1)
{1: <__main__.NTupleApproximator object at 0x7fa71bb7b940>}
Episode 19500/100000 | Avg Score: 13455.48 | Success Rate: 0.05 | Max tile: 2048 (stage 1)
{1: <__main__.NTupleApproximator object at 0x7fa71bb7b940>}
Episode 19600/100000 | Avg Score: 13535.52 | Success Rate: 0.07 | Max tile: 2048 (stage 1)
{1: <__main__.NTupleApproximator object at 0x7fa71bb7b940>}
Episode 19700/100000 | Avg Score: 14389.36 | Success Rate: 0.10 | Max tile: 2048 (stage 1)
{1: <__main__.NTupleApproximator object at 0x7fa71bb7b940>}
Episode 19800/100000 | Avg Score: 14625.48 | Success Rate: 0.12 | Max tile: 2048 (stage 1)
{1: <__main__.NTupleApproximator object at 0x7fa71bb7b940>}
Episode 19900/100000 | Avg Score: 14313.24 | Success Rate: 0.12 | Max tile: 2048 (stage 1)
{1: <__main__.NTupleApproximator object at 0x7fa71bb7b940>}
Episode 20000/100000 | Avg Score: 15038.72 | Success Rate: 0.19 | Max tile: 2048 (stage 1)
{1: <__main__.NTupleApproximator object at 0x7fa71bb7b940>}
Episode 20100/100000 | Avg Score: 14656.28 | Success Rate: 0.10 | Max tile: 2048 (stage 1)
{1: <__main__.NTupleApproximator object at 0x7fa71bb7b940>}
Episode 20200/100000 | Avg Score: 13374.92 | Success Rate: 0.05 | Max tile: 2048 (stage 1)
{1: <__main__.NTupleApproximator object at 0x7fa71bb7b940>}
Episode 20300/100000 | Avg Score: 15517.16 | Success Rate: 0.18 | Max tile: 2048 (stage 1)
{1: <__main__.NTupleApproximator object at 0x7fa71bb7b940>}
Episode 20400/100000 | Avg Score: 14836.48 | Success Rate: 0.15 | Max tile: 2048 (stage 1)
{1: <__main__.NTupleApproximator object at 0x7fa71bb7b940>}
Episode 20500/100000 | Avg Score: 14471.40 | Success Rate: 0.09 | Max tile: 2048 (stage 1)
{1: <__main__.NTupleApproximator object at 0x7fa71bb7b940>}
Episode 20600/100000 | Avg Score: 15323.04 | Success Rate: 0.16 | Max tile: 2048 (stage 1)
{1: <__main__.NTupleApproximator object at 0x7fa71bb7b940>}
Episode 20700/100000 | Avg Score: 14812.76 | Success Rate: 0.12 | Max tile: 2048 (stage 1)
{1: <__main__.NTupleApproximator object at 0x7fa71bb7b940>}
Episode 20800/100000 | Avg Score: 14429.08 | Success Rate: 0.13 | Max tile: 2048 (stage 1)
{1: <__main__.NTupleApproximator object at 0x7fa71bb7b940>}
Episode 20900/100000 | Avg Score: 14660.92 | Success Rate: 0.10 | Max tile: 2048 (stage 1)
{1: <__main__.NTupleApproximator object at 0x7fa71bb7b940>}
Episode 21000/100000 | Avg Score: 15230.84 | Success Rate: 0.09 | Max tile: 2048 (stage 1)
{1: <__main__.NTupleApproximator object at 0x7fa71bb7b940>}
Episode 21100/100000 | Avg Score: 15260.20 | Success Rate: 0.14 | Max tile: 2048 (stage 1)
{1: <__main__.NTupleApproximator object at 0x7fa71bb7b940>}
Episode 21200/100000 | Avg Score: 14807.24 | Success Rate: 0.12 | Max tile: 2048 (stage 1)
{1: <__main__.NTupleApproximator object at 0x7fa71bb7b940>}
Episode 21300/100000 | Avg Score: 14269.44 | Success Rate: 0.09 | Max tile: 2048 (stage 1)
{1: <__main__.NTupleApproximator object at 0x7fa71bb7b940>}
Episode 21400/100000 | Avg Score: 15033.20 | Success Rate: 0.18 | Max tile: 2048 (stage 1)
{1: <__main__.NTupleApproximator object at 0x7fa71bb7b940>}
Episode 21500/100000 | Avg Score: 15702.16 | Success Rate: 0.16 | Max tile: 2048 (stage 1)
{1: <__main__.NTupleApproximator object at 0x7fa71bb7b940>}
Episode 21600/100000 | Avg Score: 14972.08 | Success Rate: 0.17 | Max tile: 2048 (stage 1)
{1: <__main__.NTupleApproximator object at 0x7fa71bb7b940>}
Episode 21700/100000 | Avg Score: 15920.32 | Success Rate: 0.17 | Max tile: 4096 (stage 2)
{1: <__main__.NTupleApproximator object at 0x7fa71bb7b940>, 2: <__main__.NTupleApproximator object at 0x7fa6f0ece430>}
Episode 21800/100000 | Avg Score: 13909.24 | Success Rate: 0.10 | Max tile: 4096 (stage 2)
{1: <__main__.NTupleApproximator object at 0x7fa71bb7b940>, 2: <__main__.NTupleApproximator object at 0x7fa6f0ece430>}
Episode 21900/100000 | Avg Score: 15770.12 | Success Rate: 0.18 | Max tile: 4096 (stage 2)
{1: <__main__.NTupleApproximator object at 0x7fa71bb7b940>, 2: <__main__.NTupleApproximator object at 0x7fa6f0ece430>}
Episode 22000/100000 | Avg Score: 14952.48 | Success Rate: 0.13 | Max tile: 4096 (stage 2)
{1: <__main__.NTupleApproximator object at 0x7fa71bb7b940>, 2: <__main__.NTupleApproximator object at 0x7fa6f0ece430>}
Episode 22100/100000 | Avg Score: 15172.32 | Success Rate: 0.13 | Max tile: 4096 (stage 2)
{1: <__main__.NTupleApproximator object at 0x7fa71bb7b940>, 2: <__main__.NTupleApproximator object at 0x7fa6f0ece430>}
Episode 22200/100000 | Avg Score: 14536.64 | Success Rate: 0.17 | Max tile: 4096 (stage 2)
{1: <__main__.NTupleApproximator object at 0x7fa71bb7b940>, 2: <__main__.NTupleApproximator object at 0x7fa6f0ece430>}
Episode 22300/100000 | Avg Score: 15056.76 | Success Rate: 0.17 | Max tile: 4096 (stage 2)
{1: <__main__.NTupleApproximator object at 0x7fa71bb7b940>, 2: <__main__.NTupleApproximator object at 0x7fa6f0ece430>}
Episode 22400/100000 | Avg Score: 14572.04 | Success Rate: 0.10 | Max tile: 4096 (stage 2)
{1: <__main__.NTupleApproximator object at 0x7fa71bb7b940>, 2: <__main__.NTupleApproximator object at 0x7fa6f0ece430>}
Episode 22500/100000 | Avg Score: 14579.12 | Success Rate: 0.15 | Max tile: 4096 (stage 2)
{1: <__main__.NTupleApproximator object at 0x7fa71bb7b940>, 2: <__main__.NTupleApproximator object at 0x7fa6f0ece430>}
Episode 22600/100000 | Avg Score: 14268.24 | Success Rate: 0.09 | Max tile: 4096 (stage 2)
{1: <__main__.NTupleApproximator object at 0x7fa71bb7b940>, 2: <__main__.NTupleApproximator object at 0x7fa6f0ece430>}
Episode 22700/100000 | Avg Score: 14749.76 | Success Rate: 0.15 | Max tile: 4096 (stage 2)
{1: <__main__.NTupleApproximator object at 0x7fa71bb7b940>, 2: <__main__.NTupleApproximator object at 0x7fa6f0ece430>}
Episode 22800/100000 | Avg Score: 14608.52 | Success Rate: 0.11 | Max tile: 4096 (stage 2)
{1: <__main__.NTupleApproximator object at 0x7fa71bb7b940>, 2: <__main__.NTupleApproximator object at 0x7fa6f0ece430>}
Episode 22900/100000 | Avg Score: 14927.96 | Success Rate: 0.15 | Max tile: 4096 (stage 2)
{1: <__main__.NTupleApproximator object at 0x7fa71bb7b940>, 2: <__main__.NTupleApproximator object at 0x7fa6f0ece430>}
Episode 23000/100000 | Avg Score: 15578.44 | Success Rate: 0.15 | Max tile: 4096 (stage 2)
{1: <__main__.NTupleApproximator object at 0x7fa71bb7b940>, 2: <__main__.NTupleApproximator object at 0x7fa6f0ece430>}
Episode 23100/100000 | Avg Score: 14820.04 | Success Rate: 0.10 | Max tile: 4096 (stage 2)
{1: <__main__.NTupleApproximator object at 0x7fa71bb7b940>, 2: <__main__.NTupleApproximator object at 0x7fa6f0ece430>}
Episode 23200/100000 | Avg Score: 15487.68 | Success Rate: 0.16 | Max tile: 4096 (stage 2)
{1: <__main__.NTupleApproximator object at 0x7fa71bb7b940>, 2: <__main__.NTupleApproximator object at 0x7fa6f0ece430>}
Episode 23300/100000 | Avg Score: 13975.76 | Success Rate: 0.15 | Max tile: 4096 (stage 2)
{1: <__main__.NTupleApproximator object at 0x7fa71bb7b940>, 2: <__main__.NTupleApproximator object at 0x7fa6f0ece430>}
Episode 23400/100000 | Avg Score: 15760.20 | Success Rate: 0.16 | Max tile: 4096 (stage 2)
{1: <__main__.NTupleApproximator object at 0x7fa71bb7b940>, 2: <__main__.NTupleApproximator object at 0x7fa6f0ece430>}
Episode 23500/100000 | Avg Score: 15506.20 | Success Rate: 0.14 | Max tile: 4096 (stage 2)
{1: <__main__.NTupleApproximator object at 0x7fa71bb7b940>, 2: <__main__.NTupleApproximator object at 0x7fa6f0ece430>}
Episode 23600/100000 | Avg Score: 14078.84 | Success Rate: 0.07 | Max tile: 4096 (stage 2)
{1: <__main__.NTupleApproximator object at 0x7fa71bb7b940>, 2: <__main__.NTupleApproximator object at 0x7fa6f0ece430>}
Episode 23700/100000 | Avg Score: 13995.32 | Success Rate: 0.07 | Max tile: 4096 (stage 2)
{1: <__main__.NTupleApproximator object at 0x7fa71bb7b940>, 2: <__main__.NTupleApproximator object at 0x7fa6f0ece430>}
Episode 23800/100000 | Avg Score: 15340.80 | Success Rate: 0.19 | Max tile: 4096 (stage 2)
{1: <__main__.NTupleApproximator object at 0x7fa71bb7b940>, 2: <__main__.NTupleApproximator object at 0x7fa6f0ece430>}
Episode 23900/100000 | Avg Score: 15514.76 | Success Rate: 0.17 | Max tile: 4096 (stage 2)
{1: <__main__.NTupleApproximator object at 0x7fa71bb7b940>, 2: <__main__.NTupleApproximator object at 0x7fa6f0ece430>}
Episode 24000/100000 | Avg Score: 14015.96 | Success Rate: 0.10 | Max tile: 4096 (stage 2)
{1: <__main__.NTupleApproximator object at 0x7fa71bb7b940>, 2: <__main__.NTupleApproximator object at 0x7fa6f0ece430>}
Episode 24100/100000 | Avg Score: 15080.16 | Success Rate: 0.11 | Max tile: 4096 (stage 2)
{1: <__main__.NTupleApproximator object at 0x7fa71bb7b940>, 2: <__main__.NTupleApproximator object at 0x7fa6f0ece430>}
Episode 24200/100000 | Avg Score: 14057.56 | Success Rate: 0.11 | Max tile: 4096 (stage 2)
{1: <__main__.NTupleApproximator object at 0x7fa71bb7b940>, 2: <__main__.NTupleApproximator object at 0x7fa6f0ece430>}
Episode 24300/100000 | Avg Score: 16147.48 | Success Rate: 0.15 | Max tile: 4096 (stage 2)
{1: <__main__.NTupleApproximator object at 0x7fa71bb7b940>, 2: <__main__.NTupleApproximator object at 0x7fa6f0ece430>}
Episode 24400/100000 | Avg Score: 14915.56 | Success Rate: 0.10 | Max tile: 4096 (stage 2)
{1: <__main__.NTupleApproximator object at 0x7fa71bb7b940>, 2: <__main__.NTupleApproximator object at 0x7fa6f0ece430>}
Episode 24500/100000 | Avg Score: 14859.80 | Success Rate: 0.16 | Max tile: 4096 (stage 2)
{1: <__main__.NTupleApproximator object at 0x7fa71bb7b940>, 2: <__main__.NTupleApproximator object at 0x7fa6f0ece430>}
Episode 24600/100000 | Avg Score: 14522.08 | Success Rate: 0.13 | Max tile: 4096 (stage 2)
{1: <__main__.NTupleApproximator object at 0x7fa71bb7b940>, 2: <__main__.NTupleApproximator object at 0x7fa6f0ece430>}
Episode 24700/100000 | Avg Score: 15806.88 | Success Rate: 0.18 | Max tile: 4096 (stage 2)
{1: <__main__.NTupleApproximator object at 0x7fa71bb7b940>, 2: <__main__.NTupleApproximator object at 0x7fa6f0ece430>}
Episode 24800/100000 | Avg Score: 14595.00 | Success Rate: 0.07 | Max tile: 4096 (stage 2)
{1: <__main__.NTupleApproximator object at 0x7fa71bb7b940>, 2: <__main__.NTupleApproximator object at 0x7fa6f0ece430>}
Episode 24900/100000 | Avg Score: 13953.24 | Success Rate: 0.09 | Max tile: 4096 (stage 2)
{1: <__main__.NTupleApproximator object at 0x7fa71bb7b940>, 2: <__main__.NTupleApproximator object at 0x7fa6f0ece430>}
Episode 25000/100000 | Avg Score: 14563.64 | Success Rate: 0.12 | Max tile: 4096 (stage 2)
{1: <__main__.NTupleApproximator object at 0x7fa71bb7b940>, 2: <__main__.NTupleApproximator object at 0x7fa6f0ece430>}
Episode 25100/100000 | Avg Score: 14111.76 | Success Rate: 0.09 | Max tile: 4096 (stage 2)
{1: <__main__.NTupleApproximator object at 0x7fa71bb7b940>, 2: <__main__.NTupleApproximator object at 0x7fa6f0ece430>}
Episode 25200/100000 | Avg Score: 14214.24 | Success Rate: 0.08 | Max tile: 4096 (stage 2)
{1: <__main__.NTupleApproximator object at 0x7fa71bb7b940>, 2: <__main__.NTupleApproximator object at 0x7fa6f0ece430>}
Episode 25300/100000 | Avg Score: 15053.60 | Success Rate: 0.11 | Max tile: 4096 (stage 2)
{1: <__main__.NTupleApproximator object at 0x7fa71bb7b940>, 2: <__main__.NTupleApproximator object at 0x7fa6f0ece430>}
Episode 25400/100000 | Avg Score: 13723.08 | Success Rate: 0.09 | Max tile: 4096 (stage 2)
{1: <__main__.NTupleApproximator object at 0x7fa71bb7b940>, 2: <__main__.NTupleApproximator object at 0x7fa6f0ece430>}
Episode 25500/100000 | Avg Score: 14324.56 | Success Rate: 0.12 | Max tile: 4096 (stage 2)
{1: <__main__.NTupleApproximator object at 0x7fa71bb7b940>, 2: <__main__.NTupleApproximator object at 0x7fa6f0ece430>}
Episode 25600/100000 | Avg Score: 14603.48 | Success Rate: 0.12 | Max tile: 4096 (stage 2)
{1: <__main__.NTupleApproximator object at 0x7fa71bb7b940>, 2: <__main__.NTupleApproximator object at 0x7fa6f0ece430>}
Episode 25700/100000 | Avg Score: 15185.88 | Success Rate: 0.14 | Max tile: 4096 (stage 2)
{1: <__main__.NTupleApproximator object at 0x7fa71bb7b940>, 2: <__main__.NTupleApproximator object at 0x7fa6f0ece430>}
Episode 25800/100000 | Avg Score: 14566.00 | Success Rate: 0.10 | Max tile: 4096 (stage 2)
{1: <__main__.NTupleApproximator object at 0x7fa71bb7b940>, 2: <__main__.NTupleApproximator object at 0x7fa6f0ece430>}
Episode 25900/100000 | Avg Score: 14464.88 | Success Rate: 0.10 | Max tile: 4096 (stage 2)
{1: <__main__.NTupleApproximator object at 0x7fa71bb7b940>, 2: <__main__.NTupleApproximator object at 0x7fa6f0ece430>}
Episode 26000/100000 | Avg Score: 14450.16 | Success Rate: 0.14 | Max tile: 4096 (stage 2)
{1: <__main__.NTupleApproximator object at 0x7fa71bb7b940>, 2: <__main__.NTupleApproximator object at 0x7fa6f0ece430>}
Episode 26100/100000 | Avg Score: 14615.40 | Success Rate: 0.10 | Max tile: 4096 (stage 2)
{1: <__main__.NTupleApproximator object at 0x7fa71bb7b940>, 2: <__main__.NTupleApproximator object at 0x7fa6f0ece430>}
Episode 26200/100000 | Avg Score: 14868.88 | Success Rate: 0.16 | Max tile: 4096 (stage 2)
{1: <__main__.NTupleApproximator object at 0x7fa71bb7b940>, 2: <__main__.NTupleApproximator object at 0x7fa6f0ece430>}
Episode 26300/100000 | Avg Score: 15580.08 | Success Rate: 0.16 | Max tile: 4096 (stage 2)
{1: <__main__.NTupleApproximator object at 0x7fa71bb7b940>, 2: <__main__.NTupleApproximator object at 0x7fa6f0ece430>}
Episode 26400/100000 | Avg Score: 15036.00 | Success Rate: 0.17 | Max tile: 4096 (stage 2)
{1: <__main__.NTupleApproximator object at 0x7fa71bb7b940>, 2: <__main__.NTupleApproximator object at 0x7fa6f0ece430>}
Episode 26500/100000 | Avg Score: 15592.96 | Success Rate: 0.15 | Max tile: 4096 (stage 2)
{1: <__main__.NTupleApproximator object at 0x7fa71bb7b940>, 2: <__main__.NTupleApproximator object at 0x7fa6f0ece430>}
Episode 26600/100000 | Avg Score: 14546.08 | Success Rate: 0.09 | Max tile: 4096 (stage 2)
{1: <__main__.NTupleApproximator object at 0x7fa71bb7b940>, 2: <__main__.NTupleApproximator object at 0x7fa6f0ece430>}
Episode 26700/100000 | Avg Score: 14711.52 | Success Rate: 0.16 | Max tile: 4096 (stage 2)
{1: <__main__.NTupleApproximator object at 0x7fa71bb7b940>, 2: <__main__.NTupleApproximator object at 0x7fa6f0ece430>}
Episode 26800/100000 | Avg Score: 14703.00 | Success Rate: 0.14 | Max tile: 4096 (stage 2)
{1: <__main__.NTupleApproximator object at 0x7fa71bb7b940>, 2: <__main__.NTupleApproximator object at 0x7fa6f0ece430>}
Episode 26900/100000 | Avg Score: 14819.80 | Success Rate: 0.13 | Max tile: 4096 (stage 2)
{1: <__main__.NTupleApproximator object at 0x7fa71bb7b940>, 2: <__main__.NTupleApproximator object at 0x7fa6f0ece430>}
Episode 27000/100000 | Avg Score: 15214.64 | Success Rate: 0.13 | Max tile: 4096 (stage 2)
{1: <__main__.NTupleApproximator object at 0x7fa71bb7b940>, 2: <__main__.NTupleApproximator object at 0x7fa6f0ece430>}
Episode 27100/100000 | Avg Score: 15798.32 | Success Rate: 0.17 | Max tile: 4096 (stage 2)
{1: <__main__.NTupleApproximator object at 0x7fa71bb7b940>, 2: <__main__.NTupleApproximator object at 0x7fa6f0ece430>}
Episode 27200/100000 | Avg Score: 15390.76 | Success Rate: 0.15 | Max tile: 4096 (stage 2)
{1: <__main__.NTupleApproximator object at 0x7fa71bb7b940>, 2: <__main__.NTupleApproximator object at 0x7fa6f0ece430>}
Episode 27300/100000 | Avg Score: 13433.24 | Success Rate: 0.13 | Max tile: 4096 (stage 2)
{1: <__main__.NTupleApproximator object at 0x7fa71bb7b940>, 2: <__main__.NTupleApproximator object at 0x7fa6f0ece430>}
Episode 27400/100000 | Avg Score: 15522.56 | Success Rate: 0.16 | Max tile: 4096 (stage 2)
{1: <__main__.NTupleApproximator object at 0x7fa71bb7b940>, 2: <__main__.NTupleApproximator object at 0x7fa6f0ece430>}
Episode 27500/100000 | Avg Score: 15882.16 | Success Rate: 0.17 | Max tile: 4096 (stage 2)
{1: <__main__.NTupleApproximator object at 0x7fa71bb7b940>, 2: <__main__.NTupleApproximator object at 0x7fa6f0ece430>}
Episode 27600/100000 | Avg Score: 14664.00 | Success Rate: 0.12 | Max tile: 4096 (stage 2)
{1: <__main__.NTupleApproximator object at 0x7fa71bb7b940>, 2: <__main__.NTupleApproximator object at 0x7fa6f0ece430>}
Episode 27700/100000 | Avg Score: 14343.68 | Success Rate: 0.09 | Max tile: 4096 (stage 2)
{1: <__main__.NTupleApproximator object at 0x7fa71bb7b940>, 2: <__main__.NTupleApproximator object at 0x7fa6f0ece430>}
Episode 27800/100000 | Avg Score: 15738.72 | Success Rate: 0.17 | Max tile: 4096 (stage 2)
{1: <__main__.NTupleApproximator object at 0x7fa71bb7b940>, 2: <__main__.NTupleApproximator object at 0x7fa6f0ece430>}
Episode 27900/100000 | Avg Score: 15928.36 | Success Rate: 0.20 | Max tile: 4096 (stage 2)
{1: <__main__.NTupleApproximator object at 0x7fa71bb7b940>, 2: <__main__.NTupleApproximator object at 0x7fa6f0ece430>}
Episode 28000/100000 | Avg Score: 15216.04 | Success Rate: 0.12 | Max tile: 4096 (stage 2)
{1: <__main__.NTupleApproximator object at 0x7fa71bb7b940>, 2: <__main__.NTupleApproximator object at 0x7fa6f0ece430>}
Episode 28100/100000 | Avg Score: 15275.68 | Success Rate: 0.09 | Max tile: 4096 (stage 2)
{1: <__main__.NTupleApproximator object at 0x7fa71bb7b940>, 2: <__main__.NTupleApproximator object at 0x7fa6f0ece430>}
Episode 28200/100000 | Avg Score: 14827.16 | Success Rate: 0.17 | Max tile: 4096 (stage 2)
{1: <__main__.NTupleApproximator object at 0x7fa71bb7b940>, 2: <__main__.NTupleApproximator object at 0x7fa6f0ece430>}
Episode 28300/100000 | Avg Score: 15632.08 | Success Rate: 0.16 | Max tile: 4096 (stage 2)
{1: <__main__.NTupleApproximator object at 0x7fa71bb7b940>, 2: <__main__.NTupleApproximator object at 0x7fa6f0ece430>}
Episode 28400/100000 | Avg Score: 15695.76 | Success Rate: 0.13 | Max tile: 4096 (stage 2)
{1: <__main__.NTupleApproximator object at 0x7fa71bb7b940>, 2: <__main__.NTupleApproximator object at 0x7fa6f0ece430>}
Episode 28500/100000 | Avg Score: 15503.60 | Success Rate: 0.17 | Max tile: 4096 (stage 2)
{1: <__main__.NTupleApproximator object at 0x7fa71bb7b940>, 2: <__main__.NTupleApproximator object at 0x7fa6f0ece430>}
Episode 28600/100000 | Avg Score: 13284.56 | Success Rate: 0.05 | Max tile: 4096 (stage 2)
{1: <__main__.NTupleApproximator object at 0x7fa71bb7b940>, 2: <__main__.NTupleApproximator object at 0x7fa6f0ece430>}
Episode 28700/100000 | Avg Score: 13874.64 | Success Rate: 0.14 | Max tile: 4096 (stage 2)
{1: <__main__.NTupleApproximator object at 0x7fa71bb7b940>, 2: <__main__.NTupleApproximator object at 0x7fa6f0ece430>}
Episode 28800/100000 | Avg Score: 15044.64 | Success Rate: 0.15 | Max tile: 4096 (stage 2)
{1: <__main__.NTupleApproximator object at 0x7fa71bb7b940>, 2: <__main__.NTupleApproximator object at 0x7fa6f0ece430>}
Episode 28900/100000 | Avg Score: 15499.44 | Success Rate: 0.21 | Max tile: 4096 (stage 2)
{1: <__main__.NTupleApproximator object at 0x7fa71bb7b940>, 2: <__main__.NTupleApproximator object at 0x7fa6f0ece430>}
Episode 29000/100000 | Avg Score: 13875.08 | Success Rate: 0.07 | Max tile: 4096 (stage 2)
{1: <__main__.NTupleApproximator object at 0x7fa71bb7b940>, 2: <__main__.NTupleApproximator object at 0x7fa6f0ece430>}
Episode 29100/100000 | Avg Score: 14011.84 | Success Rate: 0.12 | Max tile: 4096 (stage 2)
{1: <__main__.NTupleApproximator object at 0x7fa71bb7b940>, 2: <__main__.NTupleApproximator object at 0x7fa6f0ece430>}
Episode 29200/100000 | Avg Score: 13889.68 | Success Rate: 0.08 | Max tile: 4096 (stage 2)
{1: <__main__.NTupleApproximator object at 0x7fa71bb7b940>, 2: <__main__.NTupleApproximator object at 0x7fa6f0ece430>}
Episode 29300/100000 | Avg Score: 15286.04 | Success Rate: 0.15 | Max tile: 4096 (stage 2)
{1: <__main__.NTupleApproximator object at 0x7fa71bb7b940>, 2: <__main__.NTupleApproximator object at 0x7fa6f0ece430>}
Episode 29400/100000 | Avg Score: 14373.28 | Success Rate: 0.10 | Max tile: 4096 (stage 2)
{1: <__main__.NTupleApproximator object at 0x7fa71bb7b940>, 2: <__main__.NTupleApproximator object at 0x7fa6f0ece430>}
Episode 29500/100000 | Avg Score: 15653.72 | Success Rate: 0.15 | Max tile: 4096 (stage 2)
{1: <__main__.NTupleApproximator object at 0x7fa71bb7b940>, 2: <__main__.NTupleApproximator object at 0x7fa6f0ece430>}
Episode 29600/100000 | Avg Score: 15239.48 | Success Rate: 0.13 | Max tile: 4096 (stage 2)
{1: <__main__.NTupleApproximator object at 0x7fa71bb7b940>, 2: <__main__.NTupleApproximator object at 0x7fa6f0ece430>}
Episode 29700/100000 | Avg Score: 14706.40 | Success Rate: 0.17 | Max tile: 4096 (stage 2)
{1: <__main__.NTupleApproximator object at 0x7fa71bb7b940>, 2: <__main__.NTupleApproximator object at 0x7fa6f0ece430>}
Episode 29800/100000 | Avg Score: 15233.24 | Success Rate: 0.18 | Max tile: 4096 (stage 2)
{1: <__main__.NTupleApproximator object at 0x7fa71bb7b940>, 2: <__main__.NTupleApproximator object at 0x7fa6f0ece430>}
Episode 29900/100000 | Avg Score: 13891.48 | Success Rate: 0.12 | Max tile: 4096 (stage 2)
{1: <__main__.NTupleApproximator object at 0x7fa71bb7b940>, 2: <__main__.NTupleApproximator object at 0x7fa6f0ece430>}
Episode 30000/100000 | Avg Score: 14085.88 | Success Rate: 0.10 | Max tile: 4096 (stage 2)
{1: <__main__.NTupleApproximator object at 0x7fa71bb7b940>, 2: <__main__.NTupleApproximator object at 0x7fa6f0ece430>}
Episode 30100/100000 | Avg Score: 14651.00 | Success Rate: 0.11 | Max tile: 4096 (stage 2)
{1: <__main__.NTupleApproximator object at 0x7fa71bb7b940>, 2: <__main__.NTupleApproximator object at 0x7fa6f0ece430>}
Episode 30200/100000 | Avg Score: 14999.24 | Success Rate: 0.14 | Max tile: 4096 (stage 2)
{1: <__main__.NTupleApproximator object at 0x7fa71bb7b940>, 2: <__main__.NTupleApproximator object at 0x7fa6f0ece430>}
Episode 30300/100000 | Avg Score: 14270.24 | Success Rate: 0.10 | Max tile: 4096 (stage 2)
{1: <__main__.NTupleApproximator object at 0x7fa71bb7b940>, 2: <__main__.NTupleApproximator object at 0x7fa6f0ece430>}
Episode 30400/100000 | Avg Score: 15041.80 | Success Rate: 0.16 | Max tile: 4096 (stage 2)
{1: <__main__.NTupleApproximator object at 0x7fa71bb7b940>, 2: <__main__.NTupleApproximator object at 0x7fa6f0ece430>}
Episode 30500/100000 | Avg Score: 14906.64 | Success Rate: 0.11 | Max tile: 4096 (stage 2)
{1: <__main__.NTupleApproximator object at 0x7fa71bb7b940>, 2: <__main__.NTupleApproximator object at 0x7fa6f0ece430>}
Episode 30600/100000 | Avg Score: 16290.92 | Success Rate: 0.21 | Max tile: 4096 (stage 2)
{1: <__main__.NTupleApproximator object at 0x7fa71bb7b940>, 2: <__main__.NTupleApproximator object at 0x7fa6f0ece430>}
Episode 30700/100000 | Avg Score: 14152.40 | Success Rate: 0.14 | Max tile: 4096 (stage 2)
{1: <__main__.NTupleApproximator object at 0x7fa71bb7b940>, 2: <__main__.NTupleApproximator object at 0x7fa6f0ece430>}
Episode 30800/100000 | Avg Score: 14409.84 | Success Rate: 0.12 | Max tile: 4096 (stage 2)
{1: <__main__.NTupleApproximator object at 0x7fa71bb7b940>, 2: <__main__.NTupleApproximator object at 0x7fa6f0ece430>}
Episode 30900/100000 | Avg Score: 14443.88 | Success Rate: 0.12 | Max tile: 4096 (stage 2)
{1: <__main__.NTupleApproximator object at 0x7fa71bb7b940>, 2: <__main__.NTupleApproximator object at 0x7fa6f0ece430>}
Episode 31000/100000 | Avg Score: 14641.04 | Success Rate: 0.17 | Max tile: 4096 (stage 2)
{1: <__main__.NTupleApproximator object at 0x7fa71bb7b940>, 2: <__main__.NTupleApproximator object at 0x7fa6f0ece430>}
Episode 31100/100000 | Avg Score: 14426.52 | Success Rate: 0.09 | Max tile: 4096 (stage 2)
{1: <__main__.NTupleApproximator object at 0x7fa71bb7b940>, 2: <__main__.NTupleApproximator object at 0x7fa6f0ece430>}
Episode 31200/100000 | Avg Score: 14151.12 | Success Rate: 0.11 | Max tile: 4096 (stage 2)
{1: <__main__.NTupleApproximator object at 0x7fa71bb7b940>, 2: <__main__.NTupleApproximator object at 0x7fa6f0ece430>}
Episode 31300/100000 | Avg Score: 14235.20 | Success Rate: 0.10 | Max tile: 4096 (stage 2)
{1: <__main__.NTupleApproximator object at 0x7fa71bb7b940>, 2: <__main__.NTupleApproximator object at 0x7fa6f0ece430>}
  File "q1_multistage.py", line 203
    if abs(moving_avg - avg_score)
                                 ^
SyntaxError: invalid syntax
Traceback (most recent call last):
  File "q1_multistage.py", line 11, in <module>
    from libenv2048.env2048compiled import Game2048Env
ModuleNotFoundError: No module named 'libenv2048.env2048compiled'
Episode 31400/100000 | Avg Score: 16103.19 | Success Rate: 0.18 | Max tile: 2048 (stage 1)
{1: <__main__.NTupleApproximator object at 0x7f80cb434dc0>}
Episode 31500/100000 | Avg Score: 15565.32 | Success Rate: 0.18 | Max tile: 2048 (stage 1)
{1: <__main__.NTupleApproximator object at 0x7f80cb434dc0>}
Episode 31600/100000 | Avg Score: 14566.72 | Success Rate: 0.11 | Max tile: 2048 (stage 1)
{1: <__main__.NTupleApproximator object at 0x7f80cb434dc0>}
Episode 31700/100000 | Avg Score: 14617.88 | Success Rate: 0.14 | Max tile: 2048 (stage 1)
{1: <__main__.NTupleApproximator object at 0x7f80cb434dc0>}
Episode 31800/100000 | Avg Score: 15196.28 | Success Rate: 0.14 | Max tile: 2048 (stage 1)
{1: <__main__.NTupleApproximator object at 0x7f80cb434dc0>}
Episode 31900/100000 | Avg Score: 15491.16 | Success Rate: 0.20 | Max tile: 2048 (stage 1)
{1: <__main__.NTupleApproximator object at 0x7f80cb434dc0>}
Episode 32000/100000 | Avg Score: 14335.92 | Success Rate: 0.08 | Max tile: 2048 (stage 1)
{1: <__main__.NTupleApproximator object at 0x7f80cb434dc0>}
Episode 32100/100000 | Avg Score: 15489.64 | Success Rate: 0.14 | Max tile: 2048 (stage 1)
{1: <__main__.NTupleApproximator object at 0x7f80cb434dc0>}
Episode 32200/100000 | Avg Score: 15329.52 | Success Rate: 0.10 | Max tile: 2048 (stage 1)
{1: <__main__.NTupleApproximator object at 0x7f80cb434dc0>}
